producer_class	xtools.gsea.GseaPreranked
producer_timestamp	1697132971266
param	rnd_seed	timestamp
param	rpt_label	hypmk_x14
param	set_min	15
param	chip	ftp.broadinstitute.org://pub/gsea/msigdb/human/annotations/Human_Gene_Symbol_with_Remapping_MSigDB.v2023.1.Hs.chip
param	zip_report	false
param	create_svgs	false
param	scoring_scheme	weighted
param	rnk	/Users/bmulvey/Desktop/KM Lab/local_hthspatial/analysis/data/spe_053123/H08-GSEA, GO etc/04-Domain marker lfc for GSEA prerank input/X14.rnk
param	norm	meandiv
param	out	/Users/bmulvey/Desktop/x14
param	mode	Abs_max_of_probes
param	include_only_symbols	true
param	help	false
param	set_max	500
param	gmx	ftp.broadinstitute.org://pub/gsea/msigdb/human/gene_sets/h.all.v2023.1.Hs.symbols.gmt,ftp.broadinstitute.org://pub/gsea/msigdb/human/gene_sets/c1.all.v2023.1.Hs.symbols.gmt,ftp.broadinstitute.org://pub/gsea/msigdb/human/gene_sets/c3.all.v2023.1.Hs.symbols.gmt,ftp.broadinstitute.org://pub/gsea/msigdb/human/gene_sets/c5.all.v2023.1.Hs.symbols.gmt,ftp.broadinstitute.org://pub/gsea/msigdb/human/gene_sets/c6.all.v2023.1.Hs.symbols.gmt,ftp.broadinstitute.org://pub/gsea/msigdb/human/gene_sets/c8.all.v2023.1.Hs.symbols.gmt
param	make_sets	true
param	plot_top_x	20
param	gui	false
param	nperm	1000
param	collapse	Collapse

file	/Users/bmulvey/Desktop/x14/hypmk_x14.GseaPreranked.1697132971266/index.html
