**** Job starts ****
Sun Oct 26 08:52:01 PM EDT 2025
*********************************************************************
* LD Score Regression (LDSC)
* Version 1.0.1
* (C) 2014-2019 Brendan Bulik-Sullivan and Hilary Finucane
* Broad Institute of MIT and Harvard / MIT Department of Mathematics
* GNU General Public License v3
*********************************************************************
Call: 
./ldsc.py \
--print-snps /dcs04/lieber/shared/statsgen/LDSC/base/referencefiles/hapmap3_snps/hm.19.snp \
--ld-wind-cm 1.0 \
--out ./out_OT2_sexDE/chr.19 \
--bfile /dcs04/lieber/shared/statsgen/LDSC/base/referencefiles/1000G_EUR_Phase3_plink/1000G.EUR.QC.19 \
--thin-annot  \
--annot ./out_OT2_sexDE/chr.19.annot.gz \
--l2  

Beginning analysis at Sun Oct 26 20:52:02 2025
Read list of 232363 SNPs from /dcs04/lieber/shared/statsgen/LDSC/base/referencefiles/1000G_EUR_Phase3_plink/1000G.EUR.QC.19.bim
Read 1 annotations for 232363 SNPs from ./out_OT2_sexDE/chr.19.annot.gz
Read list of 489 individuals from /dcs04/lieber/shared/statsgen/LDSC/base/referencefiles/1000G_EUR_Phase3_plink/1000G.EUR.QC.19.fam
Reading genotypes from /dcs04/lieber/shared/statsgen/LDSC/base/referencefiles/1000G_EUR_Phase3_plink/1000G.EUR.QC.19.bed
After filtering, 232363 SNPs remain
Estimating LD Score.
Reading list of 26259 SNPs for which to print LD Scores from /dcs04/lieber/shared/statsgen/LDSC/base/referencefiles/hapmap3_snps/hm.19.snp
After merging with --print-snps, LD Scores for 21991 SNPs will be printed.
Writing LD Scores for 21991 SNPs to ./out_OT2_sexDE/chr.19.l2.ldscore.gz

Summary of LD Scores in ./out_OT2_sexDE/chr.19.l2.ldscore.gz
         MAF        L2
mean  0.2369   11.4449
std   0.1428   25.0377
min   0.0051   -1.2379
25%   0.1125    0.0000
50%   0.2331    0.2586
75%   0.3569    6.5096
max   0.5000  155.5941

MAF/LD Score Correlation Matrix
        MAF      L2
MAF  1.0000  0.0423
L2   0.0423  1.0000

Annotation Correlation Matrix
       ANNOT
ANNOT    1.0

Annotation Matrix Column Sums
ANNOT    34196

Summary of Annotation Matrix Row Sums
count    232363.0000
mean          0.1472
std           0.3543
min           0.0000
25%           0.0000
50%           0.0000
75%           0.0000
max           1.0000
Analysis finished at Sun Oct 26 20:52:58 2025
Total time elapsed: 55.91s
*********************************************************************
* LD Score Regression (LDSC)
* Version 1.0.1
* (C) 2014-2019 Brendan Bulik-Sullivan and Hilary Finucane
* Broad Institute of MIT and Harvard / MIT Department of Mathematics
* GNU General Public License v3
*********************************************************************
Call: 
./ldsc.py \
--print-snps /dcs04/lieber/shared/statsgen/LDSC/base/referencefiles/hapmap3_snps/hm.20.snp \
--ld-wind-cm 1.0 \
--out ./out_OT2_sexDE/chr.20 \
--bfile /dcs04/lieber/shared/statsgen/LDSC/base/referencefiles/1000G_EUR_Phase3_plink/1000G.EUR.QC.20 \
--thin-annot  \
--annot ./out_OT2_sexDE/chr.20.annot.gz \
--l2  

Beginning analysis at Sun Oct 26 20:52:59 2025
Read list of 221626 SNPs from /dcs04/lieber/shared/statsgen/LDSC/base/referencefiles/1000G_EUR_Phase3_plink/1000G.EUR.QC.20.bim
Read 1 annotations for 221626 SNPs from ./out_OT2_sexDE/chr.20.annot.gz
Read list of 489 individuals from /dcs04/lieber/shared/statsgen/LDSC/base/referencefiles/1000G_EUR_Phase3_plink/1000G.EUR.QC.20.fam
Reading genotypes from /dcs04/lieber/shared/statsgen/LDSC/base/referencefiles/1000G_EUR_Phase3_plink/1000G.EUR.QC.20.bed
After filtering, 221626 SNPs remain
Estimating LD Score.
Reading list of 36301 SNPs for which to print LD Scores from /dcs04/lieber/shared/statsgen/LDSC/base/referencefiles/hapmap3_snps/hm.20.snp
After merging with --print-snps, LD Scores for 31359 SNPs will be printed.
Writing LD Scores for 31359 SNPs to ./out_OT2_sexDE/chr.20.l2.ldscore.gz

Summary of LD Scores in ./out_OT2_sexDE/chr.20.l2.ldscore.gz
         MAF        L2
mean  0.2336    7.3159
std   0.1437   23.0729
min   0.0051   -1.1090
25%   0.1063    0.0000
50%   0.2219    0.0000
75%   0.3569    0.9541
max   0.5000  227.5960

MAF/LD Score Correlation Matrix
       MAF     L2
MAF  1.000  0.078
L2   0.078  1.000

Annotation Correlation Matrix
       ANNOT
ANNOT    1.0

Annotation Matrix Column Sums
ANNOT    18839

Summary of Annotation Matrix Row Sums
count    221626.0000
mean          0.0850
std           0.2789
min           0.0000
25%           0.0000
50%           0.0000
75%           0.0000
max           1.0000
Analysis finished at Sun Oct 26 20:53:43 2025
Total time elapsed: 44.41s
*********************************************************************
* LD Score Regression (LDSC)
* Version 1.0.1
* (C) 2014-2019 Brendan Bulik-Sullivan and Hilary Finucane
* Broad Institute of MIT and Harvard / MIT Department of Mathematics
* GNU General Public License v3
*********************************************************************
Call: 
./ldsc.py \
--print-snps /dcs04/lieber/shared/statsgen/LDSC/base/referencefiles/hapmap3_snps/hm.21.snp \
--ld-wind-cm 1.0 \
--out ./out_OT2_sexDE/chr.21 \
--bfile /dcs04/lieber/shared/statsgen/LDSC/base/referencefiles/1000G_EUR_Phase3_plink/1000G.EUR.QC.21 \
--thin-annot  \
--annot ./out_OT2_sexDE/chr.21.annot.gz \
--l2  

Beginning analysis at Sun Oct 26 20:53:44 2025
Read list of 138712 SNPs from /dcs04/lieber/shared/statsgen/LDSC/base/referencefiles/1000G_EUR_Phase3_plink/1000G.EUR.QC.21.bim
Read 1 annotations for 138712 SNPs from ./out_OT2_sexDE/chr.21.annot.gz
Read list of 489 individuals from /dcs04/lieber/shared/statsgen/LDSC/base/referencefiles/1000G_EUR_Phase3_plink/1000G.EUR.QC.21.fam
Reading genotypes from /dcs04/lieber/shared/statsgen/LDSC/base/referencefiles/1000G_EUR_Phase3_plink/1000G.EUR.QC.21.bed
After filtering, 138712 SNPs remain
Estimating LD Score.
Reading list of 19331 SNPs for which to print LD Scores from /dcs04/lieber/shared/statsgen/LDSC/base/referencefiles/hapmap3_snps/hm.21.snp
After merging with --print-snps, LD Scores for 16993 SNPs will be printed.
Writing LD Scores for 16993 SNPs to ./out_OT2_sexDE/chr.21.l2.ldscore.gz

Summary of LD Scores in ./out_OT2_sexDE/chr.21.l2.ldscore.gz
         MAF        L2
mean  0.2398    5.5197
std   0.1429   19.5384
min   0.0051   -1.1931
25%   0.1155    0.0000
50%   0.2290    0.0000
75%   0.3640    0.0000
max   0.5000  187.9521

MAF/LD Score Correlation Matrix
        MAF      L2
MAF  1.0000  0.0309
L2   0.0309  1.0000

Annotation Correlation Matrix
       ANNOT
ANNOT    1.0

Annotation Matrix Column Sums
ANNOT    6823

Summary of Annotation Matrix Row Sums
count    138712.0000
mean          0.0492
std           0.2163
min           0.0000
25%           0.0000
50%           0.0000
75%           0.0000
max           1.0000
Analysis finished at Sun Oct 26 20:54:09 2025
Total time elapsed: 25.05s
*********************************************************************
* LD Score Regression (LDSC)
* Version 1.0.1
* (C) 2014-2019 Brendan Bulik-Sullivan and Hilary Finucane
* Broad Institute of MIT and Harvard / MIT Department of Mathematics
* GNU General Public License v3
*********************************************************************
Call: 
./ldsc.py \
--print-snps /dcs04/lieber/shared/statsgen/LDSC/base/referencefiles/hapmap3_snps/hm.22.snp \
--ld-wind-cm 1.0 \
--out ./out_OT2_sexDE/chr.22 \
--bfile /dcs04/lieber/shared/statsgen/LDSC/base/referencefiles/1000G_EUR_Phase3_plink/1000G.EUR.QC.22 \
--thin-annot  \
--annot ./out_OT2_sexDE/chr.22.annot.gz \
--l2  

Beginning analysis at Sun Oct 26 20:54:09 2025
Read list of 141123 SNPs from /dcs04/lieber/shared/statsgen/LDSC/base/referencefiles/1000G_EUR_Phase3_plink/1000G.EUR.QC.22.bim
Read 1 annotations for 141123 SNPs from ./out_OT2_sexDE/chr.22.annot.gz
Read list of 489 individuals from /dcs04/lieber/shared/statsgen/LDSC/base/referencefiles/1000G_EUR_Phase3_plink/1000G.EUR.QC.22.fam
Reading genotypes from /dcs04/lieber/shared/statsgen/LDSC/base/referencefiles/1000G_EUR_Phase3_plink/1000G.EUR.QC.22.bed
After filtering, 141123 SNPs remain
Estimating LD Score.
Reading list of 20106 SNPs for which to print LD Scores from /dcs04/lieber/shared/statsgen/LDSC/base/referencefiles/hapmap3_snps/hm.22.snp
After merging with --print-snps, LD Scores for 17261 SNPs will be printed.
Writing LD Scores for 17261 SNPs to ./out_OT2_sexDE/chr.22.l2.ldscore.gz

Summary of LD Scores in ./out_OT2_sexDE/chr.22.l2.ldscore.gz
         MAF        L2
mean  0.2359   14.0208
std   0.1442   40.8338
min   0.0051   -1.8716
25%   0.1084    0.0000
50%   0.2280    0.0000
75%   0.3579    4.9987
max   0.5000  337.4832

MAF/LD Score Correlation Matrix
        MAF      L2
MAF  1.0000  0.0811
L2   0.0811  1.0000

Annotation Correlation Matrix
       ANNOT
ANNOT    1.0

Annotation Matrix Column Sums
ANNOT    16178

Summary of Annotation Matrix Row Sums
count    141123.0000
mean          0.1146
std           0.3186
min           0.0000
25%           0.0000
50%           0.0000
75%           0.0000
max           1.0000
Analysis finished at Sun Oct 26 20:54:43 2025
Total time elapsed: 33.64s
*********************************************************************
* LD Score Regression (LDSC)
* Version 1.0.1
* (C) 2014-2019 Brendan Bulik-Sullivan and Hilary Finucane
* Broad Institute of MIT and Harvard / MIT Department of Mathematics
* GNU General Public License v3
*********************************************************************
Call: 
./ldsc.py \
--print-snps /dcs04/lieber/shared/statsgen/LDSC/base/referencefiles/hapmap3_snps/hm.1.snp \
--ld-wind-cm 1.0 \
--out ./out_vVMH_sexDE/chr.1 \
--bfile /dcs04/lieber/shared/statsgen/LDSC/base/referencefiles/1000G_EUR_Phase3_plink/1000G.EUR.QC.1 \
--thin-annot  \
--annot ./out_vVMH_sexDE/chr.1.annot.gz \
--l2  

Beginning analysis at Sun Oct 26 20:54:44 2025
Read list of 779354 SNPs from /dcs04/lieber/shared/statsgen/LDSC/base/referencefiles/1000G_EUR_Phase3_plink/1000G.EUR.QC.1.bim
Read 1 annotations for 779354 SNPs from ./out_vVMH_sexDE/chr.1.annot.gz
Read list of 489 individuals from /dcs04/lieber/shared/statsgen/LDSC/base/referencefiles/1000G_EUR_Phase3_plink/1000G.EUR.QC.1.fam
Reading genotypes from /dcs04/lieber/shared/statsgen/LDSC/base/referencefiles/1000G_EUR_Phase3_plink/1000G.EUR.QC.1.bed
After filtering, 779354 SNPs remain
Estimating LD Score.
Reading list of 116564 SNPs for which to print LD Scores from /dcs04/lieber/shared/statsgen/LDSC/base/referencefiles/hapmap3_snps/hm.1.snp
After merging with --print-snps, LD Scores for 98690 SNPs will be printed.
Writing LD Scores for 98690 SNPs to ./out_vVMH_sexDE/chr.1.l2.ldscore.gz

Summary of LD Scores in ./out_vVMH_sexDE/chr.1.l2.ldscore.gz
         MAF   L2
mean  0.2329  0.0
std   0.1442  0.0
min   0.0051  0.0
25%   0.1056  0.0
50%   0.2219  0.0
75%   0.3548  0.0
max   0.5000  0.0

MAF/LD Score Correlation Matrix
     MAF  L2
MAF  1.0 NaN
L2   NaN NaN

Annotation Correlation Matrix
       ANNOT
ANNOT    NaN

Annotation Matrix Column Sums
ANNOT    0

Summary of Annotation Matrix Row Sums
count    779354.0
mean          0.0
std           0.0
min           0.0
25%           0.0
50%           0.0
75%           0.0
max           0.0
Analysis finished at Sun Oct 26 20:56:54 2025
Total time elapsed: 2.0m:9.98s
*********************************************************************
* LD Score Regression (LDSC)
* Version 1.0.1
* (C) 2014-2019 Brendan Bulik-Sullivan and Hilary Finucane
* Broad Institute of MIT and Harvard / MIT Department of Mathematics
* GNU General Public License v3
*********************************************************************
Call: 
./ldsc.py \
--print-snps /dcs04/lieber/shared/statsgen/LDSC/base/referencefiles/hapmap3_snps/hm.2.snp \
--ld-wind-cm 1.0 \
--out ./out_vVMH_sexDE/chr.2 \
--bfile /dcs04/lieber/shared/statsgen/LDSC/base/referencefiles/1000G_EUR_Phase3_plink/1000G.EUR.QC.2 \
--thin-annot  \
--annot ./out_vVMH_sexDE/chr.2.annot.gz \
--l2  

Beginning analysis at Sun Oct 26 20:56:54 2025
Read list of 839590 SNPs from /dcs04/lieber/shared/statsgen/LDSC/base/referencefiles/1000G_EUR_Phase3_plink/1000G.EUR.QC.2.bim
Read 1 annotations for 839590 SNPs from ./out_vVMH_sexDE/chr.2.annot.gz
Read list of 489 individuals from /dcs04/lieber/shared/statsgen/LDSC/base/referencefiles/1000G_EUR_Phase3_plink/1000G.EUR.QC.2.fam
Reading genotypes from /dcs04/lieber/shared/statsgen/LDSC/base/referencefiles/1000G_EUR_Phase3_plink/1000G.EUR.QC.2.bed
After filtering, 839590 SNPs remain
Estimating LD Score.
Reading list of 116575 SNPs for which to print LD Scores from /dcs04/lieber/shared/statsgen/LDSC/base/referencefiles/hapmap3_snps/hm.2.snp
After merging with --print-snps, LD Scores for 100038 SNPs will be printed.
Writing LD Scores for 100038 SNPs to ./out_vVMH_sexDE/chr.2.l2.ldscore.gz

Summary of LD Scores in ./out_vVMH_sexDE/chr.2.l2.ldscore.gz
         MAF   L2
mean  0.2371  0.0
std   0.1439  0.0
min   0.0051  0.0
25%   0.1115  0.0
50%   0.2280  0.0
75%   0.3609  0.0
max   0.5000  0.0

MAF/LD Score Correlation Matrix
     MAF  L2
MAF  1.0 NaN
L2   NaN NaN

Annotation Correlation Matrix
       ANNOT
ANNOT    NaN

Annotation Matrix Column Sums
ANNOT    0

Summary of Annotation Matrix Row Sums
count    839590.0
mean          0.0
std           0.0
min           0.0
25%           0.0
50%           0.0
75%           0.0
max           0.0
Analysis finished at Sun Oct 26 20:59:19 2025
Total time elapsed: 2.0m:24.75s
*********************************************************************
* LD Score Regression (LDSC)
* Version 1.0.1
* (C) 2014-2019 Brendan Bulik-Sullivan and Hilary Finucane
* Broad Institute of MIT and Harvard / MIT Department of Mathematics
* GNU General Public License v3
*********************************************************************
Call: 
./ldsc.py \
--print-snps /dcs04/lieber/shared/statsgen/LDSC/base/referencefiles/hapmap3_snps/hm.3.snp \
--ld-wind-cm 1.0 \
--out ./out_vVMH_sexDE/chr.3 \
--bfile /dcs04/lieber/shared/statsgen/LDSC/base/referencefiles/1000G_EUR_Phase3_plink/1000G.EUR.QC.3 \
--thin-annot  \
--annot ./out_vVMH_sexDE/chr.3.annot.gz \
--l2  

Beginning analysis at Sun Oct 26 20:59:20 2025
Read list of 706350 SNPs from /dcs04/lieber/shared/statsgen/LDSC/base/referencefiles/1000G_EUR_Phase3_plink/1000G.EUR.QC.3.bim
Read 1 annotations for 706350 SNPs from ./out_vVMH_sexDE/chr.3.annot.gz
Read list of 489 individuals from /dcs04/lieber/shared/statsgen/LDSC/base/referencefiles/1000G_EUR_Phase3_plink/1000G.EUR.QC.3.fam
Reading genotypes from /dcs04/lieber/shared/statsgen/LDSC/base/referencefiles/1000G_EUR_Phase3_plink/1000G.EUR.QC.3.bed
After filtering, 706350 SNPs remain
Estimating LD Score.
Reading list of 96664 SNPs for which to print LD Scores from /dcs04/lieber/shared/statsgen/LDSC/base/referencefiles/hapmap3_snps/hm.3.snp
After merging with --print-snps, LD Scores for 83286 SNPs will be printed.
Writing LD Scores for 83286 SNPs to ./out_vVMH_sexDE/chr.3.l2.ldscore.gz

Summary of LD Scores in ./out_vVMH_sexDE/chr.3.l2.ldscore.gz
         MAF   L2
mean  0.2395  0.0
std   0.1436  0.0
min   0.0051  0.0
25%   0.1145  0.0
50%   0.2311  0.0
75%   0.3630  0.0
max   0.5000  0.0

MAF/LD Score Correlation Matrix
     MAF  L2
MAF  1.0 NaN
L2   NaN NaN

Annotation Correlation Matrix
       ANNOT
ANNOT    NaN

Annotation Matrix Column Sums
ANNOT    0

Summary of Annotation Matrix Row Sums
count    706350.0
mean          0.0
std           0.0
min           0.0
25%           0.0
50%           0.0
75%           0.0
max           0.0
Analysis finished at Sun Oct 26 21:01:34 2025
Total time elapsed: 2.0m:14.77s
*********************************************************************
* LD Score Regression (LDSC)
* Version 1.0.1
* (C) 2014-2019 Brendan Bulik-Sullivan and Hilary Finucane
* Broad Institute of MIT and Harvard / MIT Department of Mathematics
* GNU General Public License v3
*********************************************************************
Call: 
./ldsc.py \
--print-snps /dcs04/lieber/shared/statsgen/LDSC/base/referencefiles/hapmap3_snps/hm.4.snp \
--ld-wind-cm 1.0 \
--out ./out_vVMH_sexDE/chr.4 \
--bfile /dcs04/lieber/shared/statsgen/LDSC/base/referencefiles/1000G_EUR_Phase3_plink/1000G.EUR.QC.4 \
--thin-annot  \
--annot ./out_vVMH_sexDE/chr.4.annot.gz \
--l2  

Beginning analysis at Sun Oct 26 21:01:35 2025
Read list of 729645 SNPs from /dcs04/lieber/shared/statsgen/LDSC/base/referencefiles/1000G_EUR_Phase3_plink/1000G.EUR.QC.4.bim
Read 1 annotations for 729645 SNPs from ./out_vVMH_sexDE/chr.4.annot.gz
Read list of 489 individuals from /dcs04/lieber/shared/statsgen/LDSC/base/referencefiles/1000G_EUR_Phase3_plink/1000G.EUR.QC.4.fam
Reading genotypes from /dcs04/lieber/shared/statsgen/LDSC/base/referencefiles/1000G_EUR_Phase3_plink/1000G.EUR.QC.4.bed
After filtering, 729645 SNPs remain
Estimating LD Score.
Reading list of 85881 SNPs for which to print LD Scores from /dcs04/lieber/shared/statsgen/LDSC/base/referencefiles/hapmap3_snps/hm.4.snp
After merging with --print-snps, LD Scores for 74259 SNPs will be printed.
Writing LD Scores for 74259 SNPs to ./out_vVMH_sexDE/chr.4.l2.ldscore.gz

Summary of LD Scores in ./out_vVMH_sexDE/chr.4.l2.ldscore.gz
         MAF   L2
mean  0.2367  0.0
std   0.1431  0.0
min   0.0051  0.0
25%   0.1115  0.0
50%   0.2301  0.0
75%   0.3579  0.0
max   0.5000  0.0

MAF/LD Score Correlation Matrix
     MAF  L2
MAF  1.0 NaN
L2   NaN NaN

Annotation Correlation Matrix
       ANNOT
ANNOT    NaN

Annotation Matrix Column Sums
ANNOT    0

Summary of Annotation Matrix Row Sums
count    729645.0
mean          0.0
std           0.0
min           0.0
25%           0.0
50%           0.0
75%           0.0
max           0.0
Analysis finished at Sun Oct 26 21:03:52 2025
Total time elapsed: 2.0m:17.13s
*********************************************************************
* LD Score Regression (LDSC)
* Version 1.0.1
* (C) 2014-2019 Brendan Bulik-Sullivan and Hilary Finucane
* Broad Institute of MIT and Harvard / MIT Department of Mathematics
* GNU General Public License v3
*********************************************************************
Call: 
./ldsc.py \
--print-snps /dcs04/lieber/shared/statsgen/LDSC/base/referencefiles/hapmap3_snps/hm.5.snp \
--ld-wind-cm 1.0 \
--out ./out_vVMH_sexDE/chr.5 \
--bfile /dcs04/lieber/shared/statsgen/LDSC/base/referencefiles/1000G_EUR_Phase3_plink/1000G.EUR.QC.5 \
--thin-annot  \
--annot ./out_vVMH_sexDE/chr.5.annot.gz \
--l2  

Beginning analysis at Sun Oct 26 21:03:53 2025
Read list of 633015 SNPs from /dcs04/lieber/shared/statsgen/LDSC/base/referencefiles/1000G_EUR_Phase3_plink/1000G.EUR.QC.5.bim
Read 1 annotations for 633015 SNPs from ./out_vVMH_sexDE/chr.5.annot.gz
Read list of 489 individuals from /dcs04/lieber/shared/statsgen/LDSC/base/referencefiles/1000G_EUR_Phase3_plink/1000G.EUR.QC.5.fam
Reading genotypes from /dcs04/lieber/shared/statsgen/LDSC/base/referencefiles/1000G_EUR_Phase3_plink/1000G.EUR.QC.5.bed
After filtering, 633015 SNPs remain
Estimating LD Score.
Reading list of 88059 SNPs for which to print LD Scores from /dcs04/lieber/shared/statsgen/LDSC/base/referencefiles/hapmap3_snps/hm.5.snp
After merging with --print-snps, LD Scores for 74950 SNPs will be printed.
Writing LD Scores for 74950 SNPs to ./out_vVMH_sexDE/chr.5.l2.ldscore.gz

Summary of LD Scores in ./out_vVMH_sexDE/chr.5.l2.ldscore.gz
         MAF   L2
mean  0.2353  0.0
std   0.1428  0.0
min   0.0051  0.0
25%   0.1104  0.0
50%   0.2260  0.0
75%   0.3558  0.0
max   0.5000  0.0

MAF/LD Score Correlation Matrix
     MAF  L2
MAF  1.0 NaN
L2   NaN NaN

Annotation Correlation Matrix
       ANNOT
ANNOT    NaN

Annotation Matrix Column Sums
ANNOT    0

Summary of Annotation Matrix Row Sums
count    633015.0
mean          0.0
std           0.0
min           0.0
25%           0.0
50%           0.0
75%           0.0
max           0.0
Analysis finished at Sun Oct 26 21:05:58 2025
Total time elapsed: 2.0m:5.29s
*********************************************************************
* LD Score Regression (LDSC)
* Version 1.0.1
* (C) 2014-2019 Brendan Bulik-Sullivan and Hilary Finucane
* Broad Institute of MIT and Harvard / MIT Department of Mathematics
* GNU General Public License v3
*********************************************************************
Call: 
./ldsc.py \
--print-snps /dcs04/lieber/shared/statsgen/LDSC/base/referencefiles/hapmap3_snps/hm.6.snp \
--ld-wind-cm 1.0 \
--out ./out_vVMH_sexDE/chr.6 \
--bfile /dcs04/lieber/shared/statsgen/LDSC/base/referencefiles/1000G_EUR_Phase3_plink/1000G.EUR.QC.6 \
--thin-annot  \
--annot ./out_vVMH_sexDE/chr.6.annot.gz \
--l2  

Beginning analysis at Sun Oct 26 21:05:59 2025
Read list of 664016 SNPs from /dcs04/lieber/shared/statsgen/LDSC/base/referencefiles/1000G_EUR_Phase3_plink/1000G.EUR.QC.6.bim
Read 1 annotations for 664016 SNPs from ./out_vVMH_sexDE/chr.6.annot.gz
Read list of 489 individuals from /dcs04/lieber/shared/statsgen/LDSC/base/referencefiles/1000G_EUR_Phase3_plink/1000G.EUR.QC.6.fam
Reading genotypes from /dcs04/lieber/shared/statsgen/LDSC/base/referencefiles/1000G_EUR_Phase3_plink/1000G.EUR.QC.6.bed
After filtering, 664016 SNPs remain
Estimating LD Score.
Reading list of 91491 SNPs for which to print LD Scores from /dcs04/lieber/shared/statsgen/LDSC/base/referencefiles/hapmap3_snps/hm.6.snp
After merging with --print-snps, LD Scores for 80218 SNPs will be printed.
Writing LD Scores for 80218 SNPs to ./out_vVMH_sexDE/chr.6.l2.ldscore.gz

Summary of LD Scores in ./out_vVMH_sexDE/chr.6.l2.ldscore.gz
         MAF   L2
mean  0.2331  0.0
std   0.1441  0.0
min   0.0051  0.0
25%   0.1074  0.0
50%   0.2219  0.0
75%   0.3558  0.0
max   0.5000  0.0

MAF/LD Score Correlation Matrix
     MAF  L2
MAF  1.0 NaN
L2   NaN NaN

Annotation Correlation Matrix
       ANNOT
ANNOT    NaN

Annotation Matrix Column Sums
ANNOT    0

Summary of Annotation Matrix Row Sums
count    664016.0
mean          0.0
std           0.0
min           0.0
25%           0.0
50%           0.0
75%           0.0
max           0.0
Analysis finished at Sun Oct 26 21:08:39 2025
Total time elapsed: 2.0m:39.99s
*********************************************************************
* LD Score Regression (LDSC)
* Version 1.0.1
* (C) 2014-2019 Brendan Bulik-Sullivan and Hilary Finucane
* Broad Institute of MIT and Harvard / MIT Department of Mathematics
* GNU General Public License v3
*********************************************************************
Call: 
./ldsc.py \
--print-snps /dcs04/lieber/shared/statsgen/LDSC/base/referencefiles/hapmap3_snps/hm.7.snp \
--ld-wind-cm 1.0 \
--out ./out_vVMH_sexDE/chr.7 \
--bfile /dcs04/lieber/shared/statsgen/LDSC/base/referencefiles/1000G_EUR_Phase3_plink/1000G.EUR.QC.7 \
--thin-annot  \
--annot ./out_vVMH_sexDE/chr.7.annot.gz \
--l2  

Beginning analysis at Sun Oct 26 21:08:39 2025
Read list of 589569 SNPs from /dcs04/lieber/shared/statsgen/LDSC/base/referencefiles/1000G_EUR_Phase3_plink/1000G.EUR.QC.7.bim
Read 1 annotations for 589569 SNPs from ./out_vVMH_sexDE/chr.7.annot.gz
Read list of 489 individuals from /dcs04/lieber/shared/statsgen/LDSC/base/referencefiles/1000G_EUR_Phase3_plink/1000G.EUR.QC.7.fam
Reading genotypes from /dcs04/lieber/shared/statsgen/LDSC/base/referencefiles/1000G_EUR_Phase3_plink/1000G.EUR.QC.7.bed
After filtering, 589569 SNPs remain
Estimating LD Score.
Reading list of 75316 SNPs for which to print LD Scores from /dcs04/lieber/shared/statsgen/LDSC/base/referencefiles/hapmap3_snps/hm.7.snp
After merging with --print-snps, LD Scores for 65848 SNPs will be printed.
Writing LD Scores for 65848 SNPs to ./out_vVMH_sexDE/chr.7.l2.ldscore.gz

Summary of LD Scores in ./out_vVMH_sexDE/chr.7.l2.ldscore.gz
         MAF   L2
mean  0.2376  0.0
std   0.1437  0.0
min   0.0051  0.0
25%   0.1104  0.0
50%   0.2290  0.0
75%   0.3609  0.0
max   0.5000  0.0

MAF/LD Score Correlation Matrix
     MAF  L2
MAF  1.0 NaN
L2   NaN NaN

Annotation Correlation Matrix
       ANNOT
ANNOT    NaN

Annotation Matrix Column Sums
ANNOT    0

Summary of Annotation Matrix Row Sums
count    589569.0
mean          0.0
std           0.0
min           0.0
25%           0.0
50%           0.0
75%           0.0
max           0.0
Analysis finished at Sun Oct 26 21:10:25 2025
Total time elapsed: 1.0m:45.8s
*********************************************************************
* LD Score Regression (LDSC)
* Version 1.0.1
* (C) 2014-2019 Brendan Bulik-Sullivan and Hilary Finucane
* Broad Institute of MIT and Harvard / MIT Department of Mathematics
* GNU General Public License v3
*********************************************************************
Call: 
./ldsc.py \
--print-snps /dcs04/lieber/shared/statsgen/LDSC/base/referencefiles/hapmap3_snps/hm.8.snp \
--ld-wind-cm 1.0 \
--out ./out_vVMH_sexDE/chr.8 \
--bfile /dcs04/lieber/shared/statsgen/LDSC/base/referencefiles/1000G_EUR_Phase3_plink/1000G.EUR.QC.8 \
--thin-annot  \
--annot ./out_vVMH_sexDE/chr.8.annot.gz \
--l2  

Beginning analysis at Sun Oct 26 21:10:26 2025
Read list of 549971 SNPs from /dcs04/lieber/shared/statsgen/LDSC/base/referencefiles/1000G_EUR_Phase3_plink/1000G.EUR.QC.8.bim
Read 1 annotations for 549971 SNPs from ./out_vVMH_sexDE/chr.8.annot.gz
Read list of 489 individuals from /dcs04/lieber/shared/statsgen/LDSC/base/referencefiles/1000G_EUR_Phase3_plink/1000G.EUR.QC.8.fam
Reading genotypes from /dcs04/lieber/shared/statsgen/LDSC/base/referencefiles/1000G_EUR_Phase3_plink/1000G.EUR.QC.8.bed
After filtering, 549971 SNPs remain
Estimating LD Score.
Reading list of 75345 SNPs for which to print LD Scores from /dcs04/lieber/shared/statsgen/LDSC/base/referencefiles/hapmap3_snps/hm.8.snp
After merging with --print-snps, LD Scores for 65167 SNPs will be printed.
Writing LD Scores for 65167 SNPs to ./out_vVMH_sexDE/chr.8.l2.ldscore.gz

Summary of LD Scores in ./out_vVMH_sexDE/chr.8.l2.ldscore.gz
         MAF   L2
mean  0.2368  0.0
std   0.1438  0.0
min   0.0051  0.0
25%   0.1094  0.0
50%   0.2270  0.0
75%   0.3599  0.0
max   0.5000  0.0

MAF/LD Score Correlation Matrix
     MAF  L2
MAF  1.0 NaN
L2   NaN NaN

Annotation Correlation Matrix
       ANNOT
ANNOT    NaN

Annotation Matrix Column Sums
ANNOT    0

Summary of Annotation Matrix Row Sums
count    549971.0
mean          0.0
std           0.0
min           0.0
25%           0.0
50%           0.0
75%           0.0
max           0.0
Analysis finished at Sun Oct 26 21:12:13 2025
Total time elapsed: 1.0m:47.27s
*********************************************************************
* LD Score Regression (LDSC)
* Version 1.0.1
* (C) 2014-2019 Brendan Bulik-Sullivan and Hilary Finucane
* Broad Institute of MIT and Harvard / MIT Department of Mathematics
* GNU General Public License v3
*********************************************************************
Call: 
./ldsc.py \
--print-snps /dcs04/lieber/shared/statsgen/LDSC/base/referencefiles/hapmap3_snps/hm.9.snp \
--ld-wind-cm 1.0 \
--out ./out_vVMH_sexDE/chr.9 \
--bfile /dcs04/lieber/shared/statsgen/LDSC/base/referencefiles/1000G_EUR_Phase3_plink/1000G.EUR.QC.9 \
--thin-annot  \
--annot ./out_vVMH_sexDE/chr.9.annot.gz \
--l2  

Beginning analysis at Sun Oct 26 21:12:14 2025
Read list of 438106 SNPs from /dcs04/lieber/shared/statsgen/LDSC/base/referencefiles/1000G_EUR_Phase3_plink/1000G.EUR.QC.9.bim
Read 1 annotations for 438106 SNPs from ./out_vVMH_sexDE/chr.9.annot.gz
Read list of 489 individuals from /dcs04/lieber/shared/statsgen/LDSC/base/referencefiles/1000G_EUR_Phase3_plink/1000G.EUR.QC.9.fam
Reading genotypes from /dcs04/lieber/shared/statsgen/LDSC/base/referencefiles/1000G_EUR_Phase3_plink/1000G.EUR.QC.9.bed
After filtering, 438106 SNPs remain
Estimating LD Score.
Reading list of 63706 SNPs for which to print LD Scores from /dcs04/lieber/shared/statsgen/LDSC/base/referencefiles/hapmap3_snps/hm.9.snp
After merging with --print-snps, LD Scores for 55885 SNPs will be printed.
Writing LD Scores for 55885 SNPs to ./out_vVMH_sexDE/chr.9.l2.ldscore.gz

Summary of LD Scores in ./out_vVMH_sexDE/chr.9.l2.ldscore.gz
         MAF   L2
mean  0.2343  0.0
std   0.1436  0.0
min   0.0051  0.0
25%   0.1084  0.0
50%   0.2239  0.0
75%   0.3558  0.0
max   0.5000  0.0

MAF/LD Score Correlation Matrix
     MAF  L2
MAF  1.0 NaN
L2   NaN NaN

Annotation Correlation Matrix
       ANNOT
ANNOT    NaN

Annotation Matrix Column Sums
ANNOT    0

Summary of Annotation Matrix Row Sums
count    438106.0
mean          0.0
std           0.0
min           0.0
25%           0.0
50%           0.0
75%           0.0
max           0.0
Analysis finished at Sun Oct 26 21:13:27 2025
Total time elapsed: 1.0m:12.73s
*********************************************************************
* LD Score Regression (LDSC)
* Version 1.0.1
* (C) 2014-2019 Brendan Bulik-Sullivan and Hilary Finucane
* Broad Institute of MIT and Harvard / MIT Department of Mathematics
* GNU General Public License v3
*********************************************************************
Call: 
./ldsc.py \
--print-snps /dcs04/lieber/shared/statsgen/LDSC/base/referencefiles/hapmap3_snps/hm.10.snp \
--ld-wind-cm 1.0 \
--out ./out_vVMH_sexDE/chr.10 \
--bfile /dcs04/lieber/shared/statsgen/LDSC/base/referencefiles/1000G_EUR_Phase3_plink/1000G.EUR.QC.10 \
--thin-annot  \
--annot ./out_vVMH_sexDE/chr.10.annot.gz \
--l2  

Beginning analysis at Sun Oct 26 21:13:27 2025
Read list of 510501 SNPs from /dcs04/lieber/shared/statsgen/LDSC/base/referencefiles/1000G_EUR_Phase3_plink/1000G.EUR.QC.10.bim
Read 1 annotations for 510501 SNPs from ./out_vVMH_sexDE/chr.10.annot.gz
Read list of 489 individuals from /dcs04/lieber/shared/statsgen/LDSC/base/referencefiles/1000G_EUR_Phase3_plink/1000G.EUR.QC.10.fam
Reading genotypes from /dcs04/lieber/shared/statsgen/LDSC/base/referencefiles/1000G_EUR_Phase3_plink/1000G.EUR.QC.10.bed
After filtering, 510501 SNPs remain
Estimating LD Score.
Reading list of 73929 SNPs for which to print LD Scores from /dcs04/lieber/shared/statsgen/LDSC/base/referencefiles/hapmap3_snps/hm.10.snp
After merging with --print-snps, LD Scores for 64236 SNPs will be printed.
Writing LD Scores for 64236 SNPs to ./out_vVMH_sexDE/chr.10.l2.ldscore.gz

Summary of LD Scores in ./out_vVMH_sexDE/chr.10.l2.ldscore.gz
         MAF   L2
mean  0.2316  0.0
std   0.1438  0.0
min   0.0051  0.0
25%   0.1053  0.0
50%   0.2188  0.0
75%   0.3538  0.0
max   0.5000  0.0

MAF/LD Score Correlation Matrix
     MAF  L2
MAF  1.0 NaN
L2   NaN NaN

Annotation Correlation Matrix
       ANNOT
ANNOT    NaN

Annotation Matrix Column Sums
ANNOT    0

Summary of Annotation Matrix Row Sums
count    510501.0
mean          0.0
std           0.0
min           0.0
25%           0.0
50%           0.0
75%           0.0
max           0.0
Analysis finished at Sun Oct 26 21:14:59 2025
Total time elapsed: 1.0m:32.11s
*********************************************************************
* LD Score Regression (LDSC)
* Version 1.0.1
* (C) 2014-2019 Brendan Bulik-Sullivan and Hilary Finucane
* Broad Institute of MIT and Harvard / MIT Department of Mathematics
* GNU General Public License v3
*********************************************************************
Call: 
./ldsc.py \
--print-snps /dcs04/lieber/shared/statsgen/LDSC/base/referencefiles/hapmap3_snps/hm.11.snp \
--ld-wind-cm 1.0 \
--out ./out_vVMH_sexDE/chr.11 \
--bfile /dcs04/lieber/shared/statsgen/LDSC/base/referencefiles/1000G_EUR_Phase3_plink/1000G.EUR.QC.11 \
--thin-annot  \
--annot ./out_vVMH_sexDE/chr.11.annot.gz \
--l2  

Beginning analysis at Sun Oct 26 21:15:00 2025
Read list of 493922 SNPs from /dcs04/lieber/shared/statsgen/LDSC/base/referencefiles/1000G_EUR_Phase3_plink/1000G.EUR.QC.11.bim
Read 1 annotations for 493922 SNPs from ./out_vVMH_sexDE/chr.11.annot.gz
Read list of 489 individuals from /dcs04/lieber/shared/statsgen/LDSC/base/referencefiles/1000G_EUR_Phase3_plink/1000G.EUR.QC.11.fam
Reading genotypes from /dcs04/lieber/shared/statsgen/LDSC/base/referencefiles/1000G_EUR_Phase3_plink/1000G.EUR.QC.11.bed
After filtering, 493922 SNPs remain
Estimating LD Score.
Reading list of 71092 SNPs for which to print LD Scores from /dcs04/lieber/shared/statsgen/LDSC/base/referencefiles/hapmap3_snps/hm.11.snp
After merging with --print-snps, LD Scores for 61027 SNPs will be printed.
Writing LD Scores for 61027 SNPs to ./out_vVMH_sexDE/chr.11.l2.ldscore.gz

Summary of LD Scores in ./out_vVMH_sexDE/chr.11.l2.ldscore.gz
         MAF   L2
mean  0.2389  0.0
std   0.1430  0.0
min   0.0051  0.0
25%   0.1145  0.0
50%   0.2301  0.0
75%   0.3609  0.0
max   0.5000  0.0

MAF/LD Score Correlation Matrix
     MAF  L2
MAF  1.0 NaN
L2   NaN NaN

Annotation Correlation Matrix
       ANNOT
ANNOT    NaN

Annotation Matrix Column Sums
ANNOT    0

Summary of Annotation Matrix Row Sums
count    493922.0
mean          0.0
std           0.0
min           0.0
25%           0.0
50%           0.0
75%           0.0
max           0.0
Analysis finished at Sun Oct 26 21:17:00 2025
Total time elapsed: 1.0m:59.56s
*********************************************************************
* LD Score Regression (LDSC)
* Version 1.0.1
* (C) 2014-2019 Brendan Bulik-Sullivan and Hilary Finucane
* Broad Institute of MIT and Harvard / MIT Department of Mathematics
* GNU General Public License v3
*********************************************************************
Call: 
./ldsc.py \
--print-snps /dcs04/lieber/shared/statsgen/LDSC/base/referencefiles/hapmap3_snps/hm.12.snp \
--ld-wind-cm 1.0 \
--out ./out_vVMH_sexDE/chr.12 \
--bfile /dcs04/lieber/shared/statsgen/LDSC/base/referencefiles/1000G_EUR_Phase3_plink/1000G.EUR.QC.12 \
--thin-annot  \
--annot ./out_vVMH_sexDE/chr.12.annot.gz \
--l2  

Beginning analysis at Sun Oct 26 21:17:00 2025
Read list of 480110 SNPs from /dcs04/lieber/shared/statsgen/LDSC/base/referencefiles/1000G_EUR_Phase3_plink/1000G.EUR.QC.12.bim
Read 1 annotations for 480110 SNPs from ./out_vVMH_sexDE/chr.12.annot.gz
Read list of 489 individuals from /dcs04/lieber/shared/statsgen/LDSC/base/referencefiles/1000G_EUR_Phase3_plink/1000G.EUR.QC.12.fam
Reading genotypes from /dcs04/lieber/shared/statsgen/LDSC/base/referencefiles/1000G_EUR_Phase3_plink/1000G.EUR.QC.12.bed
After filtering, 480110 SNPs remain
Estimating LD Score.
Reading list of 68635 SNPs for which to print LD Scores from /dcs04/lieber/shared/statsgen/LDSC/base/referencefiles/hapmap3_snps/hm.12.snp
After merging with --print-snps, LD Scores for 58127 SNPs will be printed.
Writing LD Scores for 58127 SNPs to ./out_vVMH_sexDE/chr.12.l2.ldscore.gz

Summary of LD Scores in ./out_vVMH_sexDE/chr.12.l2.ldscore.gz
         MAF   L2
mean  0.2320  0.0
std   0.1438  0.0
min   0.0051  0.0
25%   0.1063  0.0
50%   0.2198  0.0
75%   0.3548  0.0
max   0.5000  0.0

MAF/LD Score Correlation Matrix
     MAF  L2
MAF  1.0 NaN
L2   NaN NaN

Annotation Correlation Matrix
       ANNOT
ANNOT    NaN

Annotation Matrix Column Sums
ANNOT    0

Summary of Annotation Matrix Row Sums
count    480110.0
mean          0.0
std           0.0
min           0.0
25%           0.0
50%           0.0
75%           0.0
max           0.0
Analysis finished at Sun Oct 26 21:18:42 2025
Total time elapsed: 1.0m:41.78s
*********************************************************************
* LD Score Regression (LDSC)
* Version 1.0.1
* (C) 2014-2019 Brendan Bulik-Sullivan and Hilary Finucane
* Broad Institute of MIT and Harvard / MIT Department of Mathematics
* GNU General Public License v3
*********************************************************************
Call: 
./ldsc.py \
--print-snps /dcs04/lieber/shared/statsgen/LDSC/base/referencefiles/hapmap3_snps/hm.13.snp \
--ld-wind-cm 1.0 \
--out ./out_vVMH_sexDE/chr.13 \
--bfile /dcs04/lieber/shared/statsgen/LDSC/base/referencefiles/1000G_EUR_Phase3_plink/1000G.EUR.QC.13 \
--thin-annot  \
--annot ./out_vVMH_sexDE/chr.13.annot.gz \
--l2  

Beginning analysis at Sun Oct 26 21:18:43 2025
Read list of 366200 SNPs from /dcs04/lieber/shared/statsgen/LDSC/base/referencefiles/1000G_EUR_Phase3_plink/1000G.EUR.QC.13.bim
Read 1 annotations for 366200 SNPs from ./out_vVMH_sexDE/chr.13.annot.gz
Read list of 489 individuals from /dcs04/lieber/shared/statsgen/LDSC/base/referencefiles/1000G_EUR_Phase3_plink/1000G.EUR.QC.13.fam
Reading genotypes from /dcs04/lieber/shared/statsgen/LDSC/base/referencefiles/1000G_EUR_Phase3_plink/1000G.EUR.QC.13.bed
After filtering, 366200 SNPs remain
Estimating LD Score.
Reading list of 52010 SNPs for which to print LD Scores from /dcs04/lieber/shared/statsgen/LDSC/base/referencefiles/hapmap3_snps/hm.13.snp
After merging with --print-snps, LD Scores for 45136 SNPs will be printed.
Writing LD Scores for 45136 SNPs to ./out_vVMH_sexDE/chr.13.l2.ldscore.gz

Summary of LD Scores in ./out_vVMH_sexDE/chr.13.l2.ldscore.gz
         MAF   L2
mean  0.2329  0.0
std   0.1436  0.0
min   0.0051  0.0
25%   0.1063  0.0
50%   0.2198  0.0
75%   0.3548  0.0
max   0.5000  0.0

MAF/LD Score Correlation Matrix
     MAF  L2
MAF  1.0 NaN
L2   NaN NaN

Annotation Correlation Matrix
       ANNOT
ANNOT    NaN

Annotation Matrix Column Sums
ANNOT    0

Summary of Annotation Matrix Row Sums
count    366200.0
mean          0.0
std           0.0
min           0.0
25%           0.0
50%           0.0
75%           0.0
max           0.0
Analysis finished at Sun Oct 26 21:19:54 2025
Total time elapsed: 1.0m:11.42s
*********************************************************************
* LD Score Regression (LDSC)
* Version 1.0.1
* (C) 2014-2019 Brendan Bulik-Sullivan and Hilary Finucane
* Broad Institute of MIT and Harvard / MIT Department of Mathematics
* GNU General Public License v3
*********************************************************************
Call: 
./ldsc.py \
--print-snps /dcs04/lieber/shared/statsgen/LDSC/base/referencefiles/hapmap3_snps/hm.14.snp \
--ld-wind-cm 1.0 \
--out ./out_vVMH_sexDE/chr.14 \
--bfile /dcs04/lieber/shared/statsgen/LDSC/base/referencefiles/1000G_EUR_Phase3_plink/1000G.EUR.QC.14 \
--thin-annot  \
--annot ./out_vVMH_sexDE/chr.14.annot.gz \
--l2  

Beginning analysis at Sun Oct 26 21:19:55 2025
Read list of 324698 SNPs from /dcs04/lieber/shared/statsgen/LDSC/base/referencefiles/1000G_EUR_Phase3_plink/1000G.EUR.QC.14.bim
Read 1 annotations for 324698 SNPs from ./out_vVMH_sexDE/chr.14.annot.gz
Read list of 489 individuals from /dcs04/lieber/shared/statsgen/LDSC/base/referencefiles/1000G_EUR_Phase3_plink/1000G.EUR.QC.14.fam
Reading genotypes from /dcs04/lieber/shared/statsgen/LDSC/base/referencefiles/1000G_EUR_Phase3_plink/1000G.EUR.QC.14.bed
After filtering, 324698 SNPs remain
Estimating LD Score.
Reading list of 45556 SNPs for which to print LD Scores from /dcs04/lieber/shared/statsgen/LDSC/base/referencefiles/hapmap3_snps/hm.14.snp
After merging with --print-snps, LD Scores for 39504 SNPs will be printed.
Writing LD Scores for 39504 SNPs to ./out_vVMH_sexDE/chr.14.l2.ldscore.gz

Summary of LD Scores in ./out_vVMH_sexDE/chr.14.l2.ldscore.gz
         MAF   L2
mean  0.2308  0.0
std   0.1432  0.0
min   0.0051  0.0
25%   0.1053  0.0
50%   0.2188  0.0
75%   0.3497  0.0
max   0.5000  0.0

MAF/LD Score Correlation Matrix
     MAF  L2
MAF  1.0 NaN
L2   NaN NaN

Annotation Correlation Matrix
       ANNOT
ANNOT    NaN

Annotation Matrix Column Sums
ANNOT    0

Summary of Annotation Matrix Row Sums
count    324698.0
mean          0.0
std           0.0
min           0.0
25%           0.0
50%           0.0
75%           0.0
max           0.0
Analysis finished at Sun Oct 26 21:20:54 2025
Total time elapsed: 58.83s
*********************************************************************
* LD Score Regression (LDSC)
* Version 1.0.1
* (C) 2014-2019 Brendan Bulik-Sullivan and Hilary Finucane
* Broad Institute of MIT and Harvard / MIT Department of Mathematics
* GNU General Public License v3
*********************************************************************
Call: 
./ldsc.py \
--print-snps /dcs04/lieber/shared/statsgen/LDSC/base/referencefiles/hapmap3_snps/hm.15.snp \
--ld-wind-cm 1.0 \
--out ./out_vVMH_sexDE/chr.15 \
--bfile /dcs04/lieber/shared/statsgen/LDSC/base/referencefiles/1000G_EUR_Phase3_plink/1000G.EUR.QC.15 \
--thin-annot  \
--annot ./out_vVMH_sexDE/chr.15.annot.gz \
--l2  

Beginning analysis at Sun Oct 26 21:20:54 2025
Read list of 287001 SNPs from /dcs04/lieber/shared/statsgen/LDSC/base/referencefiles/1000G_EUR_Phase3_plink/1000G.EUR.QC.15.bim
Read 1 annotations for 287001 SNPs from ./out_vVMH_sexDE/chr.15.annot.gz
Read list of 489 individuals from /dcs04/lieber/shared/statsgen/LDSC/base/referencefiles/1000G_EUR_Phase3_plink/1000G.EUR.QC.15.fam
Reading genotypes from /dcs04/lieber/shared/statsgen/LDSC/base/referencefiles/1000G_EUR_Phase3_plink/1000G.EUR.QC.15.bed
After filtering, 287001 SNPs remain
Estimating LD Score.
Reading list of 42410 SNPs for which to print LD Scores from /dcs04/lieber/shared/statsgen/LDSC/base/referencefiles/hapmap3_snps/hm.15.snp
After merging with --print-snps, LD Scores for 36291 SNPs will be printed.
Writing LD Scores for 36291 SNPs to ./out_vVMH_sexDE/chr.15.l2.ldscore.gz

Summary of LD Scores in ./out_vVMH_sexDE/chr.15.l2.ldscore.gz
         MAF       L2
mean  0.2363   0.3747
std   0.1452   4.5898
min   0.0051  -0.8107
25%   0.1084   0.0000
50%   0.2260   0.0000
75%   0.3630   0.0000
max   0.5000  99.2513

MAF/LD Score Correlation Matrix
        MAF      L2
MAF  1.0000  0.0085
L2   0.0085  1.0000

Annotation Correlation Matrix
       ANNOT
ANNOT    1.0

Annotation Matrix Column Sums
ANNOT    629

Summary of Annotation Matrix Row Sums
count    287001.0000
mean          0.0022
std           0.0468
min           0.0000
25%           0.0000
50%           0.0000
75%           0.0000
max           1.0000
Analysis finished at Sun Oct 26 21:21:45 2025
Total time elapsed: 51.23s
*********************************************************************
* LD Score Regression (LDSC)
* Version 1.0.1
* (C) 2014-2019 Brendan Bulik-Sullivan and Hilary Finucane
* Broad Institute of MIT and Harvard / MIT Department of Mathematics
* GNU General Public License v3
*********************************************************************
Call: 
./ldsc.py \
--print-snps /dcs04/lieber/shared/statsgen/LDSC/base/referencefiles/hapmap3_snps/hm.16.snp \
--ld-wind-cm 1.0 \
--out ./out_vVMH_sexDE/chr.16 \
--bfile /dcs04/lieber/shared/statsgen/LDSC/base/referencefiles/1000G_EUR_Phase3_plink/1000G.EUR.QC.16 \
--thin-annot  \
--annot ./out_vVMH_sexDE/chr.16.annot.gz \
--l2  

Beginning analysis at Sun Oct 26 21:21:46 2025
Read list of 316981 SNPs from /dcs04/lieber/shared/statsgen/LDSC/base/referencefiles/1000G_EUR_Phase3_plink/1000G.EUR.QC.16.bim
Read 1 annotations for 316981 SNPs from ./out_vVMH_sexDE/chr.16.annot.gz
Read list of 489 individuals from /dcs04/lieber/shared/statsgen/LDSC/base/referencefiles/1000G_EUR_Phase3_plink/1000G.EUR.QC.16.fam
Reading genotypes from /dcs04/lieber/shared/statsgen/LDSC/base/referencefiles/1000G_EUR_Phase3_plink/1000G.EUR.QC.16.bed
After filtering, 316981 SNPs remain
Estimating LD Score.
Reading list of 44710 SNPs for which to print LD Scores from /dcs04/lieber/shared/statsgen/LDSC/base/referencefiles/hapmap3_snps/hm.16.snp
After merging with --print-snps, LD Scores for 37656 SNPs will be printed.
Writing LD Scores for 37656 SNPs to ./out_vVMH_sexDE/chr.16.l2.ldscore.gz

Summary of LD Scores in ./out_vVMH_sexDE/chr.16.l2.ldscore.gz
         MAF   L2
mean  0.2370  0.0
std   0.1437  0.0
min   0.0051  0.0
25%   0.1115  0.0
50%   0.2290  0.0
75%   0.3589  0.0
max   0.5000  0.0

MAF/LD Score Correlation Matrix
     MAF  L2
MAF  1.0 NaN
L2   NaN NaN

Annotation Correlation Matrix
       ANNOT
ANNOT    NaN

Annotation Matrix Column Sums
ANNOT    0

Summary of Annotation Matrix Row Sums
count    316981.0
mean          0.0
std           0.0
min           0.0
25%           0.0
50%           0.0
75%           0.0
max           0.0
Analysis finished at Sun Oct 26 21:22:41 2025
Total time elapsed: 54.98s
**** Job ends ****
Sun Oct 26 09:22:41 PM EDT 2025
