producer_class	xtools.gsea.GseaPreranked
producer_timestamp	1697827896793
param	rnd_seed	timestamp
param	rpt_label	hyp_x9_mup_fdn_lfcrank
param	set_min	15
param	chip	ftp.broadinstitute.org://pub/gsea/msigdb/human/annotations/Human_Gene_Symbol_with_Remapping_MSigDB.v2023.1.Hs.chip
param	zip_report	false
param	create_svgs	false
param	scoring_scheme	weighted
param	rnk	/Users/bmulvey/Desktop/KM Lab/local_hthspatial/analysis/data/spe_053123/H08-GSEA, GO etc/H08.05-Sex DEG GSEA/Domain dreamlet ranef lfcs for GSEA prerank input/x9.rnk
param	norm	meandiv
param	out	/Users/bmulvey/Desktop
param	mode	Abs_max_of_probes
param	include_only_symbols	true
param	help	false
param	set_max	500
param	gmx	ftp.broadinstitute.org://pub/gsea/msigdb/human/gene_sets/h.all.v2023.1.Hs.symbols.gmt,ftp.broadinstitute.org://pub/gsea/msigdb/human/gene_sets/c1.all.v2023.1.Hs.symbols.gmt,ftp.broadinstitute.org://pub/gsea/msigdb/human/gene_sets/c2.all.v2023.1.Hs.symbols.gmt,ftp.broadinstitute.org://pub/gsea/msigdb/human/gene_sets/c3.all.v2023.1.Hs.symbols.gmt,ftp.broadinstitute.org://pub/gsea/msigdb/human/gene_sets/c5.all.v2023.1.Hs.symbols.gmt,ftp.broadinstitute.org://pub/gsea/msigdb/human/gene_sets/c6.all.v2023.1.Hs.symbols.gmt,ftp.broadinstitute.org://pub/gsea/msigdb/human/gene_sets/c8.all.v2023.1.Hs.symbols.gmt
param	make_sets	true
param	plot_top_x	20
param	gui	false
param	nperm	1000
param	collapse	Collapse

file	/Users/bmulvey/Desktop/hyp_x9_mup_fdn_lfcrank.GseaPreranked.1697827896793/index.html
