producer_class	xtools.gsea.GseaPreranked
producer_timestamp	1698098599947
param	rnd_seed	timestamp
param	rpt_label	sex11
param	set_min	15
param	chip	/opt/gpcloud/gp_home/users/berniejmulvey/uploads/Human_Gene_Symbol_with_Remapping_MSigDB.v2023.1.Hs.chip
param	zip_report	true
param	create_svgs	false
param	scoring_scheme	weighted
param	rnk	/opt/gpcloud/gp_home/users/berniejmulvey/uploads/sex11.rnk
param	norm	meandiv
param	out	/opt/gpcloud/gp_home/jobResults/541923/.tmp_gsea/analysis
param	mode	Abs_max_of_probes
param	include_only_symbols	true
param	help	false
param	set_max	500
param	gmx	/opt/gpcloud/gp_home/users/berniejmulvey/uploads/h.all.v2023.1.Hs.symbols.gmt,/opt/gpcloud/gp_home/users/berniejmulvey/uploads/c8.all.v2023.1.Hs.symbols.gmt,/opt/gpcloud/gp_home/users/berniejmulvey/uploads/c6.all.v2023.1.Hs.symbols.gmt,/opt/gpcloud/gp_home/users/berniejmulvey/uploads/c5.all.v2023.1.Hs.symbols.gmt,/opt/gpcloud/gp_home/users/berniejmulvey/uploads/c3.all.v2023.1.Hs.symbols.gmt,/opt/gpcloud/gp_home/users/berniejmulvey/uploads/c2.all.v2023.1.Hs.symbols.gmt,/opt/gpcloud/gp_home/users/berniejmulvey/uploads/c1.all.v2023.1.Hs.symbols.gmt
param	make_sets	true
param	plot_top_x	20
param	gui	false
param	nperm	5000
param	collapse	Collapse

file	.tmp_gsea/analysis/index.html
