producer_class	xtools.gsea.GseaPreranked
producer_timestamp	1697163227958
param	rnd_seed	timestamp
param	rpt_label	hypmk_x3_c2all
param	set_min	15
param	chip	ftp.broadinstitute.org://pub/gsea/msigdb/human/annotations/Human_Gene_Symbol_with_Remapping_MSigDB.v2023.1.Hs.chip
param	zip_report	false
param	create_svgs	false
param	scoring_scheme	weighted
param	rnk	/Users/bmulvey/Desktop/KM Lab/local_hthspatial/analysis/data/spe_053123/H08-GSEA, GO etc/04-Domain marker GSEA/Domain slibd enrichment lfcs for GSEA prerank input/X3.rnk
param	norm	meandiv
param	out	/Users/bmulvey/Desktop/x3
param	mode	Abs_max_of_probes
param	include_only_symbols	true
param	help	false
param	set_max	500
param	gmx	ftp.broadinstitute.org://pub/gsea/msigdb/human/gene_sets/c2.all.v2023.1.Hs.symbols.gmt
param	make_sets	true
param	plot_top_x	20
param	gui	false
param	nperm	1000
param	collapse	Collapse

file	/Users/bmulvey/Desktop/x3/hypmk_x3_c2all.GseaPreranked.1697163227958/index.html
