**** Job starts ****
Mon Oct 27 11:29:53 PM EDT 2025
*********************************************************************
* LD Score Regression (LDSC)
* Version 1.0.1
* (C) 2014-2019 Brendan Bulik-Sullivan and Hilary Finucane
* Broad Institute of MIT and Harvard / MIT Department of Mathematics
* GNU General Public License v3
*********************************************************************
Call: 
./ldsc.py \
--print-snps /dcs04/lieber/shared/statsgen/LDSC/base/referencefiles/hapmap3_snps/hm.1.snp \
--ld-wind-cm 1.0 \
--out ./out_VMH2_mk/chr.1 \
--bfile /dcs04/lieber/shared/statsgen/LDSC/base/referencefiles/1000G_EUR_Phase3_plink/1000G.EUR.QC.1 \
--thin-annot  \
--annot ./out_VMH2_mk/chr.1.annot.gz \
--l2  

Beginning analysis at Mon Oct 27 23:29:55 2025
Read list of 779354 SNPs from /dcs04/lieber/shared/statsgen/LDSC/base/referencefiles/1000G_EUR_Phase3_plink/1000G.EUR.QC.1.bim
Read 1 annotations for 779354 SNPs from ./out_VMH2_mk/chr.1.annot.gz
Read list of 489 individuals from /dcs04/lieber/shared/statsgen/LDSC/base/referencefiles/1000G_EUR_Phase3_plink/1000G.EUR.QC.1.fam
Reading genotypes from /dcs04/lieber/shared/statsgen/LDSC/base/referencefiles/1000G_EUR_Phase3_plink/1000G.EUR.QC.1.bed
After filtering, 779354 SNPs remain
Estimating LD Score.
Reading list of 116564 SNPs for which to print LD Scores from /dcs04/lieber/shared/statsgen/LDSC/base/referencefiles/hapmap3_snps/hm.1.snp
After merging with --print-snps, LD Scores for 98690 SNPs will be printed.
Writing LD Scores for 98690 SNPs to ./out_VMH2_mk/chr.1.l2.ldscore.gz

Summary of LD Scores in ./out_VMH2_mk/chr.1.l2.ldscore.gz
         MAF        L2
mean  0.2329    8.8556
std   0.1442   25.3577
min   0.0051   -2.4616
25%   0.1056    0.0000
50%   0.2219    0.0000
75%   0.3548    1.7477
max   0.5000  249.6443

MAF/LD Score Correlation Matrix
      MAF    L2
MAF  1.00  0.03
L2   0.03  1.00

Annotation Correlation Matrix
       ANNOT
ANNOT    1.0

Annotation Matrix Column Sums
ANNOT    70635

Summary of Annotation Matrix Row Sums
count    779354.0000
mean          0.0906
std           0.2871
min           0.0000
25%           0.0000
50%           0.0000
75%           0.0000
max           1.0000
Analysis finished at Mon Oct 27 23:33:27 2025
Total time elapsed: 3.0m:32.49s
*********************************************************************
* LD Score Regression (LDSC)
* Version 1.0.1
* (C) 2014-2019 Brendan Bulik-Sullivan and Hilary Finucane
* Broad Institute of MIT and Harvard / MIT Department of Mathematics
* GNU General Public License v3
*********************************************************************
Call: 
./ldsc.py \
--print-snps /dcs04/lieber/shared/statsgen/LDSC/base/referencefiles/hapmap3_snps/hm.2.snp \
--ld-wind-cm 1.0 \
--out ./out_VMH2_mk/chr.2 \
--bfile /dcs04/lieber/shared/statsgen/LDSC/base/referencefiles/1000G_EUR_Phase3_plink/1000G.EUR.QC.2 \
--thin-annot  \
--annot ./out_VMH2_mk/chr.2.annot.gz \
--l2  

Beginning analysis at Mon Oct 27 23:33:28 2025
Read list of 839590 SNPs from /dcs04/lieber/shared/statsgen/LDSC/base/referencefiles/1000G_EUR_Phase3_plink/1000G.EUR.QC.2.bim
Read 1 annotations for 839590 SNPs from ./out_VMH2_mk/chr.2.annot.gz
Read list of 489 individuals from /dcs04/lieber/shared/statsgen/LDSC/base/referencefiles/1000G_EUR_Phase3_plink/1000G.EUR.QC.2.fam
Reading genotypes from /dcs04/lieber/shared/statsgen/LDSC/base/referencefiles/1000G_EUR_Phase3_plink/1000G.EUR.QC.2.bed
After filtering, 839590 SNPs remain
Estimating LD Score.
Reading list of 116575 SNPs for which to print LD Scores from /dcs04/lieber/shared/statsgen/LDSC/base/referencefiles/hapmap3_snps/hm.2.snp
After merging with --print-snps, LD Scores for 100038 SNPs will be printed.
Writing LD Scores for 100038 SNPs to ./out_VMH2_mk/chr.2.l2.ldscore.gz

Summary of LD Scores in ./out_VMH2_mk/chr.2.l2.ldscore.gz
         MAF        L2
mean  0.2371    8.2310
std   0.1439   28.6136
min   0.0051   -2.3039
25%   0.1115    0.0000
50%   0.2280    0.0000
75%   0.3609    0.8283
max   0.5000  453.2751

MAF/LD Score Correlation Matrix
        MAF      L2
MAF  1.0000  0.0428
L2   0.0428  1.0000

Annotation Correlation Matrix
       ANNOT
ANNOT    1.0

Annotation Matrix Column Sums
ANNOT    58438

Summary of Annotation Matrix Row Sums
count    839590.0000
mean          0.0696
std           0.2545
min           0.0000
25%           0.0000
50%           0.0000
75%           0.0000
max           1.0000
Analysis finished at Mon Oct 27 23:37:21 2025
Total time elapsed: 3.0m:53.37s
*********************************************************************
* LD Score Regression (LDSC)
* Version 1.0.1
* (C) 2014-2019 Brendan Bulik-Sullivan and Hilary Finucane
* Broad Institute of MIT and Harvard / MIT Department of Mathematics
* GNU General Public License v3
*********************************************************************
Call: 
./ldsc.py \
--print-snps /dcs04/lieber/shared/statsgen/LDSC/base/referencefiles/hapmap3_snps/hm.3.snp \
--ld-wind-cm 1.0 \
--out ./out_VMH2_mk/chr.3 \
--bfile /dcs04/lieber/shared/statsgen/LDSC/base/referencefiles/1000G_EUR_Phase3_plink/1000G.EUR.QC.3 \
--thin-annot  \
--annot ./out_VMH2_mk/chr.3.annot.gz \
--l2  

Beginning analysis at Mon Oct 27 23:37:22 2025
Read list of 706350 SNPs from /dcs04/lieber/shared/statsgen/LDSC/base/referencefiles/1000G_EUR_Phase3_plink/1000G.EUR.QC.3.bim
Read 1 annotations for 706350 SNPs from ./out_VMH2_mk/chr.3.annot.gz
Read list of 489 individuals from /dcs04/lieber/shared/statsgen/LDSC/base/referencefiles/1000G_EUR_Phase3_plink/1000G.EUR.QC.3.fam
Reading genotypes from /dcs04/lieber/shared/statsgen/LDSC/base/referencefiles/1000G_EUR_Phase3_plink/1000G.EUR.QC.3.bed
After filtering, 706350 SNPs remain
Estimating LD Score.
Reading list of 96664 SNPs for which to print LD Scores from /dcs04/lieber/shared/statsgen/LDSC/base/referencefiles/hapmap3_snps/hm.3.snp
After merging with --print-snps, LD Scores for 83286 SNPs will be printed.
Writing LD Scores for 83286 SNPs to ./out_VMH2_mk/chr.3.l2.ldscore.gz

Summary of LD Scores in ./out_VMH2_mk/chr.3.l2.ldscore.gz
         MAF        L2
mean  0.2395   13.6411
std   0.1436   47.3844
min   0.0051   -3.0294
25%   0.1145    0.0000
50%   0.2311    0.0000
75%   0.3630    2.6660
max   0.5000  803.1991

MAF/LD Score Correlation Matrix
        MAF      L2
MAF  1.0000 -0.0039
L2  -0.0039  1.0000

Annotation Correlation Matrix
       ANNOT
ANNOT    1.0

Annotation Matrix Column Sums
ANNOT    74749

Summary of Annotation Matrix Row Sums
count    706350.0000
mean          0.1058
std           0.3076
min           0.0000
25%           0.0000
50%           0.0000
75%           0.0000
max           1.0000
Analysis finished at Mon Oct 27 23:41:06 2025
Total time elapsed: 3.0m:44.61s
*********************************************************************
* LD Score Regression (LDSC)
* Version 1.0.1
* (C) 2014-2019 Brendan Bulik-Sullivan and Hilary Finucane
* Broad Institute of MIT and Harvard / MIT Department of Mathematics
* GNU General Public License v3
*********************************************************************
Call: 
./ldsc.py \
--print-snps /dcs04/lieber/shared/statsgen/LDSC/base/referencefiles/hapmap3_snps/hm.4.snp \
--ld-wind-cm 1.0 \
--out ./out_VMH2_mk/chr.4 \
--bfile /dcs04/lieber/shared/statsgen/LDSC/base/referencefiles/1000G_EUR_Phase3_plink/1000G.EUR.QC.4 \
--thin-annot  \
--annot ./out_VMH2_mk/chr.4.annot.gz \
--l2  

Beginning analysis at Mon Oct 27 23:41:07 2025
Read list of 729645 SNPs from /dcs04/lieber/shared/statsgen/LDSC/base/referencefiles/1000G_EUR_Phase3_plink/1000G.EUR.QC.4.bim
Read 1 annotations for 729645 SNPs from ./out_VMH2_mk/chr.4.annot.gz
Read list of 489 individuals from /dcs04/lieber/shared/statsgen/LDSC/base/referencefiles/1000G_EUR_Phase3_plink/1000G.EUR.QC.4.fam
Reading genotypes from /dcs04/lieber/shared/statsgen/LDSC/base/referencefiles/1000G_EUR_Phase3_plink/1000G.EUR.QC.4.bed
After filtering, 729645 SNPs remain
Estimating LD Score.
Reading list of 85881 SNPs for which to print LD Scores from /dcs04/lieber/shared/statsgen/LDSC/base/referencefiles/hapmap3_snps/hm.4.snp
After merging with --print-snps, LD Scores for 74259 SNPs will be printed.
Writing LD Scores for 74259 SNPs to ./out_VMH2_mk/chr.4.l2.ldscore.gz

Summary of LD Scores in ./out_VMH2_mk/chr.4.l2.ldscore.gz
         MAF        L2
mean  0.2367    5.7564
std   0.1431   25.4353
min   0.0051   -1.7597
25%   0.1115    0.0000
50%   0.2301    0.0000
75%   0.3579    0.0000
max   0.5000  326.0458

MAF/LD Score Correlation Matrix
        MAF      L2
MAF  1.0000  0.0582
L2   0.0582  1.0000

Annotation Correlation Matrix
       ANNOT
ANNOT    1.0

Annotation Matrix Column Sums
ANNOT    35690

Summary of Annotation Matrix Row Sums
count    729645.0000
mean          0.0489
std           0.2157
min           0.0000
25%           0.0000
50%           0.0000
75%           0.0000
max           1.0000
Analysis finished at Mon Oct 27 23:44:21 2025
Total time elapsed: 3.0m:14.04s
*********************************************************************
* LD Score Regression (LDSC)
* Version 1.0.1
* (C) 2014-2019 Brendan Bulik-Sullivan and Hilary Finucane
* Broad Institute of MIT and Harvard / MIT Department of Mathematics
* GNU General Public License v3
*********************************************************************
Call: 
./ldsc.py \
--print-snps /dcs04/lieber/shared/statsgen/LDSC/base/referencefiles/hapmap3_snps/hm.5.snp \
--ld-wind-cm 1.0 \
--out ./out_VMH2_mk/chr.5 \
--bfile /dcs04/lieber/shared/statsgen/LDSC/base/referencefiles/1000G_EUR_Phase3_plink/1000G.EUR.QC.5 \
--thin-annot  \
--annot ./out_VMH2_mk/chr.5.annot.gz \
--l2  

Beginning analysis at Mon Oct 27 23:44:21 2025
Read list of 633015 SNPs from /dcs04/lieber/shared/statsgen/LDSC/base/referencefiles/1000G_EUR_Phase3_plink/1000G.EUR.QC.5.bim
Read 1 annotations for 633015 SNPs from ./out_VMH2_mk/chr.5.annot.gz
Read list of 489 individuals from /dcs04/lieber/shared/statsgen/LDSC/base/referencefiles/1000G_EUR_Phase3_plink/1000G.EUR.QC.5.fam
Reading genotypes from /dcs04/lieber/shared/statsgen/LDSC/base/referencefiles/1000G_EUR_Phase3_plink/1000G.EUR.QC.5.bed
After filtering, 633015 SNPs remain
Estimating LD Score.
Reading list of 88059 SNPs for which to print LD Scores from /dcs04/lieber/shared/statsgen/LDSC/base/referencefiles/hapmap3_snps/hm.5.snp
After merging with --print-snps, LD Scores for 74950 SNPs will be printed.
Writing LD Scores for 74950 SNPs to ./out_VMH2_mk/chr.5.l2.ldscore.gz

Summary of LD Scores in ./out_VMH2_mk/chr.5.l2.ldscore.gz
         MAF        L2
mean  0.2353    7.6360
std   0.1428   24.9487
min   0.0051   -2.0329
25%   0.1104    0.0000
50%   0.2260    0.0000
75%   0.3558    0.9393
max   0.5000  274.1530

MAF/LD Score Correlation Matrix
       MAF     L2
MAF  1.000  0.036
L2   0.036  1.000

Annotation Correlation Matrix
       ANNOT
ANNOT    1.0

Annotation Matrix Column Sums
ANNOT    45647

Summary of Annotation Matrix Row Sums
count    633015.0000
mean          0.0721
std           0.2587
min           0.0000
25%           0.0000
50%           0.0000
75%           0.0000
max           1.0000
Analysis finished at Mon Oct 27 23:47:31 2025
Total time elapsed: 3.0m:9.67s
*********************************************************************
* LD Score Regression (LDSC)
* Version 1.0.1
* (C) 2014-2019 Brendan Bulik-Sullivan and Hilary Finucane
* Broad Institute of MIT and Harvard / MIT Department of Mathematics
* GNU General Public License v3
*********************************************************************
Call: 
./ldsc.py \
--print-snps /dcs04/lieber/shared/statsgen/LDSC/base/referencefiles/hapmap3_snps/hm.6.snp \
--ld-wind-cm 1.0 \
--out ./out_VMH2_mk/chr.6 \
--bfile /dcs04/lieber/shared/statsgen/LDSC/base/referencefiles/1000G_EUR_Phase3_plink/1000G.EUR.QC.6 \
--thin-annot  \
--annot ./out_VMH2_mk/chr.6.annot.gz \
--l2  

Beginning analysis at Mon Oct 27 23:47:31 2025
Read list of 664016 SNPs from /dcs04/lieber/shared/statsgen/LDSC/base/referencefiles/1000G_EUR_Phase3_plink/1000G.EUR.QC.6.bim
Read 1 annotations for 664016 SNPs from ./out_VMH2_mk/chr.6.annot.gz
Read list of 489 individuals from /dcs04/lieber/shared/statsgen/LDSC/base/referencefiles/1000G_EUR_Phase3_plink/1000G.EUR.QC.6.fam
Reading genotypes from /dcs04/lieber/shared/statsgen/LDSC/base/referencefiles/1000G_EUR_Phase3_plink/1000G.EUR.QC.6.bed
After filtering, 664016 SNPs remain
Estimating LD Score.
Reading list of 91491 SNPs for which to print LD Scores from /dcs04/lieber/shared/statsgen/LDSC/base/referencefiles/hapmap3_snps/hm.6.snp
After merging with --print-snps, LD Scores for 80218 SNPs will be printed.
Writing LD Scores for 80218 SNPs to ./out_VMH2_mk/chr.6.l2.ldscore.gz

Summary of LD Scores in ./out_VMH2_mk/chr.6.l2.ldscore.gz
         MAF        L2
mean  0.2331   10.6967
std   0.1441   34.6511
min   0.0051   -2.4366
25%   0.1074    0.0000
50%   0.2219    0.0000
75%   0.3558    2.3545
max   0.5000  448.4693

MAF/LD Score Correlation Matrix
        MAF      L2
MAF  1.0000  0.0383
L2   0.0383  1.0000

Annotation Correlation Matrix
       ANNOT
ANNOT    1.0

Annotation Matrix Column Sums
ANNOT    46823

Summary of Annotation Matrix Row Sums
count    664016.0000
mean          0.0705
std           0.2560
min           0.0000
25%           0.0000
50%           0.0000
75%           0.0000
max           1.0000
Analysis finished at Mon Oct 27 23:51:55 2025
Total time elapsed: 4.0m:23.81s
*********************************************************************
* LD Score Regression (LDSC)
* Version 1.0.1
* (C) 2014-2019 Brendan Bulik-Sullivan and Hilary Finucane
* Broad Institute of MIT and Harvard / MIT Department of Mathematics
* GNU General Public License v3
*********************************************************************
Call: 
./ldsc.py \
--print-snps /dcs04/lieber/shared/statsgen/LDSC/base/referencefiles/hapmap3_snps/hm.7.snp \
--ld-wind-cm 1.0 \
--out ./out_VMH2_mk/chr.7 \
--bfile /dcs04/lieber/shared/statsgen/LDSC/base/referencefiles/1000G_EUR_Phase3_plink/1000G.EUR.QC.7 \
--thin-annot  \
--annot ./out_VMH2_mk/chr.7.annot.gz \
--l2  

Beginning analysis at Mon Oct 27 23:51:56 2025
Read list of 589569 SNPs from /dcs04/lieber/shared/statsgen/LDSC/base/referencefiles/1000G_EUR_Phase3_plink/1000G.EUR.QC.7.bim
Read 1 annotations for 589569 SNPs from ./out_VMH2_mk/chr.7.annot.gz
Read list of 489 individuals from /dcs04/lieber/shared/statsgen/LDSC/base/referencefiles/1000G_EUR_Phase3_plink/1000G.EUR.QC.7.fam
Reading genotypes from /dcs04/lieber/shared/statsgen/LDSC/base/referencefiles/1000G_EUR_Phase3_plink/1000G.EUR.QC.7.bed
After filtering, 589569 SNPs remain
Estimating LD Score.
Reading list of 75316 SNPs for which to print LD Scores from /dcs04/lieber/shared/statsgen/LDSC/base/referencefiles/hapmap3_snps/hm.7.snp
After merging with --print-snps, LD Scores for 65848 SNPs will be printed.
Writing LD Scores for 65848 SNPs to ./out_VMH2_mk/chr.7.l2.ldscore.gz

Summary of LD Scores in ./out_VMH2_mk/chr.7.l2.ldscore.gz
         MAF        L2
mean  0.2376   10.9075
std   0.1437   34.8083
min   0.0051   -2.2982
25%   0.1104    0.0000
50%   0.2290    0.0000
75%   0.3609    1.8752
max   0.5000  554.1939

MAF/LD Score Correlation Matrix
        MAF      L2
MAF  1.0000  0.0739
L2   0.0739  1.0000

Annotation Correlation Matrix
       ANNOT
ANNOT    1.0

Annotation Matrix Column Sums
ANNOT    55781

Summary of Annotation Matrix Row Sums
count    589569.0000
mean          0.0946
std           0.2927
min           0.0000
25%           0.0000
50%           0.0000
75%           0.0000
max           1.0000
Analysis finished at Mon Oct 27 23:54:53 2025
Total time elapsed: 2.0m:56.79s
*********************************************************************
* LD Score Regression (LDSC)
* Version 1.0.1
* (C) 2014-2019 Brendan Bulik-Sullivan and Hilary Finucane
* Broad Institute of MIT and Harvard / MIT Department of Mathematics
* GNU General Public License v3
*********************************************************************
Call: 
./ldsc.py \
--print-snps /dcs04/lieber/shared/statsgen/LDSC/base/referencefiles/hapmap3_snps/hm.8.snp \
--ld-wind-cm 1.0 \
--out ./out_VMH2_mk/chr.8 \
--bfile /dcs04/lieber/shared/statsgen/LDSC/base/referencefiles/1000G_EUR_Phase3_plink/1000G.EUR.QC.8 \
--thin-annot  \
--annot ./out_VMH2_mk/chr.8.annot.gz \
--l2  

Beginning analysis at Mon Oct 27 23:54:53 2025
Read list of 549971 SNPs from /dcs04/lieber/shared/statsgen/LDSC/base/referencefiles/1000G_EUR_Phase3_plink/1000G.EUR.QC.8.bim
Read 1 annotations for 549971 SNPs from ./out_VMH2_mk/chr.8.annot.gz
Read list of 489 individuals from /dcs04/lieber/shared/statsgen/LDSC/base/referencefiles/1000G_EUR_Phase3_plink/1000G.EUR.QC.8.fam
Reading genotypes from /dcs04/lieber/shared/statsgen/LDSC/base/referencefiles/1000G_EUR_Phase3_plink/1000G.EUR.QC.8.bed
After filtering, 549971 SNPs remain
Estimating LD Score.
Reading list of 75345 SNPs for which to print LD Scores from /dcs04/lieber/shared/statsgen/LDSC/base/referencefiles/hapmap3_snps/hm.8.snp
After merging with --print-snps, LD Scores for 65167 SNPs will be printed.
Writing LD Scores for 65167 SNPs to ./out_VMH2_mk/chr.8.l2.ldscore.gz

Summary of LD Scores in ./out_VMH2_mk/chr.8.l2.ldscore.gz
         MAF        L2
mean  0.2368    8.7293
std   0.1438   32.3694
min   0.0051   -3.5811
25%   0.1094    0.0000
50%   0.2270    0.0000
75%   0.3599    0.8559
max   0.5000  433.7955

MAF/LD Score Correlation Matrix
        MAF      L2
MAF  1.0000  0.0248
L2   0.0248  1.0000

Annotation Correlation Matrix
       ANNOT
ANNOT    1.0

Annotation Matrix Column Sums
ANNOT    40674

Summary of Annotation Matrix Row Sums
count    549971.0000
mean          0.0740
std           0.2617
min           0.0000
25%           0.0000
50%           0.0000
75%           0.0000
max           1.0000
Analysis finished at Mon Oct 27 23:57:49 2025
Total time elapsed: 2.0m:55.38s
*********************************************************************
* LD Score Regression (LDSC)
* Version 1.0.1
* (C) 2014-2019 Brendan Bulik-Sullivan and Hilary Finucane
* Broad Institute of MIT and Harvard / MIT Department of Mathematics
* GNU General Public License v3
*********************************************************************
Call: 
./ldsc.py \
--print-snps /dcs04/lieber/shared/statsgen/LDSC/base/referencefiles/hapmap3_snps/hm.9.snp \
--ld-wind-cm 1.0 \
--out ./out_VMH2_mk/chr.9 \
--bfile /dcs04/lieber/shared/statsgen/LDSC/base/referencefiles/1000G_EUR_Phase3_plink/1000G.EUR.QC.9 \
--thin-annot  \
--annot ./out_VMH2_mk/chr.9.annot.gz \
--l2  

Beginning analysis at Mon Oct 27 23:57:49 2025
Read list of 438106 SNPs from /dcs04/lieber/shared/statsgen/LDSC/base/referencefiles/1000G_EUR_Phase3_plink/1000G.EUR.QC.9.bim
Read 1 annotations for 438106 SNPs from ./out_VMH2_mk/chr.9.annot.gz
Read list of 489 individuals from /dcs04/lieber/shared/statsgen/LDSC/base/referencefiles/1000G_EUR_Phase3_plink/1000G.EUR.QC.9.fam
Reading genotypes from /dcs04/lieber/shared/statsgen/LDSC/base/referencefiles/1000G_EUR_Phase3_plink/1000G.EUR.QC.9.bed
After filtering, 438106 SNPs remain
Estimating LD Score.
Reading list of 63706 SNPs for which to print LD Scores from /dcs04/lieber/shared/statsgen/LDSC/base/referencefiles/hapmap3_snps/hm.9.snp
After merging with --print-snps, LD Scores for 55885 SNPs will be printed.
Writing LD Scores for 55885 SNPs to ./out_VMH2_mk/chr.9.l2.ldscore.gz

Summary of LD Scores in ./out_VMH2_mk/chr.9.l2.ldscore.gz
         MAF        L2
mean  0.2343    4.9860
std   0.1436   20.5382
min   0.0051   -1.7552
25%   0.1084    0.0000
50%   0.2239    0.0000
75%   0.3558    0.0000
max   0.5000  273.0514

MAF/LD Score Correlation Matrix
        MAF      L2
MAF  1.0000  0.0199
L2   0.0199  1.0000

Annotation Correlation Matrix
       ANNOT
ANNOT    1.0

Annotation Matrix Column Sums
ANNOT    20917

Summary of Annotation Matrix Row Sums
count    438106.0000
mean          0.0477
std           0.2132
min           0.0000
25%           0.0000
50%           0.0000
75%           0.0000
max           1.0000
Analysis finished at Mon Oct 27 23:59:38 2025
Total time elapsed: 1.0m:48.49s
*********************************************************************
* LD Score Regression (LDSC)
* Version 1.0.1
* (C) 2014-2019 Brendan Bulik-Sullivan and Hilary Finucane
* Broad Institute of MIT and Harvard / MIT Department of Mathematics
* GNU General Public License v3
*********************************************************************
Call: 
./ldsc.py \
--print-snps /dcs04/lieber/shared/statsgen/LDSC/base/referencefiles/hapmap3_snps/hm.10.snp \
--ld-wind-cm 1.0 \
--out ./out_VMH2_mk/chr.10 \
--bfile /dcs04/lieber/shared/statsgen/LDSC/base/referencefiles/1000G_EUR_Phase3_plink/1000G.EUR.QC.10 \
--thin-annot  \
--annot ./out_VMH2_mk/chr.10.annot.gz \
--l2  

Beginning analysis at Mon Oct 27 23:59:38 2025
Read list of 510501 SNPs from /dcs04/lieber/shared/statsgen/LDSC/base/referencefiles/1000G_EUR_Phase3_plink/1000G.EUR.QC.10.bim
Read 1 annotations for 510501 SNPs from ./out_VMH2_mk/chr.10.annot.gz
Read list of 489 individuals from /dcs04/lieber/shared/statsgen/LDSC/base/referencefiles/1000G_EUR_Phase3_plink/1000G.EUR.QC.10.fam
Reading genotypes from /dcs04/lieber/shared/statsgen/LDSC/base/referencefiles/1000G_EUR_Phase3_plink/1000G.EUR.QC.10.bed
After filtering, 510501 SNPs remain
Estimating LD Score.
Reading list of 73929 SNPs for which to print LD Scores from /dcs04/lieber/shared/statsgen/LDSC/base/referencefiles/hapmap3_snps/hm.10.snp
After merging with --print-snps, LD Scores for 64236 SNPs will be printed.
Writing LD Scores for 64236 SNPs to ./out_VMH2_mk/chr.10.l2.ldscore.gz

Summary of LD Scores in ./out_VMH2_mk/chr.10.l2.ldscore.gz
         MAF        L2
mean  0.2316    5.6753
std   0.1438   26.8165
min   0.0051   -1.6463
25%   0.1053    0.0000
50%   0.2188    0.0000
75%   0.3538    0.0000
max   0.5000  498.0574

MAF/LD Score Correlation Matrix
        MAF      L2
MAF  1.0000  0.0286
L2   0.0286  1.0000

Annotation Correlation Matrix
       ANNOT
ANNOT    1.0

Annotation Matrix Column Sums
ANNOT    24524

Summary of Annotation Matrix Row Sums
count    510501.0000
mean          0.0480
std           0.2138
min           0.0000
25%           0.0000
50%           0.0000
75%           0.0000
max           1.0000
Analysis finished at Tue Oct 28 00:01:48 2025
Total time elapsed: 2.0m:9.29s
*********************************************************************
* LD Score Regression (LDSC)
* Version 1.0.1
* (C) 2014-2019 Brendan Bulik-Sullivan and Hilary Finucane
* Broad Institute of MIT and Harvard / MIT Department of Mathematics
* GNU General Public License v3
*********************************************************************
Call: 
./ldsc.py \
--print-snps /dcs04/lieber/shared/statsgen/LDSC/base/referencefiles/hapmap3_snps/hm.11.snp \
--ld-wind-cm 1.0 \
--out ./out_VMH2_mk/chr.11 \
--bfile /dcs04/lieber/shared/statsgen/LDSC/base/referencefiles/1000G_EUR_Phase3_plink/1000G.EUR.QC.11 \
--thin-annot  \
--annot ./out_VMH2_mk/chr.11.annot.gz \
--l2  

Beginning analysis at Tue Oct 28 00:01:48 2025
Read list of 493922 SNPs from /dcs04/lieber/shared/statsgen/LDSC/base/referencefiles/1000G_EUR_Phase3_plink/1000G.EUR.QC.11.bim
Read 1 annotations for 493922 SNPs from ./out_VMH2_mk/chr.11.annot.gz
Read list of 489 individuals from /dcs04/lieber/shared/statsgen/LDSC/base/referencefiles/1000G_EUR_Phase3_plink/1000G.EUR.QC.11.fam
Reading genotypes from /dcs04/lieber/shared/statsgen/LDSC/base/referencefiles/1000G_EUR_Phase3_plink/1000G.EUR.QC.11.bed
After filtering, 493922 SNPs remain
Estimating LD Score.
Reading list of 71092 SNPs for which to print LD Scores from /dcs04/lieber/shared/statsgen/LDSC/base/referencefiles/hapmap3_snps/hm.11.snp
After merging with --print-snps, LD Scores for 61027 SNPs will be printed.
Writing LD Scores for 61027 SNPs to ./out_VMH2_mk/chr.11.l2.ldscore.gz

Summary of LD Scores in ./out_VMH2_mk/chr.11.l2.ldscore.gz
         MAF        L2
mean  0.2389    8.1784
std   0.1430   29.0828
min   0.0051   -3.6314
25%   0.1145    0.0000
50%   0.2301    0.0000
75%   0.3609    0.8295
max   0.5000  538.7030

MAF/LD Score Correlation Matrix
        MAF      L2
MAF  1.0000  0.0371
L2   0.0371  1.0000

Annotation Correlation Matrix
       ANNOT
ANNOT    1.0

Annotation Matrix Column Sums
ANNOT    36385

Summary of Annotation Matrix Row Sums
count    493922.0000
mean          0.0737
std           0.2612
min           0.0000
25%           0.0000
50%           0.0000
75%           0.0000
max           1.0000
Analysis finished at Tue Oct 28 00:05:09 2025
Total time elapsed: 3.0m:20.46s
*********************************************************************
* LD Score Regression (LDSC)
* Version 1.0.1
* (C) 2014-2019 Brendan Bulik-Sullivan and Hilary Finucane
* Broad Institute of MIT and Harvard / MIT Department of Mathematics
* GNU General Public License v3
*********************************************************************
Call: 
./ldsc.py \
--print-snps /dcs04/lieber/shared/statsgen/LDSC/base/referencefiles/hapmap3_snps/hm.12.snp \
--ld-wind-cm 1.0 \
--out ./out_VMH2_mk/chr.12 \
--bfile /dcs04/lieber/shared/statsgen/LDSC/base/referencefiles/1000G_EUR_Phase3_plink/1000G.EUR.QC.12 \
--thin-annot  \
--annot ./out_VMH2_mk/chr.12.annot.gz \
--l2  

Beginning analysis at Tue Oct 28 00:05:09 2025
Read list of 480110 SNPs from /dcs04/lieber/shared/statsgen/LDSC/base/referencefiles/1000G_EUR_Phase3_plink/1000G.EUR.QC.12.bim
Read 1 annotations for 480110 SNPs from ./out_VMH2_mk/chr.12.annot.gz
Read list of 489 individuals from /dcs04/lieber/shared/statsgen/LDSC/base/referencefiles/1000G_EUR_Phase3_plink/1000G.EUR.QC.12.fam
Reading genotypes from /dcs04/lieber/shared/statsgen/LDSC/base/referencefiles/1000G_EUR_Phase3_plink/1000G.EUR.QC.12.bed
After filtering, 480110 SNPs remain
Estimating LD Score.
Reading list of 68635 SNPs for which to print LD Scores from /dcs04/lieber/shared/statsgen/LDSC/base/referencefiles/hapmap3_snps/hm.12.snp
After merging with --print-snps, LD Scores for 58127 SNPs will be printed.
Writing LD Scores for 58127 SNPs to ./out_VMH2_mk/chr.12.l2.ldscore.gz

Summary of LD Scores in ./out_VMH2_mk/chr.12.l2.ldscore.gz
         MAF        L2
mean  0.2320    7.6175
std   0.1438   22.7441
min   0.0051   -1.5262
25%   0.1063    0.0000
50%   0.2198    0.0000
75%   0.3548    1.4392
max   0.5000  256.4832

MAF/LD Score Correlation Matrix
        MAF      L2
MAF  1.0000  0.0559
L2   0.0559  1.0000

Annotation Correlation Matrix
       ANNOT
ANNOT    1.0

Annotation Matrix Column Sums
ANNOT    40079

Summary of Annotation Matrix Row Sums
count    480110.0000
mean          0.0835
std           0.2766
min           0.0000
25%           0.0000
50%           0.0000
75%           0.0000
max           1.0000
Analysis finished at Tue Oct 28 00:07:24 2025
Total time elapsed: 2.0m:14.26s
*********************************************************************
* LD Score Regression (LDSC)
* Version 1.0.1
* (C) 2014-2019 Brendan Bulik-Sullivan and Hilary Finucane
* Broad Institute of MIT and Harvard / MIT Department of Mathematics
* GNU General Public License v3
*********************************************************************
Call: 
./ldsc.py \
--print-snps /dcs04/lieber/shared/statsgen/LDSC/base/referencefiles/hapmap3_snps/hm.13.snp \
--ld-wind-cm 1.0 \
--out ./out_VMH2_mk/chr.13 \
--bfile /dcs04/lieber/shared/statsgen/LDSC/base/referencefiles/1000G_EUR_Phase3_plink/1000G.EUR.QC.13 \
--thin-annot  \
--annot ./out_VMH2_mk/chr.13.annot.gz \
--l2  

Beginning analysis at Tue Oct 28 00:07:25 2025
Read list of 366200 SNPs from /dcs04/lieber/shared/statsgen/LDSC/base/referencefiles/1000G_EUR_Phase3_plink/1000G.EUR.QC.13.bim
Read 1 annotations for 366200 SNPs from ./out_VMH2_mk/chr.13.annot.gz
Read list of 489 individuals from /dcs04/lieber/shared/statsgen/LDSC/base/referencefiles/1000G_EUR_Phase3_plink/1000G.EUR.QC.13.fam
Reading genotypes from /dcs04/lieber/shared/statsgen/LDSC/base/referencefiles/1000G_EUR_Phase3_plink/1000G.EUR.QC.13.bed
After filtering, 366200 SNPs remain
Estimating LD Score.
Reading list of 52010 SNPs for which to print LD Scores from /dcs04/lieber/shared/statsgen/LDSC/base/referencefiles/hapmap3_snps/hm.13.snp
After merging with --print-snps, LD Scores for 45136 SNPs will be printed.
Writing LD Scores for 45136 SNPs to ./out_VMH2_mk/chr.13.l2.ldscore.gz

Summary of LD Scores in ./out_VMH2_mk/chr.13.l2.ldscore.gz
         MAF        L2
mean  0.2329    6.6527
std   0.1436   23.4375
min   0.0051   -1.8347
25%   0.1063    0.0000
50%   0.2198    0.0000
75%   0.3548    0.6312
max   0.5000  257.2611

MAF/LD Score Correlation Matrix
        MAF      L2
MAF  1.0000  0.0442
L2   0.0442  1.0000

Annotation Correlation Matrix
       ANNOT
ANNOT    1.0

Annotation Matrix Column Sums
ANNOT    23517

Summary of Annotation Matrix Row Sums
count    366200.0000
mean          0.0642
std           0.2451
min           0.0000
25%           0.0000
50%           0.0000
75%           0.0000
max           1.0000
Analysis finished at Tue Oct 28 00:09:13 2025
Total time elapsed: 1.0m:48.22s
*********************************************************************
* LD Score Regression (LDSC)
* Version 1.0.1
* (C) 2014-2019 Brendan Bulik-Sullivan and Hilary Finucane
* Broad Institute of MIT and Harvard / MIT Department of Mathematics
* GNU General Public License v3
*********************************************************************
Call: 
./ldsc.py \
--print-snps /dcs04/lieber/shared/statsgen/LDSC/base/referencefiles/hapmap3_snps/hm.14.snp \
--ld-wind-cm 1.0 \
--out ./out_VMH2_mk/chr.14 \
--bfile /dcs04/lieber/shared/statsgen/LDSC/base/referencefiles/1000G_EUR_Phase3_plink/1000G.EUR.QC.14 \
--thin-annot  \
--annot ./out_VMH2_mk/chr.14.annot.gz \
--l2  

Beginning analysis at Tue Oct 28 00:09:14 2025
Read list of 324698 SNPs from /dcs04/lieber/shared/statsgen/LDSC/base/referencefiles/1000G_EUR_Phase3_plink/1000G.EUR.QC.14.bim
Read 1 annotations for 324698 SNPs from ./out_VMH2_mk/chr.14.annot.gz
Read list of 489 individuals from /dcs04/lieber/shared/statsgen/LDSC/base/referencefiles/1000G_EUR_Phase3_plink/1000G.EUR.QC.14.fam
Reading genotypes from /dcs04/lieber/shared/statsgen/LDSC/base/referencefiles/1000G_EUR_Phase3_plink/1000G.EUR.QC.14.bed
After filtering, 324698 SNPs remain
Estimating LD Score.
Reading list of 45556 SNPs for which to print LD Scores from /dcs04/lieber/shared/statsgen/LDSC/base/referencefiles/hapmap3_snps/hm.14.snp
After merging with --print-snps, LD Scores for 39504 SNPs will be printed.
Writing LD Scores for 39504 SNPs to ./out_VMH2_mk/chr.14.l2.ldscore.gz

Summary of LD Scores in ./out_VMH2_mk/chr.14.l2.ldscore.gz
         MAF        L2
mean  0.2308    7.1865
std   0.1432   27.2109
min   0.0051   -1.8140
25%   0.1053    0.0000
50%   0.2188    0.0000
75%   0.3497    0.2550
max   0.5000  307.6289

MAF/LD Score Correlation Matrix
        MAF      L2
MAF  1.0000 -0.0175
L2  -0.0175  1.0000

Annotation Correlation Matrix
       ANNOT
ANNOT    1.0

Annotation Matrix Column Sums
ANNOT    19907

Summary of Annotation Matrix Row Sums
count    324698.0000
mean          0.0613
std           0.2399
min           0.0000
25%           0.0000
50%           0.0000
75%           0.0000
max           1.0000
Analysis finished at Tue Oct 28 00:10:41 2025
Total time elapsed: 1.0m:27.23s
*********************************************************************
* LD Score Regression (LDSC)
* Version 1.0.1
* (C) 2014-2019 Brendan Bulik-Sullivan and Hilary Finucane
* Broad Institute of MIT and Harvard / MIT Department of Mathematics
* GNU General Public License v3
*********************************************************************
Call: 
./ldsc.py \
--print-snps /dcs04/lieber/shared/statsgen/LDSC/base/referencefiles/hapmap3_snps/hm.15.snp \
--ld-wind-cm 1.0 \
--out ./out_VMH2_mk/chr.15 \
--bfile /dcs04/lieber/shared/statsgen/LDSC/base/referencefiles/1000G_EUR_Phase3_plink/1000G.EUR.QC.15 \
--thin-annot  \
--annot ./out_VMH2_mk/chr.15.annot.gz \
--l2  

Beginning analysis at Tue Oct 28 00:10:41 2025
Read list of 287001 SNPs from /dcs04/lieber/shared/statsgen/LDSC/base/referencefiles/1000G_EUR_Phase3_plink/1000G.EUR.QC.15.bim
Read 1 annotations for 287001 SNPs from ./out_VMH2_mk/chr.15.annot.gz
Read list of 489 individuals from /dcs04/lieber/shared/statsgen/LDSC/base/referencefiles/1000G_EUR_Phase3_plink/1000G.EUR.QC.15.fam
Reading genotypes from /dcs04/lieber/shared/statsgen/LDSC/base/referencefiles/1000G_EUR_Phase3_plink/1000G.EUR.QC.15.bed
After filtering, 287001 SNPs remain
Estimating LD Score.
Reading list of 42410 SNPs for which to print LD Scores from /dcs04/lieber/shared/statsgen/LDSC/base/referencefiles/hapmap3_snps/hm.15.snp
After merging with --print-snps, LD Scores for 36291 SNPs will be printed.
Writing LD Scores for 36291 SNPs to ./out_VMH2_mk/chr.15.l2.ldscore.gz

Summary of LD Scores in ./out_VMH2_mk/chr.15.l2.ldscore.gz
         MAF        L2
mean  0.2363   11.3381
std   0.1452   31.7493
min   0.0051   -1.9106
25%   0.1084    0.0000
50%   0.2260    0.0000
75%   0.3630    2.6805
max   0.5000  333.2034

MAF/LD Score Correlation Matrix
        MAF      L2
MAF  1.0000  0.0513
L2   0.0513  1.0000

Annotation Correlation Matrix
       ANNOT
ANNOT    1.0

Annotation Matrix Column Sums
ANNOT    32789

Summary of Annotation Matrix Row Sums
count    287001.0000
mean          0.1142
std           0.3181
min           0.0000
25%           0.0000
50%           0.0000
75%           0.0000
max           1.0000
Analysis finished at Tue Oct 28 00:12:05 2025
Total time elapsed: 1.0m:23.42s
*********************************************************************
* LD Score Regression (LDSC)
* Version 1.0.1
* (C) 2014-2019 Brendan Bulik-Sullivan and Hilary Finucane
* Broad Institute of MIT and Harvard / MIT Department of Mathematics
* GNU General Public License v3
*********************************************************************
Call: 
./ldsc.py \
--print-snps /dcs04/lieber/shared/statsgen/LDSC/base/referencefiles/hapmap3_snps/hm.16.snp \
--ld-wind-cm 1.0 \
--out ./out_VMH2_mk/chr.16 \
--bfile /dcs04/lieber/shared/statsgen/LDSC/base/referencefiles/1000G_EUR_Phase3_plink/1000G.EUR.QC.16 \
--thin-annot  \
--annot ./out_VMH2_mk/chr.16.annot.gz \
--l2  

Beginning analysis at Tue Oct 28 00:12:05 2025
Read list of 316981 SNPs from /dcs04/lieber/shared/statsgen/LDSC/base/referencefiles/1000G_EUR_Phase3_plink/1000G.EUR.QC.16.bim
Read 1 annotations for 316981 SNPs from ./out_VMH2_mk/chr.16.annot.gz
Read list of 489 individuals from /dcs04/lieber/shared/statsgen/LDSC/base/referencefiles/1000G_EUR_Phase3_plink/1000G.EUR.QC.16.fam
Reading genotypes from /dcs04/lieber/shared/statsgen/LDSC/base/referencefiles/1000G_EUR_Phase3_plink/1000G.EUR.QC.16.bed
After filtering, 316981 SNPs remain
Estimating LD Score.
Reading list of 44710 SNPs for which to print LD Scores from /dcs04/lieber/shared/statsgen/LDSC/base/referencefiles/hapmap3_snps/hm.16.snp
After merging with --print-snps, LD Scores for 37656 SNPs will be printed.
Writing LD Scores for 37656 SNPs to ./out_VMH2_mk/chr.16.l2.ldscore.gz

Summary of LD Scores in ./out_VMH2_mk/chr.16.l2.ldscore.gz
         MAF        L2
mean  0.2370   14.6616
std   0.1437   31.8448
min   0.0051   -1.2873
25%   0.1115    0.0000
50%   0.2290    0.0000
75%   0.3589    8.0405
max   0.5000  265.8284

MAF/LD Score Correlation Matrix
        MAF      L2
MAF  1.0000  0.0803
L2   0.0803  1.0000

Annotation Correlation Matrix
       ANNOT
ANNOT    1.0

Annotation Matrix Column Sums
ANNOT    57372

Summary of Annotation Matrix Row Sums
count    316981.000
mean          0.181
std           0.385
min           0.000
25%           0.000
50%           0.000
75%           0.000
max           1.000
Analysis finished at Tue Oct 28 00:13:41 2025
Total time elapsed: 1.0m:35.33s
*********************************************************************
* LD Score Regression (LDSC)
* Version 1.0.1
* (C) 2014-2019 Brendan Bulik-Sullivan and Hilary Finucane
* Broad Institute of MIT and Harvard / MIT Department of Mathematics
* GNU General Public License v3
*********************************************************************
Call: 
./ldsc.py \
--print-snps /dcs04/lieber/shared/statsgen/LDSC/base/referencefiles/hapmap3_snps/hm.17.snp \
--ld-wind-cm 1.0 \
--out ./out_VMH2_mk/chr.17 \
--bfile /dcs04/lieber/shared/statsgen/LDSC/base/referencefiles/1000G_EUR_Phase3_plink/1000G.EUR.QC.17 \
--thin-annot  \
--annot ./out_VMH2_mk/chr.17.annot.gz \
--l2  

Beginning analysis at Tue Oct 28 00:13:41 2025
Read list of 269222 SNPs from /dcs04/lieber/shared/statsgen/LDSC/base/referencefiles/1000G_EUR_Phase3_plink/1000G.EUR.QC.17.bim
Read 1 annotations for 269222 SNPs from ./out_VMH2_mk/chr.17.annot.gz
Read list of 489 individuals from /dcs04/lieber/shared/statsgen/LDSC/base/referencefiles/1000G_EUR_Phase3_plink/1000G.EUR.QC.17.fam
Reading genotypes from /dcs04/lieber/shared/statsgen/LDSC/base/referencefiles/1000G_EUR_Phase3_plink/1000G.EUR.QC.17.bed
After filtering, 269222 SNPs remain
Estimating LD Score.
Reading list of 38396 SNPs for which to print LD Scores from /dcs04/lieber/shared/statsgen/LDSC/base/referencefiles/hapmap3_snps/hm.17.snp
After merging with --print-snps, LD Scores for 32315 SNPs will be printed.
Writing LD Scores for 32315 SNPs to ./out_VMH2_mk/chr.17.l2.ldscore.gz

Summary of LD Scores in ./out_VMH2_mk/chr.17.l2.ldscore.gz
         MAF         L2
mean  0.2414    18.2167
std   0.1449   112.1723
min   0.0051    -3.1832
25%   0.1135     0.0000
50%   0.2352     0.0000
75%   0.3671     2.7171
max   0.5000  1556.4086

MAF/LD Score Correlation Matrix
        MAF      L2
MAF  1.0000  0.0222
L2   0.0222  1.0000

Annotation Correlation Matrix
       ANNOT
ANNOT    1.0

Annotation Matrix Column Sums
ANNOT    30762

Summary of Annotation Matrix Row Sums
count    269222.0000
mean          0.1143
std           0.3181
min           0.0000
25%           0.0000
50%           0.0000
75%           0.0000
max           1.0000
Analysis finished at Tue Oct 28 00:14:53 2025
Total time elapsed: 1.0m:11.92s
*********************************************************************
* LD Score Regression (LDSC)
* Version 1.0.1
* (C) 2014-2019 Brendan Bulik-Sullivan and Hilary Finucane
* Broad Institute of MIT and Harvard / MIT Department of Mathematics
* GNU General Public License v3
*********************************************************************
Call: 
./ldsc.py \
--print-snps /dcs04/lieber/shared/statsgen/LDSC/base/referencefiles/hapmap3_snps/hm.18.snp \
--ld-wind-cm 1.0 \
--out ./out_VMH2_mk/chr.18 \
--bfile /dcs04/lieber/shared/statsgen/LDSC/base/referencefiles/1000G_EUR_Phase3_plink/1000G.EUR.QC.18 \
--thin-annot  \
--annot ./out_VMH2_mk/chr.18.annot.gz \
--l2  

Beginning analysis at Tue Oct 28 00:14:54 2025
Read list of 285156 SNPs from /dcs04/lieber/shared/statsgen/LDSC/base/referencefiles/1000G_EUR_Phase3_plink/1000G.EUR.QC.18.bim
Read 1 annotations for 285156 SNPs from ./out_VMH2_mk/chr.18.annot.gz
Read list of 489 individuals from /dcs04/lieber/shared/statsgen/LDSC/base/referencefiles/1000G_EUR_Phase3_plink/1000G.EUR.QC.18.fam
Reading genotypes from /dcs04/lieber/shared/statsgen/LDSC/base/referencefiles/1000G_EUR_Phase3_plink/1000G.EUR.QC.18.bed
After filtering, 285156 SNPs remain
Estimating LD Score.
Reading list of 40891 SNPs for which to print LD Scores from /dcs04/lieber/shared/statsgen/LDSC/base/referencefiles/hapmap3_snps/hm.18.snp
After merging with --print-snps, LD Scores for 35326 SNPs will be printed.
Writing LD Scores for 35326 SNPs to ./out_VMH2_mk/chr.18.l2.ldscore.gz

Summary of LD Scores in ./out_VMH2_mk/chr.18.l2.ldscore.gz
         MAF        L2
mean  0.2356    8.1015
std   0.1434   25.4285
min   0.0051   -1.9297
25%   0.1094    0.0000
50%   0.2249    0.0000
75%   0.3569    0.4249
max   0.5000  273.2718

MAF/LD Score Correlation Matrix
        MAF      L2
MAF  1.0000  0.0509
L2   0.0509  1.0000

Annotation Correlation Matrix
       ANNOT
ANNOT    1.0

Annotation Matrix Column Sums
ANNOT    26731

Summary of Annotation Matrix Row Sums
count    285156.0000
mean          0.0937
std           0.2915
min           0.0000
25%           0.0000
50%           0.0000
75%           0.0000
max           1.0000
Analysis finished at Tue Oct 28 00:16:03 2025
Total time elapsed: 1.0m:9.67s
*********************************************************************
* LD Score Regression (LDSC)
* Version 1.0.1
* (C) 2014-2019 Brendan Bulik-Sullivan and Hilary Finucane
* Broad Institute of MIT and Harvard / MIT Department of Mathematics
* GNU General Public License v3
*********************************************************************
Call: 
./ldsc.py \
--print-snps /dcs04/lieber/shared/statsgen/LDSC/base/referencefiles/hapmap3_snps/hm.19.snp \
--ld-wind-cm 1.0 \
--out ./out_VMH2_mk/chr.19 \
--bfile /dcs04/lieber/shared/statsgen/LDSC/base/referencefiles/1000G_EUR_Phase3_plink/1000G.EUR.QC.19 \
--thin-annot  \
--annot ./out_VMH2_mk/chr.19.annot.gz \
--l2  

Beginning analysis at Tue Oct 28 00:16:04 2025
Read list of 232363 SNPs from /dcs04/lieber/shared/statsgen/LDSC/base/referencefiles/1000G_EUR_Phase3_plink/1000G.EUR.QC.19.bim
Read 1 annotations for 232363 SNPs from ./out_VMH2_mk/chr.19.annot.gz
Read list of 489 individuals from /dcs04/lieber/shared/statsgen/LDSC/base/referencefiles/1000G_EUR_Phase3_plink/1000G.EUR.QC.19.fam
Reading genotypes from /dcs04/lieber/shared/statsgen/LDSC/base/referencefiles/1000G_EUR_Phase3_plink/1000G.EUR.QC.19.bed
After filtering, 232363 SNPs remain
Estimating LD Score.
Reading list of 26259 SNPs for which to print LD Scores from /dcs04/lieber/shared/statsgen/LDSC/base/referencefiles/hapmap3_snps/hm.19.snp
After merging with --print-snps, LD Scores for 21991 SNPs will be printed.
Writing LD Scores for 21991 SNPs to ./out_VMH2_mk/chr.19.l2.ldscore.gz

Summary of LD Scores in ./out_VMH2_mk/chr.19.l2.ldscore.gz
         MAF        L2
mean  0.2369   12.0923
std   0.1428   24.9329
min   0.0051   -1.3738
25%   0.1125    0.0000
50%   0.2331    0.2148
75%   0.3569    9.7729
max   0.5000  196.1750

MAF/LD Score Correlation Matrix
        MAF      L2
MAF  1.0000  0.0715
L2   0.0715  1.0000

Annotation Correlation Matrix
       ANNOT
ANNOT    1.0

Annotation Matrix Column Sums
ANNOT    40663

Summary of Annotation Matrix Row Sums
count    232363.000
mean          0.175
std           0.380
min           0.000
25%           0.000
50%           0.000
75%           0.000
max           1.000
Analysis finished at Tue Oct 28 00:17:11 2025
Total time elapsed: 1.0m:6.76s
*********************************************************************
* LD Score Regression (LDSC)
* Version 1.0.1
* (C) 2014-2019 Brendan Bulik-Sullivan and Hilary Finucane
* Broad Institute of MIT and Harvard / MIT Department of Mathematics
* GNU General Public License v3
*********************************************************************
Call: 
./ldsc.py \
--print-snps /dcs04/lieber/shared/statsgen/LDSC/base/referencefiles/hapmap3_snps/hm.20.snp \
--ld-wind-cm 1.0 \
--out ./out_VMH2_mk/chr.20 \
--bfile /dcs04/lieber/shared/statsgen/LDSC/base/referencefiles/1000G_EUR_Phase3_plink/1000G.EUR.QC.20 \
--thin-annot  \
--annot ./out_VMH2_mk/chr.20.annot.gz \
--l2  

Beginning analysis at Tue Oct 28 00:17:11 2025
Read list of 221626 SNPs from /dcs04/lieber/shared/statsgen/LDSC/base/referencefiles/1000G_EUR_Phase3_plink/1000G.EUR.QC.20.bim
Read 1 annotations for 221626 SNPs from ./out_VMH2_mk/chr.20.annot.gz
Read list of 489 individuals from /dcs04/lieber/shared/statsgen/LDSC/base/referencefiles/1000G_EUR_Phase3_plink/1000G.EUR.QC.20.fam
Reading genotypes from /dcs04/lieber/shared/statsgen/LDSC/base/referencefiles/1000G_EUR_Phase3_plink/1000G.EUR.QC.20.bed
After filtering, 221626 SNPs remain
Estimating LD Score.
Reading list of 36301 SNPs for which to print LD Scores from /dcs04/lieber/shared/statsgen/LDSC/base/referencefiles/hapmap3_snps/hm.20.snp
After merging with --print-snps, LD Scores for 31359 SNPs will be printed.
Writing LD Scores for 31359 SNPs to ./out_VMH2_mk/chr.20.l2.ldscore.gz

Summary of LD Scores in ./out_VMH2_mk/chr.20.l2.ldscore.gz
         MAF        L2
mean  0.2336   19.1332
std   0.1437   37.6017
min   0.0051   -1.9324
25%   0.1063    0.0000
50%   0.2219    0.3248
75%   0.3569   20.7330
max   0.5000  312.4990

MAF/LD Score Correlation Matrix
        MAF      L2
MAF  1.0000  0.1032
L2   0.1032  1.0000

Annotation Correlation Matrix
       ANNOT
ANNOT    1.0

Annotation Matrix Column Sums
ANNOT    46821

Summary of Annotation Matrix Row Sums
count    221626.0000
mean          0.2113
std           0.4082
min           0.0000
25%           0.0000
50%           0.0000
75%           0.0000
max           1.0000
Analysis finished at Tue Oct 28 00:18:15 2025
Total time elapsed: 1.0m:3.63s
**** Job ends ****
Tue Oct 28 12:18:15 AM EDT 2025
