**** Job starts ****
Mon Oct 27 11:29:52 PM EDT 2025
*********************************************************************
* LD Score Regression (LDSC)
* Version 1.0.1
* (C) 2014-2019 Brendan Bulik-Sullivan and Hilary Finucane
* Broad Institute of MIT and Harvard / MIT Department of Mathematics
* GNU General Public License v3
*********************************************************************
Call: 
./ldsc.py \
--print-snps /dcs04/lieber/shared/statsgen/LDSC/base/referencefiles/hapmap3_snps/hm.3.snp \
--ld-wind-cm 1.0 \
--out ./out_DROP_sexDE/chr.3 \
--bfile /dcs04/lieber/shared/statsgen/LDSC/base/referencefiles/1000G_EUR_Phase3_plink/1000G.EUR.QC.3 \
--thin-annot  \
--annot ./out_DROP_sexDE/chr.3.annot.gz \
--l2  

Beginning analysis at Mon Oct 27 23:29:54 2025
Read list of 706350 SNPs from /dcs04/lieber/shared/statsgen/LDSC/base/referencefiles/1000G_EUR_Phase3_plink/1000G.EUR.QC.3.bim
Read 1 annotations for 706350 SNPs from ./out_DROP_sexDE/chr.3.annot.gz
Read list of 489 individuals from /dcs04/lieber/shared/statsgen/LDSC/base/referencefiles/1000G_EUR_Phase3_plink/1000G.EUR.QC.3.fam
Reading genotypes from /dcs04/lieber/shared/statsgen/LDSC/base/referencefiles/1000G_EUR_Phase3_plink/1000G.EUR.QC.3.bed
After filtering, 706350 SNPs remain
Estimating LD Score.
Reading list of 96664 SNPs for which to print LD Scores from /dcs04/lieber/shared/statsgen/LDSC/base/referencefiles/hapmap3_snps/hm.3.snp
After merging with --print-snps, LD Scores for 83286 SNPs will be printed.
Writing LD Scores for 83286 SNPs to ./out_DROP_sexDE/chr.3.l2.ldscore.gz

Summary of LD Scores in ./out_DROP_sexDE/chr.3.l2.ldscore.gz
         MAF        L2
mean  0.2395    1.4561
std   0.1436   11.3722
min   0.0051   -1.2768
25%   0.1145    0.0000
50%   0.2311    0.0000
75%   0.3630    0.0000
max   0.5000  271.6571

MAF/LD Score Correlation Matrix
        MAF      L2
MAF  1.0000  0.0236
L2   0.0236  1.0000

Annotation Correlation Matrix
       ANNOT
ANNOT    1.0

Annotation Matrix Column Sums
ANNOT    9966

Summary of Annotation Matrix Row Sums
count    706350.0000
mean          0.0141
std           0.1179
min           0.0000
25%           0.0000
50%           0.0000
75%           0.0000
max           1.0000
Analysis finished at Mon Oct 27 23:32:44 2025
Total time elapsed: 2.0m:50.05s
*********************************************************************
* LD Score Regression (LDSC)
* Version 1.0.1
* (C) 2014-2019 Brendan Bulik-Sullivan and Hilary Finucane
* Broad Institute of MIT and Harvard / MIT Department of Mathematics
* GNU General Public License v3
*********************************************************************
Call: 
./ldsc.py \
--print-snps /dcs04/lieber/shared/statsgen/LDSC/base/referencefiles/hapmap3_snps/hm.4.snp \
--ld-wind-cm 1.0 \
--out ./out_DROP_sexDE/chr.4 \
--bfile /dcs04/lieber/shared/statsgen/LDSC/base/referencefiles/1000G_EUR_Phase3_plink/1000G.EUR.QC.4 \
--thin-annot  \
--annot ./out_DROP_sexDE/chr.4.annot.gz \
--l2  

Beginning analysis at Mon Oct 27 23:32:44 2025
Read list of 729645 SNPs from /dcs04/lieber/shared/statsgen/LDSC/base/referencefiles/1000G_EUR_Phase3_plink/1000G.EUR.QC.4.bim
Read 1 annotations for 729645 SNPs from ./out_DROP_sexDE/chr.4.annot.gz
Read list of 489 individuals from /dcs04/lieber/shared/statsgen/LDSC/base/referencefiles/1000G_EUR_Phase3_plink/1000G.EUR.QC.4.fam
Reading genotypes from /dcs04/lieber/shared/statsgen/LDSC/base/referencefiles/1000G_EUR_Phase3_plink/1000G.EUR.QC.4.bed
After filtering, 729645 SNPs remain
Estimating LD Score.
Reading list of 85881 SNPs for which to print LD Scores from /dcs04/lieber/shared/statsgen/LDSC/base/referencefiles/hapmap3_snps/hm.4.snp
After merging with --print-snps, LD Scores for 74259 SNPs will be printed.
Writing LD Scores for 74259 SNPs to ./out_DROP_sexDE/chr.4.l2.ldscore.gz

Summary of LD Scores in ./out_DROP_sexDE/chr.4.l2.ldscore.gz
         MAF        L2
mean  0.2367    2.0935
std   0.1431   15.2504
min   0.0051   -1.6551
25%   0.1115    0.0000
50%   0.2301    0.0000
75%   0.3579    0.0000
max   0.5000  317.5415

MAF/LD Score Correlation Matrix
        MAF      L2
MAF  1.0000  0.0617
L2   0.0617  1.0000

Annotation Correlation Matrix
       ANNOT
ANNOT    1.0

Annotation Matrix Column Sums
ANNOT    11336

Summary of Annotation Matrix Row Sums
count    729645.0000
mean          0.0155
std           0.1237
min           0.0000
25%           0.0000
50%           0.0000
75%           0.0000
max           1.0000
Analysis finished at Mon Oct 27 23:35:48 2025
Total time elapsed: 3.0m:3.56s
*********************************************************************
* LD Score Regression (LDSC)
* Version 1.0.1
* (C) 2014-2019 Brendan Bulik-Sullivan and Hilary Finucane
* Broad Institute of MIT and Harvard / MIT Department of Mathematics
* GNU General Public License v3
*********************************************************************
Call: 
./ldsc.py \
--print-snps /dcs04/lieber/shared/statsgen/LDSC/base/referencefiles/hapmap3_snps/hm.5.snp \
--ld-wind-cm 1.0 \
--out ./out_DROP_sexDE/chr.5 \
--bfile /dcs04/lieber/shared/statsgen/LDSC/base/referencefiles/1000G_EUR_Phase3_plink/1000G.EUR.QC.5 \
--thin-annot  \
--annot ./out_DROP_sexDE/chr.5.annot.gz \
--l2  

Beginning analysis at Mon Oct 27 23:35:48 2025
Read list of 633015 SNPs from /dcs04/lieber/shared/statsgen/LDSC/base/referencefiles/1000G_EUR_Phase3_plink/1000G.EUR.QC.5.bim
Read 1 annotations for 633015 SNPs from ./out_DROP_sexDE/chr.5.annot.gz
Read list of 489 individuals from /dcs04/lieber/shared/statsgen/LDSC/base/referencefiles/1000G_EUR_Phase3_plink/1000G.EUR.QC.5.fam
Reading genotypes from /dcs04/lieber/shared/statsgen/LDSC/base/referencefiles/1000G_EUR_Phase3_plink/1000G.EUR.QC.5.bed
After filtering, 633015 SNPs remain
Estimating LD Score.
Reading list of 88059 SNPs for which to print LD Scores from /dcs04/lieber/shared/statsgen/LDSC/base/referencefiles/hapmap3_snps/hm.5.snp
After merging with --print-snps, LD Scores for 74950 SNPs will be printed.
Writing LD Scores for 74950 SNPs to ./out_DROP_sexDE/chr.5.l2.ldscore.gz

Summary of LD Scores in ./out_DROP_sexDE/chr.5.l2.ldscore.gz
         MAF        L2
mean  0.2353    2.0811
std   0.1428   13.4647
min   0.0051   -1.0229
25%   0.1104    0.0000
50%   0.2260    0.0000
75%   0.3558    0.0000
max   0.5000  284.0530

MAF/LD Score Correlation Matrix
       MAF     L2
MAF  1.000  0.056
L2   0.056  1.000

Annotation Correlation Matrix
       ANNOT
ANNOT    1.0

Annotation Matrix Column Sums
ANNOT    10688

Summary of Annotation Matrix Row Sums
count    633015.0000
mean          0.0169
std           0.1288
min           0.0000
25%           0.0000
50%           0.0000
75%           0.0000
max           1.0000
Analysis finished at Mon Oct 27 23:38:25 2025
Total time elapsed: 2.0m:37.06s
*********************************************************************
* LD Score Regression (LDSC)
* Version 1.0.1
* (C) 2014-2019 Brendan Bulik-Sullivan and Hilary Finucane
* Broad Institute of MIT and Harvard / MIT Department of Mathematics
* GNU General Public License v3
*********************************************************************
Call: 
./ldsc.py \
--print-snps /dcs04/lieber/shared/statsgen/LDSC/base/referencefiles/hapmap3_snps/hm.6.snp \
--ld-wind-cm 1.0 \
--out ./out_DROP_sexDE/chr.6 \
--bfile /dcs04/lieber/shared/statsgen/LDSC/base/referencefiles/1000G_EUR_Phase3_plink/1000G.EUR.QC.6 \
--thin-annot  \
--annot ./out_DROP_sexDE/chr.6.annot.gz \
--l2  

Beginning analysis at Mon Oct 27 23:38:26 2025
Read list of 664016 SNPs from /dcs04/lieber/shared/statsgen/LDSC/base/referencefiles/1000G_EUR_Phase3_plink/1000G.EUR.QC.6.bim
Read 1 annotations for 664016 SNPs from ./out_DROP_sexDE/chr.6.annot.gz
Read list of 489 individuals from /dcs04/lieber/shared/statsgen/LDSC/base/referencefiles/1000G_EUR_Phase3_plink/1000G.EUR.QC.6.fam
Reading genotypes from /dcs04/lieber/shared/statsgen/LDSC/base/referencefiles/1000G_EUR_Phase3_plink/1000G.EUR.QC.6.bed
After filtering, 664016 SNPs remain
Estimating LD Score.
Reading list of 91491 SNPs for which to print LD Scores from /dcs04/lieber/shared/statsgen/LDSC/base/referencefiles/hapmap3_snps/hm.6.snp
After merging with --print-snps, LD Scores for 80218 SNPs will be printed.
Writing LD Scores for 80218 SNPs to ./out_DROP_sexDE/chr.6.l2.ldscore.gz

Summary of LD Scores in ./out_DROP_sexDE/chr.6.l2.ldscore.gz
         MAF        L2
mean  0.2331    4.5622
std   0.1441   28.2330
min   0.0051   -2.7836
25%   0.1074    0.0000
50%   0.2219    0.0000
75%   0.3558    0.0000
max   0.5000  527.5353

MAF/LD Score Correlation Matrix
        MAF      L2
MAF  1.0000  0.0359
L2   0.0359  1.0000

Annotation Correlation Matrix
       ANNOT
ANNOT    1.0

Annotation Matrix Column Sums
ANNOT    11218

Summary of Annotation Matrix Row Sums
count    664016.0000
mean          0.0169
std           0.1289
min           0.0000
25%           0.0000
50%           0.0000
75%           0.0000
max           1.0000
Analysis finished at Mon Oct 27 23:41:48 2025
Total time elapsed: 3.0m:21.62s
*********************************************************************
* LD Score Regression (LDSC)
* Version 1.0.1
* (C) 2014-2019 Brendan Bulik-Sullivan and Hilary Finucane
* Broad Institute of MIT and Harvard / MIT Department of Mathematics
* GNU General Public License v3
*********************************************************************
Call: 
./ldsc.py \
--print-snps /dcs04/lieber/shared/statsgen/LDSC/base/referencefiles/hapmap3_snps/hm.7.snp \
--ld-wind-cm 1.0 \
--out ./out_DROP_sexDE/chr.7 \
--bfile /dcs04/lieber/shared/statsgen/LDSC/base/referencefiles/1000G_EUR_Phase3_plink/1000G.EUR.QC.7 \
--thin-annot  \
--annot ./out_DROP_sexDE/chr.7.annot.gz \
--l2  

Beginning analysis at Mon Oct 27 23:41:48 2025
Read list of 589569 SNPs from /dcs04/lieber/shared/statsgen/LDSC/base/referencefiles/1000G_EUR_Phase3_plink/1000G.EUR.QC.7.bim
Read 1 annotations for 589569 SNPs from ./out_DROP_sexDE/chr.7.annot.gz
Read list of 489 individuals from /dcs04/lieber/shared/statsgen/LDSC/base/referencefiles/1000G_EUR_Phase3_plink/1000G.EUR.QC.7.fam
Reading genotypes from /dcs04/lieber/shared/statsgen/LDSC/base/referencefiles/1000G_EUR_Phase3_plink/1000G.EUR.QC.7.bed
After filtering, 589569 SNPs remain
Estimating LD Score.
Reading list of 75316 SNPs for which to print LD Scores from /dcs04/lieber/shared/statsgen/LDSC/base/referencefiles/hapmap3_snps/hm.7.snp
After merging with --print-snps, LD Scores for 65848 SNPs will be printed.
Writing LD Scores for 65848 SNPs to ./out_DROP_sexDE/chr.7.l2.ldscore.gz

Summary of LD Scores in ./out_DROP_sexDE/chr.7.l2.ldscore.gz
         MAF        L2
mean  0.2376    2.8793
std   0.1437   18.2829
min   0.0051   -1.6373
25%   0.1104    0.0000
50%   0.2290    0.0000
75%   0.3609    0.0000
max   0.5000  364.9064

MAF/LD Score Correlation Matrix
        MAF      L2
MAF  1.0000  0.0213
L2   0.0213  1.0000

Annotation Correlation Matrix
       ANNOT
ANNOT    1.0

Annotation Matrix Column Sums
ANNOT    12160

Summary of Annotation Matrix Row Sums
count    589569.0000
mean          0.0206
std           0.1421
min           0.0000
25%           0.0000
50%           0.0000
75%           0.0000
max           1.0000
Analysis finished at Mon Oct 27 23:44:15 2025
Total time elapsed: 2.0m:26.65s
*********************************************************************
* LD Score Regression (LDSC)
* Version 1.0.1
* (C) 2014-2019 Brendan Bulik-Sullivan and Hilary Finucane
* Broad Institute of MIT and Harvard / MIT Department of Mathematics
* GNU General Public License v3
*********************************************************************
Call: 
./ldsc.py \
--print-snps /dcs04/lieber/shared/statsgen/LDSC/base/referencefiles/hapmap3_snps/hm.8.snp \
--ld-wind-cm 1.0 \
--out ./out_DROP_sexDE/chr.8 \
--bfile /dcs04/lieber/shared/statsgen/LDSC/base/referencefiles/1000G_EUR_Phase3_plink/1000G.EUR.QC.8 \
--thin-annot  \
--annot ./out_DROP_sexDE/chr.8.annot.gz \
--l2  

Beginning analysis at Mon Oct 27 23:44:15 2025
Read list of 549971 SNPs from /dcs04/lieber/shared/statsgen/LDSC/base/referencefiles/1000G_EUR_Phase3_plink/1000G.EUR.QC.8.bim
Read 1 annotations for 549971 SNPs from ./out_DROP_sexDE/chr.8.annot.gz
Read list of 489 individuals from /dcs04/lieber/shared/statsgen/LDSC/base/referencefiles/1000G_EUR_Phase3_plink/1000G.EUR.QC.8.fam
Reading genotypes from /dcs04/lieber/shared/statsgen/LDSC/base/referencefiles/1000G_EUR_Phase3_plink/1000G.EUR.QC.8.bed
After filtering, 549971 SNPs remain
Estimating LD Score.
Reading list of 75345 SNPs for which to print LD Scores from /dcs04/lieber/shared/statsgen/LDSC/base/referencefiles/hapmap3_snps/hm.8.snp
After merging with --print-snps, LD Scores for 65167 SNPs will be printed.
Writing LD Scores for 65167 SNPs to ./out_DROP_sexDE/chr.8.l2.ldscore.gz

Summary of LD Scores in ./out_DROP_sexDE/chr.8.l2.ldscore.gz
         MAF        L2
mean  0.2368    1.1554
std   0.1438   10.6166
min   0.0051   -1.4526
25%   0.1094    0.0000
50%   0.2270    0.0000
75%   0.3599    0.0000
max   0.5000  238.5183

MAF/LD Score Correlation Matrix
        MAF      L2
MAF  1.0000  0.0138
L2   0.0138  1.0000

Annotation Correlation Matrix
       ANNOT
ANNOT    1.0

Annotation Matrix Column Sums
ANNOT    6024

Summary of Annotation Matrix Row Sums
count    549971.0000
mean          0.0110
std           0.1041
min           0.0000
25%           0.0000
50%           0.0000
75%           0.0000
max           1.0000
Analysis finished at Mon Oct 27 23:46:28 2025
Total time elapsed: 2.0m:12.86s
*********************************************************************
* LD Score Regression (LDSC)
* Version 1.0.1
* (C) 2014-2019 Brendan Bulik-Sullivan and Hilary Finucane
* Broad Institute of MIT and Harvard / MIT Department of Mathematics
* GNU General Public License v3
*********************************************************************
Call: 
./ldsc.py \
--print-snps /dcs04/lieber/shared/statsgen/LDSC/base/referencefiles/hapmap3_snps/hm.9.snp \
--ld-wind-cm 1.0 \
--out ./out_DROP_sexDE/chr.9 \
--bfile /dcs04/lieber/shared/statsgen/LDSC/base/referencefiles/1000G_EUR_Phase3_plink/1000G.EUR.QC.9 \
--thin-annot  \
--annot ./out_DROP_sexDE/chr.9.annot.gz \
--l2  

Beginning analysis at Mon Oct 27 23:46:29 2025
Read list of 438106 SNPs from /dcs04/lieber/shared/statsgen/LDSC/base/referencefiles/1000G_EUR_Phase3_plink/1000G.EUR.QC.9.bim
Read 1 annotations for 438106 SNPs from ./out_DROP_sexDE/chr.9.annot.gz
Read list of 489 individuals from /dcs04/lieber/shared/statsgen/LDSC/base/referencefiles/1000G_EUR_Phase3_plink/1000G.EUR.QC.9.fam
Reading genotypes from /dcs04/lieber/shared/statsgen/LDSC/base/referencefiles/1000G_EUR_Phase3_plink/1000G.EUR.QC.9.bed
After filtering, 438106 SNPs remain
Estimating LD Score.
Reading list of 63706 SNPs for which to print LD Scores from /dcs04/lieber/shared/statsgen/LDSC/base/referencefiles/hapmap3_snps/hm.9.snp
After merging with --print-snps, LD Scores for 55885 SNPs will be printed.
Writing LD Scores for 55885 SNPs to ./out_DROP_sexDE/chr.9.l2.ldscore.gz

Summary of LD Scores in ./out_DROP_sexDE/chr.9.l2.ldscore.gz
         MAF        L2
mean  0.2343    1.8807
std   0.1436   14.6760
min   0.0051   -1.5829
25%   0.1084    0.0000
50%   0.2239    0.0000
75%   0.3558    0.0000
max   0.5000  291.5083

MAF/LD Score Correlation Matrix
        MAF      L2
MAF  1.0000  0.0362
L2   0.0362  1.0000

Annotation Correlation Matrix
       ANNOT
ANNOT    1.0

Annotation Matrix Column Sums
ANNOT    7318

Summary of Annotation Matrix Row Sums
count    438106.0000
mean          0.0167
std           0.1282
min           0.0000
25%           0.0000
50%           0.0000
75%           0.0000
max           1.0000
Analysis finished at Mon Oct 27 23:48:00 2025
Total time elapsed: 1.0m:30.93s
*********************************************************************
* LD Score Regression (LDSC)
* Version 1.0.1
* (C) 2014-2019 Brendan Bulik-Sullivan and Hilary Finucane
* Broad Institute of MIT and Harvard / MIT Department of Mathematics
* GNU General Public License v3
*********************************************************************
Call: 
./ldsc.py \
--print-snps /dcs04/lieber/shared/statsgen/LDSC/base/referencefiles/hapmap3_snps/hm.10.snp \
--ld-wind-cm 1.0 \
--out ./out_DROP_sexDE/chr.10 \
--bfile /dcs04/lieber/shared/statsgen/LDSC/base/referencefiles/1000G_EUR_Phase3_plink/1000G.EUR.QC.10 \
--thin-annot  \
--annot ./out_DROP_sexDE/chr.10.annot.gz \
--l2  

Beginning analysis at Mon Oct 27 23:48:01 2025
Read list of 510501 SNPs from /dcs04/lieber/shared/statsgen/LDSC/base/referencefiles/1000G_EUR_Phase3_plink/1000G.EUR.QC.10.bim
Read 1 annotations for 510501 SNPs from ./out_DROP_sexDE/chr.10.annot.gz
Read list of 489 individuals from /dcs04/lieber/shared/statsgen/LDSC/base/referencefiles/1000G_EUR_Phase3_plink/1000G.EUR.QC.10.fam
Reading genotypes from /dcs04/lieber/shared/statsgen/LDSC/base/referencefiles/1000G_EUR_Phase3_plink/1000G.EUR.QC.10.bed
After filtering, 510501 SNPs remain
Estimating LD Score.
Reading list of 73929 SNPs for which to print LD Scores from /dcs04/lieber/shared/statsgen/LDSC/base/referencefiles/hapmap3_snps/hm.10.snp
After merging with --print-snps, LD Scores for 64236 SNPs will be printed.
Writing LD Scores for 64236 SNPs to ./out_DROP_sexDE/chr.10.l2.ldscore.gz

Summary of LD Scores in ./out_DROP_sexDE/chr.10.l2.ldscore.gz
         MAF        L2
mean  0.2316    2.4826
std   0.1438   17.0320
min   0.0051   -1.5291
25%   0.1053    0.0000
50%   0.2188    0.0000
75%   0.3538    0.0000
max   0.5000  341.5690

MAF/LD Score Correlation Matrix
        MAF      L2
MAF  1.0000  0.0469
L2   0.0469  1.0000

Annotation Correlation Matrix
       ANNOT
ANNOT    1.0

Annotation Matrix Column Sums
ANNOT    10758

Summary of Annotation Matrix Row Sums
count    510501.0000
mean          0.0211
std           0.1436
min           0.0000
25%           0.0000
50%           0.0000
75%           0.0000
max           1.0000
Analysis finished at Mon Oct 27 23:50:01 2025
Total time elapsed: 2.0m:0.75s
*********************************************************************
* LD Score Regression (LDSC)
* Version 1.0.1
* (C) 2014-2019 Brendan Bulik-Sullivan and Hilary Finucane
* Broad Institute of MIT and Harvard / MIT Department of Mathematics
* GNU General Public License v3
*********************************************************************
Call: 
./ldsc.py \
--print-snps /dcs04/lieber/shared/statsgen/LDSC/base/referencefiles/hapmap3_snps/hm.11.snp \
--ld-wind-cm 1.0 \
--out ./out_DROP_sexDE/chr.11 \
--bfile /dcs04/lieber/shared/statsgen/LDSC/base/referencefiles/1000G_EUR_Phase3_plink/1000G.EUR.QC.11 \
--thin-annot  \
--annot ./out_DROP_sexDE/chr.11.annot.gz \
--l2  

Beginning analysis at Mon Oct 27 23:50:02 2025
Read list of 493922 SNPs from /dcs04/lieber/shared/statsgen/LDSC/base/referencefiles/1000G_EUR_Phase3_plink/1000G.EUR.QC.11.bim
Read 1 annotations for 493922 SNPs from ./out_DROP_sexDE/chr.11.annot.gz
Read list of 489 individuals from /dcs04/lieber/shared/statsgen/LDSC/base/referencefiles/1000G_EUR_Phase3_plink/1000G.EUR.QC.11.fam
Reading genotypes from /dcs04/lieber/shared/statsgen/LDSC/base/referencefiles/1000G_EUR_Phase3_plink/1000G.EUR.QC.11.bed
After filtering, 493922 SNPs remain
Estimating LD Score.
Reading list of 71092 SNPs for which to print LD Scores from /dcs04/lieber/shared/statsgen/LDSC/base/referencefiles/hapmap3_snps/hm.11.snp
After merging with --print-snps, LD Scores for 61027 SNPs will be printed.
Writing LD Scores for 61027 SNPs to ./out_DROP_sexDE/chr.11.l2.ldscore.gz

Summary of LD Scores in ./out_DROP_sexDE/chr.11.l2.ldscore.gz
         MAF        L2
mean  0.2389    0.9013
std   0.1430    7.4712
min   0.0051   -1.0296
25%   0.1145    0.0000
50%   0.2301    0.0000
75%   0.3609    0.0000
max   0.5000  155.8248

MAF/LD Score Correlation Matrix
        MAF      L2
MAF  1.0000  0.0203
L2   0.0203  1.0000

Annotation Correlation Matrix
       ANNOT
ANNOT    1.0

Annotation Matrix Column Sums
ANNOT    4639

Summary of Annotation Matrix Row Sums
count    493922.0000
mean          0.0094
std           0.0965
min           0.0000
25%           0.0000
50%           0.0000
75%           0.0000
max           1.0000
Analysis finished at Mon Oct 27 23:52:15 2025
Total time elapsed: 2.0m:13.3s
*********************************************************************
* LD Score Regression (LDSC)
* Version 1.0.1
* (C) 2014-2019 Brendan Bulik-Sullivan and Hilary Finucane
* Broad Institute of MIT and Harvard / MIT Department of Mathematics
* GNU General Public License v3
*********************************************************************
Call: 
./ldsc.py \
--print-snps /dcs04/lieber/shared/statsgen/LDSC/base/referencefiles/hapmap3_snps/hm.12.snp \
--ld-wind-cm 1.0 \
--out ./out_DROP_sexDE/chr.12 \
--bfile /dcs04/lieber/shared/statsgen/LDSC/base/referencefiles/1000G_EUR_Phase3_plink/1000G.EUR.QC.12 \
--thin-annot  \
--annot ./out_DROP_sexDE/chr.12.annot.gz \
--l2  

Beginning analysis at Mon Oct 27 23:52:16 2025
Read list of 480110 SNPs from /dcs04/lieber/shared/statsgen/LDSC/base/referencefiles/1000G_EUR_Phase3_plink/1000G.EUR.QC.12.bim
Read 1 annotations for 480110 SNPs from ./out_DROP_sexDE/chr.12.annot.gz
Read list of 489 individuals from /dcs04/lieber/shared/statsgen/LDSC/base/referencefiles/1000G_EUR_Phase3_plink/1000G.EUR.QC.12.fam
Reading genotypes from /dcs04/lieber/shared/statsgen/LDSC/base/referencefiles/1000G_EUR_Phase3_plink/1000G.EUR.QC.12.bed
After filtering, 480110 SNPs remain
Estimating LD Score.
Reading list of 68635 SNPs for which to print LD Scores from /dcs04/lieber/shared/statsgen/LDSC/base/referencefiles/hapmap3_snps/hm.12.snp
After merging with --print-snps, LD Scores for 58127 SNPs will be printed.
Writing LD Scores for 58127 SNPs to ./out_DROP_sexDE/chr.12.l2.ldscore.gz

Summary of LD Scores in ./out_DROP_sexDE/chr.12.l2.ldscore.gz
         MAF        L2
mean  0.2320    2.2737
std   0.1438   13.7857
min   0.0051   -1.2392
25%   0.1063    0.0000
50%   0.2198    0.0000
75%   0.3548    0.0000
max   0.5000  205.5457

MAF/LD Score Correlation Matrix
        MAF      L2
MAF  1.0000  0.0208
L2   0.0208  1.0000

Annotation Correlation Matrix
       ANNOT
ANNOT    1.0

Annotation Matrix Column Sums
ANNOT    9947

Summary of Annotation Matrix Row Sums
count    480110.0000
mean          0.0207
std           0.1424
min           0.0000
25%           0.0000
50%           0.0000
75%           0.0000
max           1.0000
Analysis finished at Mon Oct 27 23:54:12 2025
Total time elapsed: 1.0m:56.68s
*********************************************************************
* LD Score Regression (LDSC)
* Version 1.0.1
* (C) 2014-2019 Brendan Bulik-Sullivan and Hilary Finucane
* Broad Institute of MIT and Harvard / MIT Department of Mathematics
* GNU General Public License v3
*********************************************************************
Call: 
./ldsc.py \
--print-snps /dcs04/lieber/shared/statsgen/LDSC/base/referencefiles/hapmap3_snps/hm.13.snp \
--ld-wind-cm 1.0 \
--out ./out_DROP_sexDE/chr.13 \
--bfile /dcs04/lieber/shared/statsgen/LDSC/base/referencefiles/1000G_EUR_Phase3_plink/1000G.EUR.QC.13 \
--thin-annot  \
--annot ./out_DROP_sexDE/chr.13.annot.gz \
--l2  

Beginning analysis at Mon Oct 27 23:54:13 2025
Read list of 366200 SNPs from /dcs04/lieber/shared/statsgen/LDSC/base/referencefiles/1000G_EUR_Phase3_plink/1000G.EUR.QC.13.bim
Read 1 annotations for 366200 SNPs from ./out_DROP_sexDE/chr.13.annot.gz
Read list of 489 individuals from /dcs04/lieber/shared/statsgen/LDSC/base/referencefiles/1000G_EUR_Phase3_plink/1000G.EUR.QC.13.fam
Reading genotypes from /dcs04/lieber/shared/statsgen/LDSC/base/referencefiles/1000G_EUR_Phase3_plink/1000G.EUR.QC.13.bed
After filtering, 366200 SNPs remain
Estimating LD Score.
Reading list of 52010 SNPs for which to print LD Scores from /dcs04/lieber/shared/statsgen/LDSC/base/referencefiles/hapmap3_snps/hm.13.snp
After merging with --print-snps, LD Scores for 45136 SNPs will be printed.
Writing LD Scores for 45136 SNPs to ./out_DROP_sexDE/chr.13.l2.ldscore.gz

Summary of LD Scores in ./out_DROP_sexDE/chr.13.l2.ldscore.gz
         MAF        L2
mean  0.2329    3.3665
std   0.1436   20.2574
min   0.0051   -2.0251
25%   0.1063    0.0000
50%   0.2198    0.0000
75%   0.3548    0.0000
max   0.5000  270.6100

MAF/LD Score Correlation Matrix
        MAF      L2
MAF  1.0000  0.0335
L2   0.0335  1.0000

Annotation Correlation Matrix
       ANNOT
ANNOT    1.0

Annotation Matrix Column Sums
ANNOT    9410

Summary of Annotation Matrix Row Sums
count    366200.0000
mean          0.0257
std           0.1582
min           0.0000
25%           0.0000
50%           0.0000
75%           0.0000
max           1.0000
Analysis finished at Mon Oct 27 23:55:43 2025
Total time elapsed: 1.0m:30.48s
*********************************************************************
* LD Score Regression (LDSC)
* Version 1.0.1
* (C) 2014-2019 Brendan Bulik-Sullivan and Hilary Finucane
* Broad Institute of MIT and Harvard / MIT Department of Mathematics
* GNU General Public License v3
*********************************************************************
Call: 
./ldsc.py \
--print-snps /dcs04/lieber/shared/statsgen/LDSC/base/referencefiles/hapmap3_snps/hm.14.snp \
--ld-wind-cm 1.0 \
--out ./out_DROP_sexDE/chr.14 \
--bfile /dcs04/lieber/shared/statsgen/LDSC/base/referencefiles/1000G_EUR_Phase3_plink/1000G.EUR.QC.14 \
--thin-annot  \
--annot ./out_DROP_sexDE/chr.14.annot.gz \
--l2  

Beginning analysis at Mon Oct 27 23:55:44 2025
Read list of 324698 SNPs from /dcs04/lieber/shared/statsgen/LDSC/base/referencefiles/1000G_EUR_Phase3_plink/1000G.EUR.QC.14.bim
Read 1 annotations for 324698 SNPs from ./out_DROP_sexDE/chr.14.annot.gz
Read list of 489 individuals from /dcs04/lieber/shared/statsgen/LDSC/base/referencefiles/1000G_EUR_Phase3_plink/1000G.EUR.QC.14.fam
Reading genotypes from /dcs04/lieber/shared/statsgen/LDSC/base/referencefiles/1000G_EUR_Phase3_plink/1000G.EUR.QC.14.bed
After filtering, 324698 SNPs remain
Estimating LD Score.
Reading list of 45556 SNPs for which to print LD Scores from /dcs04/lieber/shared/statsgen/LDSC/base/referencefiles/hapmap3_snps/hm.14.snp
After merging with --print-snps, LD Scores for 39504 SNPs will be printed.
Writing LD Scores for 39504 SNPs to ./out_DROP_sexDE/chr.14.l2.ldscore.gz

Summary of LD Scores in ./out_DROP_sexDE/chr.14.l2.ldscore.gz
         MAF        L2
mean  0.2308    3.0781
std   0.1432   15.4523
min   0.0051   -1.2438
25%   0.1053    0.0000
50%   0.2188    0.0000
75%   0.3497    0.0000
max   0.5000  218.0113

MAF/LD Score Correlation Matrix
        MAF      L2
MAF  1.0000  0.0242
L2   0.0242  1.0000

Annotation Correlation Matrix
       ANNOT
ANNOT    1.0

Annotation Matrix Column Sums
ANNOT    12036

Summary of Annotation Matrix Row Sums
count    324698.0000
mean          0.0371
std           0.1889
min           0.0000
25%           0.0000
50%           0.0000
75%           0.0000
max           1.0000
Analysis finished at Mon Oct 27 23:57:01 2025
Total time elapsed: 1.0m:17.42s
*********************************************************************
* LD Score Regression (LDSC)
* Version 1.0.1
* (C) 2014-2019 Brendan Bulik-Sullivan and Hilary Finucane
* Broad Institute of MIT and Harvard / MIT Department of Mathematics
* GNU General Public License v3
*********************************************************************
Call: 
./ldsc.py \
--print-snps /dcs04/lieber/shared/statsgen/LDSC/base/referencefiles/hapmap3_snps/hm.15.snp \
--ld-wind-cm 1.0 \
--out ./out_DROP_sexDE/chr.15 \
--bfile /dcs04/lieber/shared/statsgen/LDSC/base/referencefiles/1000G_EUR_Phase3_plink/1000G.EUR.QC.15 \
--thin-annot  \
--annot ./out_DROP_sexDE/chr.15.annot.gz \
--l2  

Beginning analysis at Mon Oct 27 23:57:02 2025
Read list of 287001 SNPs from /dcs04/lieber/shared/statsgen/LDSC/base/referencefiles/1000G_EUR_Phase3_plink/1000G.EUR.QC.15.bim
Read 1 annotations for 287001 SNPs from ./out_DROP_sexDE/chr.15.annot.gz
Read list of 489 individuals from /dcs04/lieber/shared/statsgen/LDSC/base/referencefiles/1000G_EUR_Phase3_plink/1000G.EUR.QC.15.fam
Reading genotypes from /dcs04/lieber/shared/statsgen/LDSC/base/referencefiles/1000G_EUR_Phase3_plink/1000G.EUR.QC.15.bed
After filtering, 287001 SNPs remain
Estimating LD Score.
Reading list of 42410 SNPs for which to print LD Scores from /dcs04/lieber/shared/statsgen/LDSC/base/referencefiles/hapmap3_snps/hm.15.snp
After merging with --print-snps, LD Scores for 36291 SNPs will be printed.
Writing LD Scores for 36291 SNPs to ./out_DROP_sexDE/chr.15.l2.ldscore.gz

Summary of LD Scores in ./out_DROP_sexDE/chr.15.l2.ldscore.gz
         MAF        L2
mean  0.2363    2.2478
std   0.1452   16.7038
min   0.0051   -1.5359
25%   0.1084    0.0000
50%   0.2260    0.0000
75%   0.3630    0.0000
max   0.5000  251.5509

MAF/LD Score Correlation Matrix
        MAF      L2
MAF  1.0000 -0.0182
L2  -0.0182  1.0000

Annotation Correlation Matrix
       ANNOT
ANNOT    1.0

Annotation Matrix Column Sums
ANNOT    3021

Summary of Annotation Matrix Row Sums
count    287001.0000
mean          0.0105
std           0.1021
min           0.0000
25%           0.0000
50%           0.0000
75%           0.0000
max           1.0000
Analysis finished at Mon Oct 27 23:58:05 2025
Total time elapsed: 1.0m:2.92s
*********************************************************************
* LD Score Regression (LDSC)
* Version 1.0.1
* (C) 2014-2019 Brendan Bulik-Sullivan and Hilary Finucane
* Broad Institute of MIT and Harvard / MIT Department of Mathematics
* GNU General Public License v3
*********************************************************************
Call: 
./ldsc.py \
--print-snps /dcs04/lieber/shared/statsgen/LDSC/base/referencefiles/hapmap3_snps/hm.16.snp \
--ld-wind-cm 1.0 \
--out ./out_DROP_sexDE/chr.16 \
--bfile /dcs04/lieber/shared/statsgen/LDSC/base/referencefiles/1000G_EUR_Phase3_plink/1000G.EUR.QC.16 \
--thin-annot  \
--annot ./out_DROP_sexDE/chr.16.annot.gz \
--l2  

Beginning analysis at Mon Oct 27 23:58:06 2025
Read list of 316981 SNPs from /dcs04/lieber/shared/statsgen/LDSC/base/referencefiles/1000G_EUR_Phase3_plink/1000G.EUR.QC.16.bim
Read 1 annotations for 316981 SNPs from ./out_DROP_sexDE/chr.16.annot.gz
Read list of 489 individuals from /dcs04/lieber/shared/statsgen/LDSC/base/referencefiles/1000G_EUR_Phase3_plink/1000G.EUR.QC.16.fam
Reading genotypes from /dcs04/lieber/shared/statsgen/LDSC/base/referencefiles/1000G_EUR_Phase3_plink/1000G.EUR.QC.16.bed
After filtering, 316981 SNPs remain
Estimating LD Score.
Reading list of 44710 SNPs for which to print LD Scores from /dcs04/lieber/shared/statsgen/LDSC/base/referencefiles/hapmap3_snps/hm.16.snp
After merging with --print-snps, LD Scores for 37656 SNPs will be printed.
Writing LD Scores for 37656 SNPs to ./out_DROP_sexDE/chr.16.l2.ldscore.gz

Summary of LD Scores in ./out_DROP_sexDE/chr.16.l2.ldscore.gz
         MAF        L2
mean  0.2370    3.6770
std   0.1437   23.4544
min   0.0051   -1.2591
25%   0.1115    0.0000
50%   0.2290    0.0000
75%   0.3589    0.0000
max   0.5000  446.5391

MAF/LD Score Correlation Matrix
        MAF      L2
MAF  1.0000  0.0069
L2   0.0069  1.0000

Annotation Correlation Matrix
       ANNOT
ANNOT    1.0

Annotation Matrix Column Sums
ANNOT    10032

Summary of Annotation Matrix Row Sums
count    316981.0000
mean          0.0316
std           0.1751
min           0.0000
25%           0.0000
50%           0.0000
75%           0.0000
max           1.0000
Analysis finished at Mon Oct 27 23:59:23 2025
Total time elapsed: 1.0m:17.12s
*********************************************************************
* LD Score Regression (LDSC)
* Version 1.0.1
* (C) 2014-2019 Brendan Bulik-Sullivan and Hilary Finucane
* Broad Institute of MIT and Harvard / MIT Department of Mathematics
* GNU General Public License v3
*********************************************************************
Call: 
./ldsc.py \
--print-snps /dcs04/lieber/shared/statsgen/LDSC/base/referencefiles/hapmap3_snps/hm.17.snp \
--ld-wind-cm 1.0 \
--out ./out_DROP_sexDE/chr.17 \
--bfile /dcs04/lieber/shared/statsgen/LDSC/base/referencefiles/1000G_EUR_Phase3_plink/1000G.EUR.QC.17 \
--thin-annot  \
--annot ./out_DROP_sexDE/chr.17.annot.gz \
--l2  

Beginning analysis at Mon Oct 27 23:59:23 2025
Read list of 269222 SNPs from /dcs04/lieber/shared/statsgen/LDSC/base/referencefiles/1000G_EUR_Phase3_plink/1000G.EUR.QC.17.bim
Read 1 annotations for 269222 SNPs from ./out_DROP_sexDE/chr.17.annot.gz
Read list of 489 individuals from /dcs04/lieber/shared/statsgen/LDSC/base/referencefiles/1000G_EUR_Phase3_plink/1000G.EUR.QC.17.fam
Reading genotypes from /dcs04/lieber/shared/statsgen/LDSC/base/referencefiles/1000G_EUR_Phase3_plink/1000G.EUR.QC.17.bed
After filtering, 269222 SNPs remain
Estimating LD Score.
Reading list of 38396 SNPs for which to print LD Scores from /dcs04/lieber/shared/statsgen/LDSC/base/referencefiles/hapmap3_snps/hm.17.snp
After merging with --print-snps, LD Scores for 32315 SNPs will be printed.
Writing LD Scores for 32315 SNPs to ./out_DROP_sexDE/chr.17.l2.ldscore.gz

Summary of LD Scores in ./out_DROP_sexDE/chr.17.l2.ldscore.gz
         MAF        L2
mean  0.2414    3.6782
std   0.1449   19.9966
min   0.0051   -1.5237
25%   0.1135    0.0000
50%   0.2352    0.0000
75%   0.3671    0.0000
max   0.5000  359.2238

MAF/LD Score Correlation Matrix
        MAF      L2
MAF  1.0000  0.0916
L2   0.0916  1.0000

Annotation Correlation Matrix
       ANNOT
ANNOT    1.0

Annotation Matrix Column Sums
ANNOT    8696

Summary of Annotation Matrix Row Sums
count    269222.0000
mean          0.0323
std           0.1768
min           0.0000
25%           0.0000
50%           0.0000
75%           0.0000
max           1.0000
Analysis finished at Tue Oct 28 00:00:27 2025
Total time elapsed: 1.0m:3.35s
*********************************************************************
* LD Score Regression (LDSC)
* Version 1.0.1
* (C) 2014-2019 Brendan Bulik-Sullivan and Hilary Finucane
* Broad Institute of MIT and Harvard / MIT Department of Mathematics
* GNU General Public License v3
*********************************************************************
Call: 
./ldsc.py \
--print-snps /dcs04/lieber/shared/statsgen/LDSC/base/referencefiles/hapmap3_snps/hm.18.snp \
--ld-wind-cm 1.0 \
--out ./out_DROP_sexDE/chr.18 \
--bfile /dcs04/lieber/shared/statsgen/LDSC/base/referencefiles/1000G_EUR_Phase3_plink/1000G.EUR.QC.18 \
--thin-annot  \
--annot ./out_DROP_sexDE/chr.18.annot.gz \
--l2  

Beginning analysis at Tue Oct 28 00:00:27 2025
Read list of 285156 SNPs from /dcs04/lieber/shared/statsgen/LDSC/base/referencefiles/1000G_EUR_Phase3_plink/1000G.EUR.QC.18.bim
Read 1 annotations for 285156 SNPs from ./out_DROP_sexDE/chr.18.annot.gz
Read list of 489 individuals from /dcs04/lieber/shared/statsgen/LDSC/base/referencefiles/1000G_EUR_Phase3_plink/1000G.EUR.QC.18.fam
Reading genotypes from /dcs04/lieber/shared/statsgen/LDSC/base/referencefiles/1000G_EUR_Phase3_plink/1000G.EUR.QC.18.bed
After filtering, 285156 SNPs remain
Estimating LD Score.
Reading list of 40891 SNPs for which to print LD Scores from /dcs04/lieber/shared/statsgen/LDSC/base/referencefiles/hapmap3_snps/hm.18.snp
After merging with --print-snps, LD Scores for 35326 SNPs will be printed.
Writing LD Scores for 35326 SNPs to ./out_DROP_sexDE/chr.18.l2.ldscore.gz

Summary of LD Scores in ./out_DROP_sexDE/chr.18.l2.ldscore.gz
         MAF        L2
mean  0.2356    2.0243
std   0.1434   11.3028
min   0.0051   -0.9184
25%   0.1094    0.0000
50%   0.2249    0.0000
75%   0.3569    0.0000
max   0.5000  143.5365

MAF/LD Score Correlation Matrix
        MAF      L2
MAF  1.0000  0.0059
L2   0.0059  1.0000

Annotation Correlation Matrix
       ANNOT
ANNOT    1.0

Annotation Matrix Column Sums
ANNOT    6909

Summary of Annotation Matrix Row Sums
count    285156.0000
mean          0.0242
std           0.1538
min           0.0000
25%           0.0000
50%           0.0000
75%           0.0000
max           1.0000
Analysis finished at Tue Oct 28 00:01:27 2025
Total time elapsed: 1.0m:0.11s
*********************************************************************
* LD Score Regression (LDSC)
* Version 1.0.1
* (C) 2014-2019 Brendan Bulik-Sullivan and Hilary Finucane
* Broad Institute of MIT and Harvard / MIT Department of Mathematics
* GNU General Public License v3
*********************************************************************
Call: 
./ldsc.py \
--print-snps /dcs04/lieber/shared/statsgen/LDSC/base/referencefiles/hapmap3_snps/hm.19.snp \
--ld-wind-cm 1.0 \
--out ./out_DROP_sexDE/chr.19 \
--bfile /dcs04/lieber/shared/statsgen/LDSC/base/referencefiles/1000G_EUR_Phase3_plink/1000G.EUR.QC.19 \
--thin-annot  \
--annot ./out_DROP_sexDE/chr.19.annot.gz \
--l2  

Beginning analysis at Tue Oct 28 00:01:28 2025
Read list of 232363 SNPs from /dcs04/lieber/shared/statsgen/LDSC/base/referencefiles/1000G_EUR_Phase3_plink/1000G.EUR.QC.19.bim
Read 1 annotations for 232363 SNPs from ./out_DROP_sexDE/chr.19.annot.gz
Read list of 489 individuals from /dcs04/lieber/shared/statsgen/LDSC/base/referencefiles/1000G_EUR_Phase3_plink/1000G.EUR.QC.19.fam
Reading genotypes from /dcs04/lieber/shared/statsgen/LDSC/base/referencefiles/1000G_EUR_Phase3_plink/1000G.EUR.QC.19.bed
After filtering, 232363 SNPs remain
Estimating LD Score.
Reading list of 26259 SNPs for which to print LD Scores from /dcs04/lieber/shared/statsgen/LDSC/base/referencefiles/hapmap3_snps/hm.19.snp
After merging with --print-snps, LD Scores for 21991 SNPs will be printed.
Writing LD Scores for 21991 SNPs to ./out_DROP_sexDE/chr.19.l2.ldscore.gz

Summary of LD Scores in ./out_DROP_sexDE/chr.19.l2.ldscore.gz
         MAF        L2
mean  0.2369    1.6440
std   0.1428   10.4462
min   0.0051   -0.8229
25%   0.1125    0.0000
50%   0.2331    0.0000
75%   0.3569    0.0000
max   0.5000  134.7230

MAF/LD Score Correlation Matrix
        MAF      L2
MAF  1.0000 -0.0066
L2  -0.0066  1.0000

Annotation Correlation Matrix
       ANNOT
ANNOT    1.0

Annotation Matrix Column Sums
ANNOT    5048

Summary of Annotation Matrix Row Sums
count    232363.0000
mean          0.0217
std           0.1458
min           0.0000
25%           0.0000
50%           0.0000
75%           0.0000
max           1.0000
Analysis finished at Tue Oct 28 00:02:19 2025
Total time elapsed: 50.59s
*********************************************************************
* LD Score Regression (LDSC)
* Version 1.0.1
* (C) 2014-2019 Brendan Bulik-Sullivan and Hilary Finucane
* Broad Institute of MIT and Harvard / MIT Department of Mathematics
* GNU General Public License v3
*********************************************************************
Call: 
./ldsc.py \
--print-snps /dcs04/lieber/shared/statsgen/LDSC/base/referencefiles/hapmap3_snps/hm.20.snp \
--ld-wind-cm 1.0 \
--out ./out_DROP_sexDE/chr.20 \
--bfile /dcs04/lieber/shared/statsgen/LDSC/base/referencefiles/1000G_EUR_Phase3_plink/1000G.EUR.QC.20 \
--thin-annot  \
--annot ./out_DROP_sexDE/chr.20.annot.gz \
--l2  

Beginning analysis at Tue Oct 28 00:02:19 2025
Read list of 221626 SNPs from /dcs04/lieber/shared/statsgen/LDSC/base/referencefiles/1000G_EUR_Phase3_plink/1000G.EUR.QC.20.bim
Read 1 annotations for 221626 SNPs from ./out_DROP_sexDE/chr.20.annot.gz
Read list of 489 individuals from /dcs04/lieber/shared/statsgen/LDSC/base/referencefiles/1000G_EUR_Phase3_plink/1000G.EUR.QC.20.fam
Reading genotypes from /dcs04/lieber/shared/statsgen/LDSC/base/referencefiles/1000G_EUR_Phase3_plink/1000G.EUR.QC.20.bed
After filtering, 221626 SNPs remain
Estimating LD Score.
Reading list of 36301 SNPs for which to print LD Scores from /dcs04/lieber/shared/statsgen/LDSC/base/referencefiles/hapmap3_snps/hm.20.snp
After merging with --print-snps, LD Scores for 31359 SNPs will be printed.
Writing LD Scores for 31359 SNPs to ./out_DROP_sexDE/chr.20.l2.ldscore.gz

Summary of LD Scores in ./out_DROP_sexDE/chr.20.l2.ldscore.gz
         MAF        L2
mean  0.2336    1.4551
std   0.1437   10.9071
min   0.0051   -0.9904
25%   0.1063    0.0000
50%   0.2219    0.0000
75%   0.3569    0.0000
max   0.5000  174.6631

MAF/LD Score Correlation Matrix
        MAF      L2
MAF  1.0000 -0.0168
L2  -0.0168  1.0000

Annotation Correlation Matrix
       ANNOT
ANNOT    1.0

Annotation Matrix Column Sums
ANNOT    2581

Summary of Annotation Matrix Row Sums
count    221626.0000
mean          0.0116
std           0.1073
min           0.0000
25%           0.0000
50%           0.0000
75%           0.0000
max           1.0000
Analysis finished at Tue Oct 28 00:03:06 2025
Total time elapsed: 46.74s
*********************************************************************
* LD Score Regression (LDSC)
* Version 1.0.1
* (C) 2014-2019 Brendan Bulik-Sullivan and Hilary Finucane
* Broad Institute of MIT and Harvard / MIT Department of Mathematics
* GNU General Public License v3
*********************************************************************
Call: 
./ldsc.py \
--print-snps /dcs04/lieber/shared/statsgen/LDSC/base/referencefiles/hapmap3_snps/hm.21.snp \
--ld-wind-cm 1.0 \
--out ./out_DROP_sexDE/chr.21 \
--bfile /dcs04/lieber/shared/statsgen/LDSC/base/referencefiles/1000G_EUR_Phase3_plink/1000G.EUR.QC.21 \
--thin-annot  \
--annot ./out_DROP_sexDE/chr.21.annot.gz \
--l2  

Beginning analysis at Tue Oct 28 00:03:07 2025
Read list of 138712 SNPs from /dcs04/lieber/shared/statsgen/LDSC/base/referencefiles/1000G_EUR_Phase3_plink/1000G.EUR.QC.21.bim
Read 1 annotations for 138712 SNPs from ./out_DROP_sexDE/chr.21.annot.gz
Read list of 489 individuals from /dcs04/lieber/shared/statsgen/LDSC/base/referencefiles/1000G_EUR_Phase3_plink/1000G.EUR.QC.21.fam
Reading genotypes from /dcs04/lieber/shared/statsgen/LDSC/base/referencefiles/1000G_EUR_Phase3_plink/1000G.EUR.QC.21.bed
After filtering, 138712 SNPs remain
Estimating LD Score.
Reading list of 19331 SNPs for which to print LD Scores from /dcs04/lieber/shared/statsgen/LDSC/base/referencefiles/hapmap3_snps/hm.21.snp
After merging with --print-snps, LD Scores for 16993 SNPs will be printed.
Writing LD Scores for 16993 SNPs to ./out_DROP_sexDE/chr.21.l2.ldscore.gz

Summary of LD Scores in ./out_DROP_sexDE/chr.21.l2.ldscore.gz
         MAF        L2
mean  0.2398    0.5801
std   0.1429    6.2711
min   0.0051   -0.5798
25%   0.1155    0.0000
50%   0.2290    0.0000
75%   0.3640    0.0000
max   0.5000  135.5172

MAF/LD Score Correlation Matrix
        MAF      L2
MAF  1.0000  0.0347
L2   0.0347  1.0000

Annotation Correlation Matrix
       ANNOT
ANNOT    1.0

Annotation Matrix Column Sums
ANNOT    638

Summary of Annotation Matrix Row Sums
count    138712.0000
mean          0.0046
std           0.0677
min           0.0000
25%           0.0000
50%           0.0000
75%           0.0000
max           1.0000
Analysis finished at Tue Oct 28 00:03:33 2025
Total time elapsed: 26.65s
*********************************************************************
* LD Score Regression (LDSC)
* Version 1.0.1
* (C) 2014-2019 Brendan Bulik-Sullivan and Hilary Finucane
* Broad Institute of MIT and Harvard / MIT Department of Mathematics
* GNU General Public License v3
*********************************************************************
Call: 
./ldsc.py \
--print-snps /dcs04/lieber/shared/statsgen/LDSC/base/referencefiles/hapmap3_snps/hm.22.snp \
--ld-wind-cm 1.0 \
--out ./out_DROP_sexDE/chr.22 \
--bfile /dcs04/lieber/shared/statsgen/LDSC/base/referencefiles/1000G_EUR_Phase3_plink/1000G.EUR.QC.22 \
--thin-annot  \
--annot ./out_DROP_sexDE/chr.22.annot.gz \
--l2  

Beginning analysis at Tue Oct 28 00:03:34 2025
Read list of 141123 SNPs from /dcs04/lieber/shared/statsgen/LDSC/base/referencefiles/1000G_EUR_Phase3_plink/1000G.EUR.QC.22.bim
Read 1 annotations for 141123 SNPs from ./out_DROP_sexDE/chr.22.annot.gz
Read list of 489 individuals from /dcs04/lieber/shared/statsgen/LDSC/base/referencefiles/1000G_EUR_Phase3_plink/1000G.EUR.QC.22.fam
Reading genotypes from /dcs04/lieber/shared/statsgen/LDSC/base/referencefiles/1000G_EUR_Phase3_plink/1000G.EUR.QC.22.bed
After filtering, 141123 SNPs remain
Estimating LD Score.
Reading list of 20106 SNPs for which to print LD Scores from /dcs04/lieber/shared/statsgen/LDSC/base/referencefiles/hapmap3_snps/hm.22.snp
After merging with --print-snps, LD Scores for 17261 SNPs will be printed.
Writing LD Scores for 17261 SNPs to ./out_DROP_sexDE/chr.22.l2.ldscore.gz

Summary of LD Scores in ./out_DROP_sexDE/chr.22.l2.ldscore.gz
         MAF        L2
mean  0.2359    1.7671
std   0.1442   10.3233
min   0.0051   -0.8572
25%   0.1084    0.0000
50%   0.2280    0.0000
75%   0.3579    0.0000
max   0.5000  123.0444

MAF/LD Score Correlation Matrix
        MAF      L2
MAF  1.0000  0.0293
L2   0.0293  1.0000

Annotation Correlation Matrix
       ANNOT
ANNOT    1.0

Annotation Matrix Column Sums
ANNOT    2807

Summary of Annotation Matrix Row Sums
count    141123.0000
mean          0.0199
std           0.1396
min           0.0000
25%           0.0000
50%           0.0000
75%           0.0000
max           1.0000
Analysis finished at Tue Oct 28 00:04:02 2025
Total time elapsed: 28.37s
**** Job ends ****
Tue Oct 28 12:04:02 AM EDT 2025
