**** Job starts ****
Mon Oct 27 11:29:52 PM EDT 2025
*********************************************************************
* LD Score Regression (LDSC)
* Version 1.0.1
* (C) 2014-2019 Brendan Bulik-Sullivan and Hilary Finucane
* Broad Institute of MIT and Harvard / MIT Department of Mathematics
* GNU General Public License v3
*********************************************************************
Call: 
./ldsc.py \
--print-snps /dcs04/lieber/shared/statsgen/LDSC/base/referencefiles/hapmap3_snps/hm.17.snp \
--ld-wind-cm 1.0 \
--out ./out_Vascular_sexDE/chr.17 \
--bfile /dcs04/lieber/shared/statsgen/LDSC/base/referencefiles/1000G_EUR_Phase3_plink/1000G.EUR.QC.17 \
--thin-annot  \
--annot ./out_Vascular_sexDE/chr.17.annot.gz \
--l2  

Beginning analysis at Mon Oct 27 23:29:54 2025
Read list of 269222 SNPs from /dcs04/lieber/shared/statsgen/LDSC/base/referencefiles/1000G_EUR_Phase3_plink/1000G.EUR.QC.17.bim
Read 1 annotations for 269222 SNPs from ./out_Vascular_sexDE/chr.17.annot.gz
Read list of 489 individuals from /dcs04/lieber/shared/statsgen/LDSC/base/referencefiles/1000G_EUR_Phase3_plink/1000G.EUR.QC.17.fam
Reading genotypes from /dcs04/lieber/shared/statsgen/LDSC/base/referencefiles/1000G_EUR_Phase3_plink/1000G.EUR.QC.17.bed
After filtering, 269222 SNPs remain
Estimating LD Score.
Reading list of 38396 SNPs for which to print LD Scores from /dcs04/lieber/shared/statsgen/LDSC/base/referencefiles/hapmap3_snps/hm.17.snp
After merging with --print-snps, LD Scores for 32315 SNPs will be printed.
Writing LD Scores for 32315 SNPs to ./out_Vascular_sexDE/chr.17.l2.ldscore.gz

Summary of LD Scores in ./out_Vascular_sexDE/chr.17.l2.ldscore.gz
         MAF        L2
mean  0.2414    2.2578
std   0.1449   11.0628
min   0.0051   -0.7720
25%   0.1135    0.0000
50%   0.2352    0.0000
75%   0.3671    0.0000
max   0.5000  165.9831

MAF/LD Score Correlation Matrix
        MAF      L2
MAF  1.0000  0.0331
L2   0.0331  1.0000

Annotation Correlation Matrix
       ANNOT
ANNOT    1.0

Annotation Matrix Column Sums
ANNOT    6152

Summary of Annotation Matrix Row Sums
count    269222.0000
mean          0.0229
std           0.1494
min           0.0000
25%           0.0000
50%           0.0000
75%           0.0000
max           1.0000
Analysis finished at Mon Oct 27 23:30:53 2025
Total time elapsed: 59.89s
*********************************************************************
* LD Score Regression (LDSC)
* Version 1.0.1
* (C) 2014-2019 Brendan Bulik-Sullivan and Hilary Finucane
* Broad Institute of MIT and Harvard / MIT Department of Mathematics
* GNU General Public License v3
*********************************************************************
Call: 
./ldsc.py \
--print-snps /dcs04/lieber/shared/statsgen/LDSC/base/referencefiles/hapmap3_snps/hm.18.snp \
--ld-wind-cm 1.0 \
--out ./out_Vascular_sexDE/chr.18 \
--bfile /dcs04/lieber/shared/statsgen/LDSC/base/referencefiles/1000G_EUR_Phase3_plink/1000G.EUR.QC.18 \
--thin-annot  \
--annot ./out_Vascular_sexDE/chr.18.annot.gz \
--l2  

Beginning analysis at Mon Oct 27 23:30:54 2025
Read list of 285156 SNPs from /dcs04/lieber/shared/statsgen/LDSC/base/referencefiles/1000G_EUR_Phase3_plink/1000G.EUR.QC.18.bim
Read 1 annotations for 285156 SNPs from ./out_Vascular_sexDE/chr.18.annot.gz
Read list of 489 individuals from /dcs04/lieber/shared/statsgen/LDSC/base/referencefiles/1000G_EUR_Phase3_plink/1000G.EUR.QC.18.fam
Reading genotypes from /dcs04/lieber/shared/statsgen/LDSC/base/referencefiles/1000G_EUR_Phase3_plink/1000G.EUR.QC.18.bed
After filtering, 285156 SNPs remain
Estimating LD Score.
Reading list of 40891 SNPs for which to print LD Scores from /dcs04/lieber/shared/statsgen/LDSC/base/referencefiles/hapmap3_snps/hm.18.snp
After merging with --print-snps, LD Scores for 35326 SNPs will be printed.
Writing LD Scores for 35326 SNPs to ./out_Vascular_sexDE/chr.18.l2.ldscore.gz

Summary of LD Scores in ./out_Vascular_sexDE/chr.18.l2.ldscore.gz
         MAF        L2
mean  0.2356    1.9214
std   0.1434   11.4667
min   0.0051   -0.7554
25%   0.1094    0.0000
50%   0.2249    0.0000
75%   0.3569    0.0000
max   0.5000  154.1971

MAF/LD Score Correlation Matrix
        MAF      L2
MAF  1.0000  0.0125
L2   0.0125  1.0000

Annotation Correlation Matrix
       ANNOT
ANNOT    1.0

Annotation Matrix Column Sums
ANNOT    5938

Summary of Annotation Matrix Row Sums
count    285156.0000
mean          0.0208
std           0.1428
min           0.0000
25%           0.0000
50%           0.0000
75%           0.0000
max           1.0000
Analysis finished at Mon Oct 27 23:31:55 2025
Total time elapsed: 1.0m:1.4s
*********************************************************************
* LD Score Regression (LDSC)
* Version 1.0.1
* (C) 2014-2019 Brendan Bulik-Sullivan and Hilary Finucane
* Broad Institute of MIT and Harvard / MIT Department of Mathematics
* GNU General Public License v3
*********************************************************************
Call: 
./ldsc.py \
--print-snps /dcs04/lieber/shared/statsgen/LDSC/base/referencefiles/hapmap3_snps/hm.19.snp \
--ld-wind-cm 1.0 \
--out ./out_Vascular_sexDE/chr.19 \
--bfile /dcs04/lieber/shared/statsgen/LDSC/base/referencefiles/1000G_EUR_Phase3_plink/1000G.EUR.QC.19 \
--thin-annot  \
--annot ./out_Vascular_sexDE/chr.19.annot.gz \
--l2  

Beginning analysis at Mon Oct 27 23:31:56 2025
Read list of 232363 SNPs from /dcs04/lieber/shared/statsgen/LDSC/base/referencefiles/1000G_EUR_Phase3_plink/1000G.EUR.QC.19.bim
Read 1 annotations for 232363 SNPs from ./out_Vascular_sexDE/chr.19.annot.gz
Read list of 489 individuals from /dcs04/lieber/shared/statsgen/LDSC/base/referencefiles/1000G_EUR_Phase3_plink/1000G.EUR.QC.19.fam
Reading genotypes from /dcs04/lieber/shared/statsgen/LDSC/base/referencefiles/1000G_EUR_Phase3_plink/1000G.EUR.QC.19.bed
After filtering, 232363 SNPs remain
Estimating LD Score.
Reading list of 26259 SNPs for which to print LD Scores from /dcs04/lieber/shared/statsgen/LDSC/base/referencefiles/hapmap3_snps/hm.19.snp
After merging with --print-snps, LD Scores for 21991 SNPs will be printed.
Writing LD Scores for 21991 SNPs to ./out_Vascular_sexDE/chr.19.l2.ldscore.gz

Summary of LD Scores in ./out_Vascular_sexDE/chr.19.l2.ldscore.gz
         MAF        L2
mean  0.2369    2.8370
std   0.1428   11.9858
min   0.0051   -0.7401
25%   0.1125    0.0000
50%   0.2331    0.0000
75%   0.3569    0.0000
max   0.5000  120.6360

MAF/LD Score Correlation Matrix
        MAF      L2
MAF  1.0000  0.0285
L2   0.0285  1.0000

Annotation Correlation Matrix
       ANNOT
ANNOT    1.0

Annotation Matrix Column Sums
ANNOT    11040

Summary of Annotation Matrix Row Sums
count    232363.0000
mean          0.0475
std           0.2127
min           0.0000
25%           0.0000
50%           0.0000
75%           0.0000
max           1.0000
Analysis finished at Mon Oct 27 23:32:51 2025
Total time elapsed: 54.67s
*********************************************************************
* LD Score Regression (LDSC)
* Version 1.0.1
* (C) 2014-2019 Brendan Bulik-Sullivan and Hilary Finucane
* Broad Institute of MIT and Harvard / MIT Department of Mathematics
* GNU General Public License v3
*********************************************************************
Call: 
./ldsc.py \
--print-snps /dcs04/lieber/shared/statsgen/LDSC/base/referencefiles/hapmap3_snps/hm.20.snp \
--ld-wind-cm 1.0 \
--out ./out_Vascular_sexDE/chr.20 \
--bfile /dcs04/lieber/shared/statsgen/LDSC/base/referencefiles/1000G_EUR_Phase3_plink/1000G.EUR.QC.20 \
--thin-annot  \
--annot ./out_Vascular_sexDE/chr.20.annot.gz \
--l2  

Beginning analysis at Mon Oct 27 23:32:51 2025
Read list of 221626 SNPs from /dcs04/lieber/shared/statsgen/LDSC/base/referencefiles/1000G_EUR_Phase3_plink/1000G.EUR.QC.20.bim
Read 1 annotations for 221626 SNPs from ./out_Vascular_sexDE/chr.20.annot.gz
Read list of 489 individuals from /dcs04/lieber/shared/statsgen/LDSC/base/referencefiles/1000G_EUR_Phase3_plink/1000G.EUR.QC.20.fam
Reading genotypes from /dcs04/lieber/shared/statsgen/LDSC/base/referencefiles/1000G_EUR_Phase3_plink/1000G.EUR.QC.20.bed
After filtering, 221626 SNPs remain
Estimating LD Score.
Reading list of 36301 SNPs for which to print LD Scores from /dcs04/lieber/shared/statsgen/LDSC/base/referencefiles/hapmap3_snps/hm.20.snp
After merging with --print-snps, LD Scores for 31359 SNPs will be printed.
Writing LD Scores for 31359 SNPs to ./out_Vascular_sexDE/chr.20.l2.ldscore.gz

Summary of LD Scores in ./out_Vascular_sexDE/chr.20.l2.ldscore.gz
         MAF        L2
mean  0.2336    3.5107
std   0.1437   19.8754
min   0.0051   -1.3553
25%   0.1063    0.0000
50%   0.2219    0.0000
75%   0.3569    0.0000
max   0.5000  262.3582

MAF/LD Score Correlation Matrix
        MAF      L2
MAF  1.0000  0.0596
L2   0.0596  1.0000

Annotation Correlation Matrix
       ANNOT
ANNOT    1.0

Annotation Matrix Column Sums
ANNOT    6357

Summary of Annotation Matrix Row Sums
count    221626.0000
mean          0.0287
std           0.1669
min           0.0000
25%           0.0000
50%           0.0000
75%           0.0000
max           1.0000
Analysis finished at Mon Oct 27 23:33:41 2025
Total time elapsed: 49.77s
*********************************************************************
* LD Score Regression (LDSC)
* Version 1.0.1
* (C) 2014-2019 Brendan Bulik-Sullivan and Hilary Finucane
* Broad Institute of MIT and Harvard / MIT Department of Mathematics
* GNU General Public License v3
*********************************************************************
Call: 
./ldsc.py \
--print-snps /dcs04/lieber/shared/statsgen/LDSC/base/referencefiles/hapmap3_snps/hm.21.snp \
--ld-wind-cm 1.0 \
--out ./out_Vascular_sexDE/chr.21 \
--bfile /dcs04/lieber/shared/statsgen/LDSC/base/referencefiles/1000G_EUR_Phase3_plink/1000G.EUR.QC.21 \
--thin-annot  \
--annot ./out_Vascular_sexDE/chr.21.annot.gz \
--l2  

Beginning analysis at Mon Oct 27 23:33:41 2025
Read list of 138712 SNPs from /dcs04/lieber/shared/statsgen/LDSC/base/referencefiles/1000G_EUR_Phase3_plink/1000G.EUR.QC.21.bim
Read 1 annotations for 138712 SNPs from ./out_Vascular_sexDE/chr.21.annot.gz
Read list of 489 individuals from /dcs04/lieber/shared/statsgen/LDSC/base/referencefiles/1000G_EUR_Phase3_plink/1000G.EUR.QC.21.fam
Reading genotypes from /dcs04/lieber/shared/statsgen/LDSC/base/referencefiles/1000G_EUR_Phase3_plink/1000G.EUR.QC.21.bed
After filtering, 138712 SNPs remain
Estimating LD Score.
Reading list of 19331 SNPs for which to print LD Scores from /dcs04/lieber/shared/statsgen/LDSC/base/referencefiles/hapmap3_snps/hm.21.snp
After merging with --print-snps, LD Scores for 16993 SNPs will be printed.
Writing LD Scores for 16993 SNPs to ./out_Vascular_sexDE/chr.21.l2.ldscore.gz

Summary of LD Scores in ./out_Vascular_sexDE/chr.21.l2.ldscore.gz
         MAF        L2
mean  0.2398    1.9856
std   0.1429   11.8987
min   0.0051   -1.0950
25%   0.1155    0.0000
50%   0.2290    0.0000
75%   0.3640    0.0000
max   0.5000  187.9387

MAF/LD Score Correlation Matrix
        MAF      L2
MAF  1.0000  0.0151
L2   0.0151  1.0000

Annotation Correlation Matrix
       ANNOT
ANNOT    1.0

Annotation Matrix Column Sums
ANNOT    2471

Summary of Annotation Matrix Row Sums
count    138712.0000
mean          0.0178
std           0.1323
min           0.0000
25%           0.0000
50%           0.0000
75%           0.0000
max           1.0000
Analysis finished at Mon Oct 27 23:34:09 2025
Total time elapsed: 27.14s
*********************************************************************
* LD Score Regression (LDSC)
* Version 1.0.1
* (C) 2014-2019 Brendan Bulik-Sullivan and Hilary Finucane
* Broad Institute of MIT and Harvard / MIT Department of Mathematics
* GNU General Public License v3
*********************************************************************
Call: 
./ldsc.py \
--print-snps /dcs04/lieber/shared/statsgen/LDSC/base/referencefiles/hapmap3_snps/hm.22.snp \
--ld-wind-cm 1.0 \
--out ./out_Vascular_sexDE/chr.22 \
--bfile /dcs04/lieber/shared/statsgen/LDSC/base/referencefiles/1000G_EUR_Phase3_plink/1000G.EUR.QC.22 \
--thin-annot  \
--annot ./out_Vascular_sexDE/chr.22.annot.gz \
--l2  

Beginning analysis at Mon Oct 27 23:34:09 2025
Read list of 141123 SNPs from /dcs04/lieber/shared/statsgen/LDSC/base/referencefiles/1000G_EUR_Phase3_plink/1000G.EUR.QC.22.bim
Read 1 annotations for 141123 SNPs from ./out_Vascular_sexDE/chr.22.annot.gz
Read list of 489 individuals from /dcs04/lieber/shared/statsgen/LDSC/base/referencefiles/1000G_EUR_Phase3_plink/1000G.EUR.QC.22.fam
Reading genotypes from /dcs04/lieber/shared/statsgen/LDSC/base/referencefiles/1000G_EUR_Phase3_plink/1000G.EUR.QC.22.bed
After filtering, 141123 SNPs remain
Estimating LD Score.
Reading list of 20106 SNPs for which to print LD Scores from /dcs04/lieber/shared/statsgen/LDSC/base/referencefiles/hapmap3_snps/hm.22.snp
After merging with --print-snps, LD Scores for 17261 SNPs will be printed.
Writing LD Scores for 17261 SNPs to ./out_Vascular_sexDE/chr.22.l2.ldscore.gz

Summary of LD Scores in ./out_Vascular_sexDE/chr.22.l2.ldscore.gz
         MAF        L2
mean  0.2359    2.2757
std   0.1442   12.2869
min   0.0051   -1.0227
25%   0.1084    0.0000
50%   0.2280    0.0000
75%   0.3579    0.0000
max   0.5000  148.2562

MAF/LD Score Correlation Matrix
        MAF      L2
MAF  1.0000  0.0588
L2   0.0588  1.0000

Annotation Correlation Matrix
       ANNOT
ANNOT    1.0

Annotation Matrix Column Sums
ANNOT    2534

Summary of Annotation Matrix Row Sums
count    141123.0000
mean          0.0180
std           0.1328
min           0.0000
25%           0.0000
50%           0.0000
75%           0.0000
max           1.0000
Analysis finished at Mon Oct 27 23:34:41 2025
Total time elapsed: 31.42s
*********************************************************************
* LD Score Regression (LDSC)
* Version 1.0.1
* (C) 2014-2019 Brendan Bulik-Sullivan and Hilary Finucane
* Broad Institute of MIT and Harvard / MIT Department of Mathematics
* GNU General Public License v3
*********************************************************************
Call: 
./ldsc.py \
--print-snps /dcs04/lieber/shared/statsgen/LDSC/base/referencefiles/hapmap3_snps/hm.1.snp \
--ld-wind-cm 1.0 \
--out ./out_PortalVasc_mk/chr.1 \
--bfile /dcs04/lieber/shared/statsgen/LDSC/base/referencefiles/1000G_EUR_Phase3_plink/1000G.EUR.QC.1 \
--thin-annot  \
--annot ./out_PortalVasc_mk/chr.1.annot.gz \
--l2  

Beginning analysis at Mon Oct 27 23:34:41 2025
Read list of 779354 SNPs from /dcs04/lieber/shared/statsgen/LDSC/base/referencefiles/1000G_EUR_Phase3_plink/1000G.EUR.QC.1.bim
Read 1 annotations for 779354 SNPs from ./out_PortalVasc_mk/chr.1.annot.gz
Read list of 489 individuals from /dcs04/lieber/shared/statsgen/LDSC/base/referencefiles/1000G_EUR_Phase3_plink/1000G.EUR.QC.1.fam
Reading genotypes from /dcs04/lieber/shared/statsgen/LDSC/base/referencefiles/1000G_EUR_Phase3_plink/1000G.EUR.QC.1.bed
After filtering, 779354 SNPs remain
Estimating LD Score.
Reading list of 116564 SNPs for which to print LD Scores from /dcs04/lieber/shared/statsgen/LDSC/base/referencefiles/hapmap3_snps/hm.1.snp
After merging with --print-snps, LD Scores for 98690 SNPs will be printed.
Writing LD Scores for 98690 SNPs to ./out_PortalVasc_mk/chr.1.l2.ldscore.gz

Summary of LD Scores in ./out_PortalVasc_mk/chr.1.l2.ldscore.gz
         MAF        L2
mean  0.2329    9.2782
std   0.1442   29.0365
min   0.0051   -1.9873
25%   0.1056    0.0000
50%   0.2219    0.0000
75%   0.3548    1.6351
max   0.5000  413.5584

MAF/LD Score Correlation Matrix
        MAF      L2
MAF  1.0000  0.0264
L2   0.0264  1.0000

Annotation Correlation Matrix
       ANNOT
ANNOT    1.0

Annotation Matrix Column Sums
ANNOT    69763

Summary of Annotation Matrix Row Sums
count    779354.0000
mean          0.0895
std           0.2855
min           0.0000
25%           0.0000
50%           0.0000
75%           0.0000
max           1.0000
Analysis finished at Mon Oct 27 23:38:25 2025
Total time elapsed: 3.0m:43.9s
*********************************************************************
* LD Score Regression (LDSC)
* Version 1.0.1
* (C) 2014-2019 Brendan Bulik-Sullivan and Hilary Finucane
* Broad Institute of MIT and Harvard / MIT Department of Mathematics
* GNU General Public License v3
*********************************************************************
Call: 
./ldsc.py \
--print-snps /dcs04/lieber/shared/statsgen/LDSC/base/referencefiles/hapmap3_snps/hm.2.snp \
--ld-wind-cm 1.0 \
--out ./out_PortalVasc_mk/chr.2 \
--bfile /dcs04/lieber/shared/statsgen/LDSC/base/referencefiles/1000G_EUR_Phase3_plink/1000G.EUR.QC.2 \
--thin-annot  \
--annot ./out_PortalVasc_mk/chr.2.annot.gz \
--l2  

Beginning analysis at Mon Oct 27 23:38:26 2025
Read list of 839590 SNPs from /dcs04/lieber/shared/statsgen/LDSC/base/referencefiles/1000G_EUR_Phase3_plink/1000G.EUR.QC.2.bim
Read 1 annotations for 839590 SNPs from ./out_PortalVasc_mk/chr.2.annot.gz
Read list of 489 individuals from /dcs04/lieber/shared/statsgen/LDSC/base/referencefiles/1000G_EUR_Phase3_plink/1000G.EUR.QC.2.fam
Reading genotypes from /dcs04/lieber/shared/statsgen/LDSC/base/referencefiles/1000G_EUR_Phase3_plink/1000G.EUR.QC.2.bed
After filtering, 839590 SNPs remain
Estimating LD Score.
Reading list of 116575 SNPs for which to print LD Scores from /dcs04/lieber/shared/statsgen/LDSC/base/referencefiles/hapmap3_snps/hm.2.snp
After merging with --print-snps, LD Scores for 100038 SNPs will be printed.
Writing LD Scores for 100038 SNPs to ./out_PortalVasc_mk/chr.2.l2.ldscore.gz

Summary of LD Scores in ./out_PortalVasc_mk/chr.2.l2.ldscore.gz
         MAF        L2
mean  0.2371    8.2697
std   0.1439   25.2839
min   0.0051   -1.5249
25%   0.1115    0.0000
50%   0.2280    0.0000
75%   0.3609    1.3339
max   0.5000  288.6526

MAF/LD Score Correlation Matrix
        MAF      L2
MAF  1.0000  0.0563
L2   0.0563  1.0000

Annotation Correlation Matrix
       ANNOT
ANNOT    1.0

Annotation Matrix Column Sums
ANNOT    57907

Summary of Annotation Matrix Row Sums
count    839590.0000
mean          0.0690
std           0.2534
min           0.0000
25%           0.0000
50%           0.0000
75%           0.0000
max           1.0000
Analysis finished at Mon Oct 27 23:42:29 2025
Total time elapsed: 4.0m:3.09s
*********************************************************************
* LD Score Regression (LDSC)
* Version 1.0.1
* (C) 2014-2019 Brendan Bulik-Sullivan and Hilary Finucane
* Broad Institute of MIT and Harvard / MIT Department of Mathematics
* GNU General Public License v3
*********************************************************************
Call: 
./ldsc.py \
--print-snps /dcs04/lieber/shared/statsgen/LDSC/base/referencefiles/hapmap3_snps/hm.3.snp \
--ld-wind-cm 1.0 \
--out ./out_PortalVasc_mk/chr.3 \
--bfile /dcs04/lieber/shared/statsgen/LDSC/base/referencefiles/1000G_EUR_Phase3_plink/1000G.EUR.QC.3 \
--thin-annot  \
--annot ./out_PortalVasc_mk/chr.3.annot.gz \
--l2  

Beginning analysis at Mon Oct 27 23:42:29 2025
Read list of 706350 SNPs from /dcs04/lieber/shared/statsgen/LDSC/base/referencefiles/1000G_EUR_Phase3_plink/1000G.EUR.QC.3.bim
Read 1 annotations for 706350 SNPs from ./out_PortalVasc_mk/chr.3.annot.gz
Read list of 489 individuals from /dcs04/lieber/shared/statsgen/LDSC/base/referencefiles/1000G_EUR_Phase3_plink/1000G.EUR.QC.3.fam
Reading genotypes from /dcs04/lieber/shared/statsgen/LDSC/base/referencefiles/1000G_EUR_Phase3_plink/1000G.EUR.QC.3.bed
After filtering, 706350 SNPs remain
Estimating LD Score.
Reading list of 96664 SNPs for which to print LD Scores from /dcs04/lieber/shared/statsgen/LDSC/base/referencefiles/hapmap3_snps/hm.3.snp
After merging with --print-snps, LD Scores for 83286 SNPs will be printed.
Writing LD Scores for 83286 SNPs to ./out_PortalVasc_mk/chr.3.l2.ldscore.gz

Summary of LD Scores in ./out_PortalVasc_mk/chr.3.l2.ldscore.gz
         MAF        L2
mean  0.2395    7.4588
std   0.1436   26.2888
min   0.0051   -2.3015
25%   0.1145    0.0000
50%   0.2311    0.0000
75%   0.3630    0.3740
max   0.5000  277.5692

MAF/LD Score Correlation Matrix
        MAF      L2
MAF  1.0000  0.0547
L2   0.0547  1.0000

Annotation Correlation Matrix
       ANNOT
ANNOT    1.0

Annotation Matrix Column Sums
ANNOT    36593

Summary of Annotation Matrix Row Sums
count    706350.0000
mean          0.0518
std           0.2216
min           0.0000
25%           0.0000
50%           0.0000
75%           0.0000
max           1.0000
Analysis finished at Mon Oct 27 23:46:14 2025
Total time elapsed: 3.0m:44.41s
*********************************************************************
* LD Score Regression (LDSC)
* Version 1.0.1
* (C) 2014-2019 Brendan Bulik-Sullivan and Hilary Finucane
* Broad Institute of MIT and Harvard / MIT Department of Mathematics
* GNU General Public License v3
*********************************************************************
Call: 
./ldsc.py \
--print-snps /dcs04/lieber/shared/statsgen/LDSC/base/referencefiles/hapmap3_snps/hm.4.snp \
--ld-wind-cm 1.0 \
--out ./out_PortalVasc_mk/chr.4 \
--bfile /dcs04/lieber/shared/statsgen/LDSC/base/referencefiles/1000G_EUR_Phase3_plink/1000G.EUR.QC.4 \
--thin-annot  \
--annot ./out_PortalVasc_mk/chr.4.annot.gz \
--l2  

Beginning analysis at Mon Oct 27 23:46:14 2025
Read list of 729645 SNPs from /dcs04/lieber/shared/statsgen/LDSC/base/referencefiles/1000G_EUR_Phase3_plink/1000G.EUR.QC.4.bim
Read 1 annotations for 729645 SNPs from ./out_PortalVasc_mk/chr.4.annot.gz
Read list of 489 individuals from /dcs04/lieber/shared/statsgen/LDSC/base/referencefiles/1000G_EUR_Phase3_plink/1000G.EUR.QC.4.fam
Reading genotypes from /dcs04/lieber/shared/statsgen/LDSC/base/referencefiles/1000G_EUR_Phase3_plink/1000G.EUR.QC.4.bed
After filtering, 729645 SNPs remain
Estimating LD Score.
Reading list of 85881 SNPs for which to print LD Scores from /dcs04/lieber/shared/statsgen/LDSC/base/referencefiles/hapmap3_snps/hm.4.snp
After merging with --print-snps, LD Scores for 74259 SNPs will be printed.
Writing LD Scores for 74259 SNPs to ./out_PortalVasc_mk/chr.4.l2.ldscore.gz

Summary of LD Scores in ./out_PortalVasc_mk/chr.4.l2.ldscore.gz
         MAF        L2
mean  0.2367    9.0485
std   0.1431   31.5942
min   0.0051   -2.3894
25%   0.1115    0.0000
50%   0.2301    0.0000
75%   0.3579    0.5916
max   0.5000  400.1890

MAF/LD Score Correlation Matrix
        MAF      L2
MAF  1.0000  0.0191
L2   0.0191  1.0000

Annotation Correlation Matrix
       ANNOT
ANNOT    1.0

Annotation Matrix Column Sums
ANNOT    46432

Summary of Annotation Matrix Row Sums
count    729645.0000
mean          0.0636
std           0.2441
min           0.0000
25%           0.0000
50%           0.0000
75%           0.0000
max           1.0000
Analysis finished at Mon Oct 27 23:49:51 2025
Total time elapsed: 3.0m:36.18s
*********************************************************************
* LD Score Regression (LDSC)
* Version 1.0.1
* (C) 2014-2019 Brendan Bulik-Sullivan and Hilary Finucane
* Broad Institute of MIT and Harvard / MIT Department of Mathematics
* GNU General Public License v3
*********************************************************************
Call: 
./ldsc.py \
--print-snps /dcs04/lieber/shared/statsgen/LDSC/base/referencefiles/hapmap3_snps/hm.5.snp \
--ld-wind-cm 1.0 \
--out ./out_PortalVasc_mk/chr.5 \
--bfile /dcs04/lieber/shared/statsgen/LDSC/base/referencefiles/1000G_EUR_Phase3_plink/1000G.EUR.QC.5 \
--thin-annot  \
--annot ./out_PortalVasc_mk/chr.5.annot.gz \
--l2  

Beginning analysis at Mon Oct 27 23:49:51 2025
Read list of 633015 SNPs from /dcs04/lieber/shared/statsgen/LDSC/base/referencefiles/1000G_EUR_Phase3_plink/1000G.EUR.QC.5.bim
Read 1 annotations for 633015 SNPs from ./out_PortalVasc_mk/chr.5.annot.gz
Read list of 489 individuals from /dcs04/lieber/shared/statsgen/LDSC/base/referencefiles/1000G_EUR_Phase3_plink/1000G.EUR.QC.5.fam
Reading genotypes from /dcs04/lieber/shared/statsgen/LDSC/base/referencefiles/1000G_EUR_Phase3_plink/1000G.EUR.QC.5.bed
After filtering, 633015 SNPs remain
Estimating LD Score.
Reading list of 88059 SNPs for which to print LD Scores from /dcs04/lieber/shared/statsgen/LDSC/base/referencefiles/hapmap3_snps/hm.5.snp
After merging with --print-snps, LD Scores for 74950 SNPs will be printed.
Writing LD Scores for 74950 SNPs to ./out_PortalVasc_mk/chr.5.l2.ldscore.gz

Summary of LD Scores in ./out_PortalVasc_mk/chr.5.l2.ldscore.gz
         MAF        L2
mean  0.2353    7.4352
std   0.1428   30.6815
min   0.0051   -2.7180
25%   0.1104    0.0000
50%   0.2260    0.0000
75%   0.3558    0.4301
max   0.5000  522.7823

MAF/LD Score Correlation Matrix
        MAF      L2
MAF  1.0000  0.0298
L2   0.0298  1.0000

Annotation Correlation Matrix
       ANNOT
ANNOT    1.0

Annotation Matrix Column Sums
ANNOT    37916

Summary of Annotation Matrix Row Sums
count    633015.0000
mean          0.0599
std           0.2373
min           0.0000
25%           0.0000
50%           0.0000
75%           0.0000
max           1.0000
Analysis finished at Mon Oct 27 23:52:58 2025
Total time elapsed: 3.0m:7.02s
*********************************************************************
* LD Score Regression (LDSC)
* Version 1.0.1
* (C) 2014-2019 Brendan Bulik-Sullivan and Hilary Finucane
* Broad Institute of MIT and Harvard / MIT Department of Mathematics
* GNU General Public License v3
*********************************************************************
Call: 
./ldsc.py \
--print-snps /dcs04/lieber/shared/statsgen/LDSC/base/referencefiles/hapmap3_snps/hm.6.snp \
--ld-wind-cm 1.0 \
--out ./out_PortalVasc_mk/chr.6 \
--bfile /dcs04/lieber/shared/statsgen/LDSC/base/referencefiles/1000G_EUR_Phase3_plink/1000G.EUR.QC.6 \
--thin-annot  \
--annot ./out_PortalVasc_mk/chr.6.annot.gz \
--l2  

Beginning analysis at Mon Oct 27 23:52:59 2025
Read list of 664016 SNPs from /dcs04/lieber/shared/statsgen/LDSC/base/referencefiles/1000G_EUR_Phase3_plink/1000G.EUR.QC.6.bim
Read 1 annotations for 664016 SNPs from ./out_PortalVasc_mk/chr.6.annot.gz
Read list of 489 individuals from /dcs04/lieber/shared/statsgen/LDSC/base/referencefiles/1000G_EUR_Phase3_plink/1000G.EUR.QC.6.fam
Reading genotypes from /dcs04/lieber/shared/statsgen/LDSC/base/referencefiles/1000G_EUR_Phase3_plink/1000G.EUR.QC.6.bed
After filtering, 664016 SNPs remain
Estimating LD Score.
Reading list of 91491 SNPs for which to print LD Scores from /dcs04/lieber/shared/statsgen/LDSC/base/referencefiles/hapmap3_snps/hm.6.snp
After merging with --print-snps, LD Scores for 80218 SNPs will be printed.
Writing LD Scores for 80218 SNPs to ./out_PortalVasc_mk/chr.6.l2.ldscore.gz

Summary of LD Scores in ./out_PortalVasc_mk/chr.6.l2.ldscore.gz
         MAF         L2
mean  0.2331    30.5405
std   0.1441   105.7790
min   0.0051    -7.7054
25%   0.1074     0.0000
50%   0.2219     0.0000
75%   0.3558     2.5322
max   0.5000  1224.2798

MAF/LD Score Correlation Matrix
        MAF      L2
MAF  1.0000  0.0024
L2   0.0024  1.0000

Annotation Correlation Matrix
       ANNOT
ANNOT    1.0

Annotation Matrix Column Sums
ANNOT    63314

Summary of Annotation Matrix Row Sums
count    664016.0000
mean          0.0954
std           0.2937
min           0.0000
25%           0.0000
50%           0.0000
75%           0.0000
max           1.0000
Analysis finished at Mon Oct 27 23:57:43 2025
Total time elapsed: 4.0m:44.51s
*********************************************************************
* LD Score Regression (LDSC)
* Version 1.0.1
* (C) 2014-2019 Brendan Bulik-Sullivan and Hilary Finucane
* Broad Institute of MIT and Harvard / MIT Department of Mathematics
* GNU General Public License v3
*********************************************************************
Call: 
./ldsc.py \
--print-snps /dcs04/lieber/shared/statsgen/LDSC/base/referencefiles/hapmap3_snps/hm.7.snp \
--ld-wind-cm 1.0 \
--out ./out_PortalVasc_mk/chr.7 \
--bfile /dcs04/lieber/shared/statsgen/LDSC/base/referencefiles/1000G_EUR_Phase3_plink/1000G.EUR.QC.7 \
--thin-annot  \
--annot ./out_PortalVasc_mk/chr.7.annot.gz \
--l2  

Beginning analysis at Mon Oct 27 23:57:44 2025
Read list of 589569 SNPs from /dcs04/lieber/shared/statsgen/LDSC/base/referencefiles/1000G_EUR_Phase3_plink/1000G.EUR.QC.7.bim
Read 1 annotations for 589569 SNPs from ./out_PortalVasc_mk/chr.7.annot.gz
Read list of 489 individuals from /dcs04/lieber/shared/statsgen/LDSC/base/referencefiles/1000G_EUR_Phase3_plink/1000G.EUR.QC.7.fam
Reading genotypes from /dcs04/lieber/shared/statsgen/LDSC/base/referencefiles/1000G_EUR_Phase3_plink/1000G.EUR.QC.7.bed
After filtering, 589569 SNPs remain
Estimating LD Score.
Reading list of 75316 SNPs for which to print LD Scores from /dcs04/lieber/shared/statsgen/LDSC/base/referencefiles/hapmap3_snps/hm.7.snp
After merging with --print-snps, LD Scores for 65848 SNPs will be printed.
Writing LD Scores for 65848 SNPs to ./out_PortalVasc_mk/chr.7.l2.ldscore.gz

Summary of LD Scores in ./out_PortalVasc_mk/chr.7.l2.ldscore.gz
         MAF        L2
mean  0.2376    5.3953
std   0.1437   21.1232
min   0.0051   -2.3297
25%   0.1104    0.0000
50%   0.2290    0.0000
75%   0.3609    0.0436
max   0.5000  327.2518

MAF/LD Score Correlation Matrix
        MAF      L2
MAF  1.0000  0.0249
L2   0.0249  1.0000

Annotation Correlation Matrix
       ANNOT
ANNOT    1.0

Annotation Matrix Column Sums
ANNOT    31308

Summary of Annotation Matrix Row Sums
count    589569.0000
mean          0.0531
std           0.2242
min           0.0000
25%           0.0000
50%           0.0000
75%           0.0000
max           1.0000
Analysis finished at Tue Oct 28 00:00:29 2025
Total time elapsed: 2.0m:45.16s
*********************************************************************
* LD Score Regression (LDSC)
* Version 1.0.1
* (C) 2014-2019 Brendan Bulik-Sullivan and Hilary Finucane
* Broad Institute of MIT and Harvard / MIT Department of Mathematics
* GNU General Public License v3
*********************************************************************
Call: 
./ldsc.py \
--print-snps /dcs04/lieber/shared/statsgen/LDSC/base/referencefiles/hapmap3_snps/hm.8.snp \
--ld-wind-cm 1.0 \
--out ./out_PortalVasc_mk/chr.8 \
--bfile /dcs04/lieber/shared/statsgen/LDSC/base/referencefiles/1000G_EUR_Phase3_plink/1000G.EUR.QC.8 \
--thin-annot  \
--annot ./out_PortalVasc_mk/chr.8.annot.gz \
--l2  

Beginning analysis at Tue Oct 28 00:00:30 2025
Read list of 549971 SNPs from /dcs04/lieber/shared/statsgen/LDSC/base/referencefiles/1000G_EUR_Phase3_plink/1000G.EUR.QC.8.bim
Read 1 annotations for 549971 SNPs from ./out_PortalVasc_mk/chr.8.annot.gz
Read list of 489 individuals from /dcs04/lieber/shared/statsgen/LDSC/base/referencefiles/1000G_EUR_Phase3_plink/1000G.EUR.QC.8.fam
Reading genotypes from /dcs04/lieber/shared/statsgen/LDSC/base/referencefiles/1000G_EUR_Phase3_plink/1000G.EUR.QC.8.bed
After filtering, 549971 SNPs remain
Estimating LD Score.
Reading list of 75345 SNPs for which to print LD Scores from /dcs04/lieber/shared/statsgen/LDSC/base/referencefiles/hapmap3_snps/hm.8.snp
After merging with --print-snps, LD Scores for 65167 SNPs will be printed.
Writing LD Scores for 65167 SNPs to ./out_PortalVasc_mk/chr.8.l2.ldscore.gz

Summary of LD Scores in ./out_PortalVasc_mk/chr.8.l2.ldscore.gz
         MAF        L2
mean  0.2368    6.6825
std   0.1438   23.9536
min   0.0051   -1.5513
25%   0.1094    0.0000
50%   0.2270    0.0000
75%   0.3599    0.5862
max   0.5000  324.3778

MAF/LD Score Correlation Matrix
        MAF      L2
MAF  1.0000  0.0517
L2   0.0517  1.0000

Annotation Correlation Matrix
       ANNOT
ANNOT    1.0

Annotation Matrix Column Sums
ANNOT    32523

Summary of Annotation Matrix Row Sums
count    549971.0000
mean          0.0591
std           0.2359
min           0.0000
25%           0.0000
50%           0.0000
75%           0.0000
max           1.0000
Analysis finished at Tue Oct 28 00:03:30 2025
Total time elapsed: 3.0m:0.72s
*********************************************************************
* LD Score Regression (LDSC)
* Version 1.0.1
* (C) 2014-2019 Brendan Bulik-Sullivan and Hilary Finucane
* Broad Institute of MIT and Harvard / MIT Department of Mathematics
* GNU General Public License v3
*********************************************************************
Call: 
./ldsc.py \
--print-snps /dcs04/lieber/shared/statsgen/LDSC/base/referencefiles/hapmap3_snps/hm.9.snp \
--ld-wind-cm 1.0 \
--out ./out_PortalVasc_mk/chr.9 \
--bfile /dcs04/lieber/shared/statsgen/LDSC/base/referencefiles/1000G_EUR_Phase3_plink/1000G.EUR.QC.9 \
--thin-annot  \
--annot ./out_PortalVasc_mk/chr.9.annot.gz \
--l2  

Beginning analysis at Tue Oct 28 00:03:31 2025
Read list of 438106 SNPs from /dcs04/lieber/shared/statsgen/LDSC/base/referencefiles/1000G_EUR_Phase3_plink/1000G.EUR.QC.9.bim
Read 1 annotations for 438106 SNPs from ./out_PortalVasc_mk/chr.9.annot.gz
Read list of 489 individuals from /dcs04/lieber/shared/statsgen/LDSC/base/referencefiles/1000G_EUR_Phase3_plink/1000G.EUR.QC.9.fam
Reading genotypes from /dcs04/lieber/shared/statsgen/LDSC/base/referencefiles/1000G_EUR_Phase3_plink/1000G.EUR.QC.9.bed
After filtering, 438106 SNPs remain
Estimating LD Score.
Reading list of 63706 SNPs for which to print LD Scores from /dcs04/lieber/shared/statsgen/LDSC/base/referencefiles/hapmap3_snps/hm.9.snp
After merging with --print-snps, LD Scores for 55885 SNPs will be printed.
Writing LD Scores for 55885 SNPs to ./out_PortalVasc_mk/chr.9.l2.ldscore.gz

Summary of LD Scores in ./out_PortalVasc_mk/chr.9.l2.ldscore.gz
         MAF        L2
mean  0.2343    6.8428
std   0.1436   26.1769
min   0.0051   -2.2948
25%   0.1084    0.0000
50%   0.2239    0.0000
75%   0.3558    0.0773
max   0.5000  408.3514

MAF/LD Score Correlation Matrix
        MAF      L2
MAF  1.0000  0.0205
L2   0.0205  1.0000

Annotation Correlation Matrix
       ANNOT
ANNOT    1.0

Annotation Matrix Column Sums
ANNOT    27070

Summary of Annotation Matrix Row Sums
count    438106.0000
mean          0.0618
std           0.2408
min           0.0000
25%           0.0000
50%           0.0000
75%           0.0000
max           1.0000
Analysis finished at Tue Oct 28 00:05:21 2025
Total time elapsed: 1.0m:50.25s
*********************************************************************
* LD Score Regression (LDSC)
* Version 1.0.1
* (C) 2014-2019 Brendan Bulik-Sullivan and Hilary Finucane
* Broad Institute of MIT and Harvard / MIT Department of Mathematics
* GNU General Public License v3
*********************************************************************
Call: 
./ldsc.py \
--print-snps /dcs04/lieber/shared/statsgen/LDSC/base/referencefiles/hapmap3_snps/hm.10.snp \
--ld-wind-cm 1.0 \
--out ./out_PortalVasc_mk/chr.10 \
--bfile /dcs04/lieber/shared/statsgen/LDSC/base/referencefiles/1000G_EUR_Phase3_plink/1000G.EUR.QC.10 \
--thin-annot  \
--annot ./out_PortalVasc_mk/chr.10.annot.gz \
--l2  

Beginning analysis at Tue Oct 28 00:05:22 2025
Read list of 510501 SNPs from /dcs04/lieber/shared/statsgen/LDSC/base/referencefiles/1000G_EUR_Phase3_plink/1000G.EUR.QC.10.bim
Read 1 annotations for 510501 SNPs from ./out_PortalVasc_mk/chr.10.annot.gz
Read list of 489 individuals from /dcs04/lieber/shared/statsgen/LDSC/base/referencefiles/1000G_EUR_Phase3_plink/1000G.EUR.QC.10.fam
Reading genotypes from /dcs04/lieber/shared/statsgen/LDSC/base/referencefiles/1000G_EUR_Phase3_plink/1000G.EUR.QC.10.bed
After filtering, 510501 SNPs remain
Estimating LD Score.
Reading list of 73929 SNPs for which to print LD Scores from /dcs04/lieber/shared/statsgen/LDSC/base/referencefiles/hapmap3_snps/hm.10.snp
After merging with --print-snps, LD Scores for 64236 SNPs will be printed.
Writing LD Scores for 64236 SNPs to ./out_PortalVasc_mk/chr.10.l2.ldscore.gz

Summary of LD Scores in ./out_PortalVasc_mk/chr.10.l2.ldscore.gz
         MAF        L2
mean  0.2316    6.0501
std   0.1438   32.4604
min   0.0051   -2.2412
25%   0.1053    0.0000
50%   0.2188    0.0000
75%   0.3538    0.0192
max   0.5000  624.5054

MAF/LD Score Correlation Matrix
        MAF      L2
MAF  1.0000 -0.0212
L2  -0.0212  1.0000

Annotation Correlation Matrix
       ANNOT
ANNOT    1.0

Annotation Matrix Column Sums
ANNOT    23528

Summary of Annotation Matrix Row Sums
count    510501.0000
mean          0.0461
std           0.2097
min           0.0000
25%           0.0000
50%           0.0000
75%           0.0000
max           1.0000
Analysis finished at Tue Oct 28 00:07:42 2025
Total time elapsed: 2.0m:20.11s
*********************************************************************
* LD Score Regression (LDSC)
* Version 1.0.1
* (C) 2014-2019 Brendan Bulik-Sullivan and Hilary Finucane
* Broad Institute of MIT and Harvard / MIT Department of Mathematics
* GNU General Public License v3
*********************************************************************
Call: 
./ldsc.py \
--print-snps /dcs04/lieber/shared/statsgen/LDSC/base/referencefiles/hapmap3_snps/hm.11.snp \
--ld-wind-cm 1.0 \
--out ./out_PortalVasc_mk/chr.11 \
--bfile /dcs04/lieber/shared/statsgen/LDSC/base/referencefiles/1000G_EUR_Phase3_plink/1000G.EUR.QC.11 \
--thin-annot  \
--annot ./out_PortalVasc_mk/chr.11.annot.gz \
--l2  

Beginning analysis at Tue Oct 28 00:07:43 2025
Read list of 493922 SNPs from /dcs04/lieber/shared/statsgen/LDSC/base/referencefiles/1000G_EUR_Phase3_plink/1000G.EUR.QC.11.bim
Read 1 annotations for 493922 SNPs from ./out_PortalVasc_mk/chr.11.annot.gz
Read list of 489 individuals from /dcs04/lieber/shared/statsgen/LDSC/base/referencefiles/1000G_EUR_Phase3_plink/1000G.EUR.QC.11.fam
Reading genotypes from /dcs04/lieber/shared/statsgen/LDSC/base/referencefiles/1000G_EUR_Phase3_plink/1000G.EUR.QC.11.bed
After filtering, 493922 SNPs remain
Estimating LD Score.
Reading list of 71092 SNPs for which to print LD Scores from /dcs04/lieber/shared/statsgen/LDSC/base/referencefiles/hapmap3_snps/hm.11.snp
After merging with --print-snps, LD Scores for 61027 SNPs will be printed.
Writing LD Scores for 61027 SNPs to ./out_PortalVasc_mk/chr.11.l2.ldscore.gz

Summary of LD Scores in ./out_PortalVasc_mk/chr.11.l2.ldscore.gz
         MAF        L2
mean  0.2389    8.4215
std   0.1430   25.1663
min   0.0051   -1.6818
25%   0.1145    0.0000
50%   0.2301    0.0000
75%   0.3609    1.9227
max   0.5000  302.2297

MAF/LD Score Correlation Matrix
        MAF      L2
MAF  1.0000  0.0729
L2   0.0729  1.0000

Annotation Correlation Matrix
       ANNOT
ANNOT    1.0

Annotation Matrix Column Sums
ANNOT    38079

Summary of Annotation Matrix Row Sums
count    493922.0000
mean          0.0771
std           0.2667
min           0.0000
25%           0.0000
50%           0.0000
75%           0.0000
max           1.0000
Analysis finished at Tue Oct 28 00:11:12 2025
Total time elapsed: 3.0m:28.43s
*********************************************************************
* LD Score Regression (LDSC)
* Version 1.0.1
* (C) 2014-2019 Brendan Bulik-Sullivan and Hilary Finucane
* Broad Institute of MIT and Harvard / MIT Department of Mathematics
* GNU General Public License v3
*********************************************************************
Call: 
./ldsc.py \
--print-snps /dcs04/lieber/shared/statsgen/LDSC/base/referencefiles/hapmap3_snps/hm.12.snp \
--ld-wind-cm 1.0 \
--out ./out_PortalVasc_mk/chr.12 \
--bfile /dcs04/lieber/shared/statsgen/LDSC/base/referencefiles/1000G_EUR_Phase3_plink/1000G.EUR.QC.12 \
--thin-annot  \
--annot ./out_PortalVasc_mk/chr.12.annot.gz \
--l2  

Beginning analysis at Tue Oct 28 00:11:12 2025
Read list of 480110 SNPs from /dcs04/lieber/shared/statsgen/LDSC/base/referencefiles/1000G_EUR_Phase3_plink/1000G.EUR.QC.12.bim
Read 1 annotations for 480110 SNPs from ./out_PortalVasc_mk/chr.12.annot.gz
Read list of 489 individuals from /dcs04/lieber/shared/statsgen/LDSC/base/referencefiles/1000G_EUR_Phase3_plink/1000G.EUR.QC.12.fam
Reading genotypes from /dcs04/lieber/shared/statsgen/LDSC/base/referencefiles/1000G_EUR_Phase3_plink/1000G.EUR.QC.12.bed
After filtering, 480110 SNPs remain
Estimating LD Score.
Reading list of 68635 SNPs for which to print LD Scores from /dcs04/lieber/shared/statsgen/LDSC/base/referencefiles/hapmap3_snps/hm.12.snp
After merging with --print-snps, LD Scores for 58127 SNPs will be printed.
Writing LD Scores for 58127 SNPs to ./out_PortalVasc_mk/chr.12.l2.ldscore.gz

Summary of LD Scores in ./out_PortalVasc_mk/chr.12.l2.ldscore.gz
         MAF        L2
mean  0.2320    7.4468
std   0.1438   23.3245
min   0.0051   -1.7294
25%   0.1063    0.0000
50%   0.2198    0.0000
75%   0.3548    1.6896
max   0.5000  258.7638

MAF/LD Score Correlation Matrix
        MAF      L2
MAF  1.0000  0.0074
L2   0.0074  1.0000

Annotation Correlation Matrix
       ANNOT
ANNOT    1.0

Annotation Matrix Column Sums
ANNOT    35324

Summary of Annotation Matrix Row Sums
count    480110.0000
mean          0.0736
std           0.2611
min           0.0000
25%           0.0000
50%           0.0000
75%           0.0000
max           1.0000
Analysis finished at Tue Oct 28 00:13:49 2025
Total time elapsed: 2.0m:37.1s
*********************************************************************
* LD Score Regression (LDSC)
* Version 1.0.1
* (C) 2014-2019 Brendan Bulik-Sullivan and Hilary Finucane
* Broad Institute of MIT and Harvard / MIT Department of Mathematics
* GNU General Public License v3
*********************************************************************
Call: 
./ldsc.py \
--print-snps /dcs04/lieber/shared/statsgen/LDSC/base/referencefiles/hapmap3_snps/hm.13.snp \
--ld-wind-cm 1.0 \
--out ./out_PortalVasc_mk/chr.13 \
--bfile /dcs04/lieber/shared/statsgen/LDSC/base/referencefiles/1000G_EUR_Phase3_plink/1000G.EUR.QC.13 \
--thin-annot  \
--annot ./out_PortalVasc_mk/chr.13.annot.gz \
--l2  

Beginning analysis at Tue Oct 28 00:13:50 2025
Read list of 366200 SNPs from /dcs04/lieber/shared/statsgen/LDSC/base/referencefiles/1000G_EUR_Phase3_plink/1000G.EUR.QC.13.bim
Read 1 annotations for 366200 SNPs from ./out_PortalVasc_mk/chr.13.annot.gz
Read list of 489 individuals from /dcs04/lieber/shared/statsgen/LDSC/base/referencefiles/1000G_EUR_Phase3_plink/1000G.EUR.QC.13.fam
Reading genotypes from /dcs04/lieber/shared/statsgen/LDSC/base/referencefiles/1000G_EUR_Phase3_plink/1000G.EUR.QC.13.bed
After filtering, 366200 SNPs remain
Estimating LD Score.
Reading list of 52010 SNPs for which to print LD Scores from /dcs04/lieber/shared/statsgen/LDSC/base/referencefiles/hapmap3_snps/hm.13.snp
After merging with --print-snps, LD Scores for 45136 SNPs will be printed.
Writing LD Scores for 45136 SNPs to ./out_PortalVasc_mk/chr.13.l2.ldscore.gz

Summary of LD Scores in ./out_PortalVasc_mk/chr.13.l2.ldscore.gz
         MAF        L2
mean  0.2329    4.8343
std   0.1436   22.7662
min   0.0051   -1.7881
25%   0.1063    0.0000
50%   0.2198    0.0000
75%   0.3548    0.0000
max   0.5000  294.7616

MAF/LD Score Correlation Matrix
        MAF      L2
MAF  1.0000  0.0163
L2   0.0163  1.0000

Annotation Correlation Matrix
       ANNOT
ANNOT    1.0

Annotation Matrix Column Sums
ANNOT    15407

Summary of Annotation Matrix Row Sums
count    366200.0000
mean          0.0421
std           0.2008
min           0.0000
25%           0.0000
50%           0.0000
75%           0.0000
max           1.0000
Analysis finished at Tue Oct 28 00:15:19 2025
Total time elapsed: 1.0m:29.04s
*********************************************************************
* LD Score Regression (LDSC)
* Version 1.0.1
* (C) 2014-2019 Brendan Bulik-Sullivan and Hilary Finucane
* Broad Institute of MIT and Harvard / MIT Department of Mathematics
* GNU General Public License v3
*********************************************************************
Call: 
./ldsc.py \
--print-snps /dcs04/lieber/shared/statsgen/LDSC/base/referencefiles/hapmap3_snps/hm.14.snp \
--ld-wind-cm 1.0 \
--out ./out_PortalVasc_mk/chr.14 \
--bfile /dcs04/lieber/shared/statsgen/LDSC/base/referencefiles/1000G_EUR_Phase3_plink/1000G.EUR.QC.14 \
--thin-annot  \
--annot ./out_PortalVasc_mk/chr.14.annot.gz \
--l2  

Beginning analysis at Tue Oct 28 00:15:20 2025
Read list of 324698 SNPs from /dcs04/lieber/shared/statsgen/LDSC/base/referencefiles/1000G_EUR_Phase3_plink/1000G.EUR.QC.14.bim
Read 1 annotations for 324698 SNPs from ./out_PortalVasc_mk/chr.14.annot.gz
Read list of 489 individuals from /dcs04/lieber/shared/statsgen/LDSC/base/referencefiles/1000G_EUR_Phase3_plink/1000G.EUR.QC.14.fam
Reading genotypes from /dcs04/lieber/shared/statsgen/LDSC/base/referencefiles/1000G_EUR_Phase3_plink/1000G.EUR.QC.14.bed
After filtering, 324698 SNPs remain
Estimating LD Score.
Reading list of 45556 SNPs for which to print LD Scores from /dcs04/lieber/shared/statsgen/LDSC/base/referencefiles/hapmap3_snps/hm.14.snp
After merging with --print-snps, LD Scores for 39504 SNPs will be printed.
Writing LD Scores for 39504 SNPs to ./out_PortalVasc_mk/chr.14.l2.ldscore.gz

Summary of LD Scores in ./out_PortalVasc_mk/chr.14.l2.ldscore.gz
         MAF        L2
mean  0.2308    8.0875
std   0.1432   25.9905
min   0.0051   -1.5459
25%   0.1053    0.0000
50%   0.2188    0.0000
75%   0.3497    0.9227
max   0.5000  279.3696

MAF/LD Score Correlation Matrix
       MAF     L2
MAF  1.000  0.081
L2   0.081  1.000

Annotation Correlation Matrix
       ANNOT
ANNOT    1.0

Annotation Matrix Column Sums
ANNOT    25239

Summary of Annotation Matrix Row Sums
count    324698.0000
mean          0.0777
std           0.2677
min           0.0000
25%           0.0000
50%           0.0000
75%           0.0000
max           1.0000
Analysis finished at Tue Oct 28 00:16:47 2025
Total time elapsed: 1.0m:27.92s
**** Job ends ****
Tue Oct 28 12:16:48 AM EDT 2025
