**** Job starts ****
Mon Oct 27 11:29:52 PM EDT 2025
*********************************************************************
* LD Score Regression (LDSC)
* Version 1.0.1
* (C) 2014-2019 Brendan Bulik-Sullivan and Hilary Finucane
* Broad Institute of MIT and Harvard / MIT Department of Mathematics
* GNU General Public License v3
*********************************************************************
Call: 
./ldsc.py \
--print-snps /dcs04/lieber/shared/statsgen/LDSC/base/referencefiles/hapmap3_snps/hm.7.snp \
--ld-wind-cm 1.0 \
--out ./out_SON_sexDE/chr.7 \
--bfile /dcs04/lieber/shared/statsgen/LDSC/base/referencefiles/1000G_EUR_Phase3_plink/1000G.EUR.QC.7 \
--thin-annot  \
--annot ./out_SON_sexDE/chr.7.annot.gz \
--l2  

Beginning analysis at Mon Oct 27 23:29:54 2025
Read list of 589569 SNPs from /dcs04/lieber/shared/statsgen/LDSC/base/referencefiles/1000G_EUR_Phase3_plink/1000G.EUR.QC.7.bim
Read 1 annotations for 589569 SNPs from ./out_SON_sexDE/chr.7.annot.gz
Read list of 489 individuals from /dcs04/lieber/shared/statsgen/LDSC/base/referencefiles/1000G_EUR_Phase3_plink/1000G.EUR.QC.7.fam
Reading genotypes from /dcs04/lieber/shared/statsgen/LDSC/base/referencefiles/1000G_EUR_Phase3_plink/1000G.EUR.QC.7.bed
After filtering, 589569 SNPs remain
Estimating LD Score.
Reading list of 75316 SNPs for which to print LD Scores from /dcs04/lieber/shared/statsgen/LDSC/base/referencefiles/hapmap3_snps/hm.7.snp
After merging with --print-snps, LD Scores for 65848 SNPs will be printed.
Writing LD Scores for 65848 SNPs to ./out_SON_sexDE/chr.7.l2.ldscore.gz

Summary of LD Scores in ./out_SON_sexDE/chr.7.l2.ldscore.gz
         MAF        L2
mean  0.2376    2.8793
std   0.1437   16.7840
min   0.0051   -1.2758
25%   0.1104    0.0000
50%   0.2290    0.0000
75%   0.3609    0.0000
max   0.5000  305.9716

MAF/LD Score Correlation Matrix
        MAF      L2
MAF  1.0000  0.0068
L2   0.0068  1.0000

Annotation Correlation Matrix
       ANNOT
ANNOT    1.0

Annotation Matrix Column Sums
ANNOT    13659

Summary of Annotation Matrix Row Sums
count    589569.0000
mean          0.0232
std           0.1504
min           0.0000
25%           0.0000
50%           0.0000
75%           0.0000
max           1.0000
Analysis finished at Mon Oct 27 23:32:22 2025
Total time elapsed: 2.0m:27.98s
*********************************************************************
* LD Score Regression (LDSC)
* Version 1.0.1
* (C) 2014-2019 Brendan Bulik-Sullivan and Hilary Finucane
* Broad Institute of MIT and Harvard / MIT Department of Mathematics
* GNU General Public License v3
*********************************************************************
Call: 
./ldsc.py \
--print-snps /dcs04/lieber/shared/statsgen/LDSC/base/referencefiles/hapmap3_snps/hm.8.snp \
--ld-wind-cm 1.0 \
--out ./out_SON_sexDE/chr.8 \
--bfile /dcs04/lieber/shared/statsgen/LDSC/base/referencefiles/1000G_EUR_Phase3_plink/1000G.EUR.QC.8 \
--thin-annot  \
--annot ./out_SON_sexDE/chr.8.annot.gz \
--l2  

Beginning analysis at Mon Oct 27 23:32:22 2025
Read list of 549971 SNPs from /dcs04/lieber/shared/statsgen/LDSC/base/referencefiles/1000G_EUR_Phase3_plink/1000G.EUR.QC.8.bim
Read 1 annotations for 549971 SNPs from ./out_SON_sexDE/chr.8.annot.gz
Read list of 489 individuals from /dcs04/lieber/shared/statsgen/LDSC/base/referencefiles/1000G_EUR_Phase3_plink/1000G.EUR.QC.8.fam
Reading genotypes from /dcs04/lieber/shared/statsgen/LDSC/base/referencefiles/1000G_EUR_Phase3_plink/1000G.EUR.QC.8.bed
After filtering, 549971 SNPs remain
Estimating LD Score.
Reading list of 75345 SNPs for which to print LD Scores from /dcs04/lieber/shared/statsgen/LDSC/base/referencefiles/hapmap3_snps/hm.8.snp
After merging with --print-snps, LD Scores for 65167 SNPs will be printed.
Writing LD Scores for 65167 SNPs to ./out_SON_sexDE/chr.8.l2.ldscore.gz

Summary of LD Scores in ./out_SON_sexDE/chr.8.l2.ldscore.gz
         MAF        L2
mean  0.2368    2.9475
std   0.1438   17.6496
min   0.0051   -2.4865
25%   0.1094    0.0000
50%   0.2270    0.0000
75%   0.3599    0.0000
max   0.5000  248.2641

MAF/LD Score Correlation Matrix
        MAF      L2
MAF  1.0000  0.0364
L2   0.0364  1.0000

Annotation Correlation Matrix
       ANNOT
ANNOT    1.0

Annotation Matrix Column Sums
ANNOT    12273

Summary of Annotation Matrix Row Sums
count    549971.0000
mean          0.0223
std           0.1477
min           0.0000
25%           0.0000
50%           0.0000
75%           0.0000
max           1.0000
Analysis finished at Mon Oct 27 23:34:48 2025
Total time elapsed: 2.0m:26.33s
*********************************************************************
* LD Score Regression (LDSC)
* Version 1.0.1
* (C) 2014-2019 Brendan Bulik-Sullivan and Hilary Finucane
* Broad Institute of MIT and Harvard / MIT Department of Mathematics
* GNU General Public License v3
*********************************************************************
Call: 
./ldsc.py \
--print-snps /dcs04/lieber/shared/statsgen/LDSC/base/referencefiles/hapmap3_snps/hm.9.snp \
--ld-wind-cm 1.0 \
--out ./out_SON_sexDE/chr.9 \
--bfile /dcs04/lieber/shared/statsgen/LDSC/base/referencefiles/1000G_EUR_Phase3_plink/1000G.EUR.QC.9 \
--thin-annot  \
--annot ./out_SON_sexDE/chr.9.annot.gz \
--l2  

Beginning analysis at Mon Oct 27 23:34:49 2025
Read list of 438106 SNPs from /dcs04/lieber/shared/statsgen/LDSC/base/referencefiles/1000G_EUR_Phase3_plink/1000G.EUR.QC.9.bim
Read 1 annotations for 438106 SNPs from ./out_SON_sexDE/chr.9.annot.gz
Read list of 489 individuals from /dcs04/lieber/shared/statsgen/LDSC/base/referencefiles/1000G_EUR_Phase3_plink/1000G.EUR.QC.9.fam
Reading genotypes from /dcs04/lieber/shared/statsgen/LDSC/base/referencefiles/1000G_EUR_Phase3_plink/1000G.EUR.QC.9.bed
After filtering, 438106 SNPs remain
Estimating LD Score.
Reading list of 63706 SNPs for which to print LD Scores from /dcs04/lieber/shared/statsgen/LDSC/base/referencefiles/hapmap3_snps/hm.9.snp
After merging with --print-snps, LD Scores for 55885 SNPs will be printed.
Writing LD Scores for 55885 SNPs to ./out_SON_sexDE/chr.9.l2.ldscore.gz

Summary of LD Scores in ./out_SON_sexDE/chr.9.l2.ldscore.gz
         MAF        L2
mean  0.2343    2.4250
std   0.1436   13.5103
min   0.0051   -1.2553
25%   0.1084    0.0000
50%   0.2239    0.0000
75%   0.3558    0.0000
max   0.5000  202.8862

MAF/LD Score Correlation Matrix
        MAF      L2
MAF  1.0000  0.0171
L2   0.0171  1.0000

Annotation Correlation Matrix
       ANNOT
ANNOT    1.0

Annotation Matrix Column Sums
ANNOT    10338

Summary of Annotation Matrix Row Sums
count    438106.0000
mean          0.0236
std           0.1518
min           0.0000
25%           0.0000
50%           0.0000
75%           0.0000
max           1.0000
Analysis finished at Mon Oct 27 23:36:30 2025
Total time elapsed: 1.0m:41.14s
*********************************************************************
* LD Score Regression (LDSC)
* Version 1.0.1
* (C) 2014-2019 Brendan Bulik-Sullivan and Hilary Finucane
* Broad Institute of MIT and Harvard / MIT Department of Mathematics
* GNU General Public License v3
*********************************************************************
Call: 
./ldsc.py \
--print-snps /dcs04/lieber/shared/statsgen/LDSC/base/referencefiles/hapmap3_snps/hm.10.snp \
--ld-wind-cm 1.0 \
--out ./out_SON_sexDE/chr.10 \
--bfile /dcs04/lieber/shared/statsgen/LDSC/base/referencefiles/1000G_EUR_Phase3_plink/1000G.EUR.QC.10 \
--thin-annot  \
--annot ./out_SON_sexDE/chr.10.annot.gz \
--l2  

Beginning analysis at Mon Oct 27 23:36:31 2025
Read list of 510501 SNPs from /dcs04/lieber/shared/statsgen/LDSC/base/referencefiles/1000G_EUR_Phase3_plink/1000G.EUR.QC.10.bim
Read 1 annotations for 510501 SNPs from ./out_SON_sexDE/chr.10.annot.gz
Read list of 489 individuals from /dcs04/lieber/shared/statsgen/LDSC/base/referencefiles/1000G_EUR_Phase3_plink/1000G.EUR.QC.10.fam
Reading genotypes from /dcs04/lieber/shared/statsgen/LDSC/base/referencefiles/1000G_EUR_Phase3_plink/1000G.EUR.QC.10.bed
After filtering, 510501 SNPs remain
Estimating LD Score.
Reading list of 73929 SNPs for which to print LD Scores from /dcs04/lieber/shared/statsgen/LDSC/base/referencefiles/hapmap3_snps/hm.10.snp
After merging with --print-snps, LD Scores for 64236 SNPs will be printed.
Writing LD Scores for 64236 SNPs to ./out_SON_sexDE/chr.10.l2.ldscore.gz

Summary of LD Scores in ./out_SON_sexDE/chr.10.l2.ldscore.gz
         MAF        L2
mean  0.2316    1.9136
std   0.1438   14.8366
min   0.0051   -1.4247
25%   0.1053    0.0000
50%   0.2188    0.0000
75%   0.3538    0.0000
max   0.5000  321.6406

MAF/LD Score Correlation Matrix
        MAF      L2
MAF  1.0000  0.0306
L2   0.0306  1.0000

Annotation Correlation Matrix
       ANNOT
ANNOT    1.0

Annotation Matrix Column Sums
ANNOT    8417

Summary of Annotation Matrix Row Sums
count    510501.0000
mean          0.0165
std           0.1273
min           0.0000
25%           0.0000
50%           0.0000
75%           0.0000
max           1.0000
Analysis finished at Mon Oct 27 23:38:29 2025
Total time elapsed: 1.0m:58.2s
*********************************************************************
* LD Score Regression (LDSC)
* Version 1.0.1
* (C) 2014-2019 Brendan Bulik-Sullivan and Hilary Finucane
* Broad Institute of MIT and Harvard / MIT Department of Mathematics
* GNU General Public License v3
*********************************************************************
Call: 
./ldsc.py \
--print-snps /dcs04/lieber/shared/statsgen/LDSC/base/referencefiles/hapmap3_snps/hm.11.snp \
--ld-wind-cm 1.0 \
--out ./out_SON_sexDE/chr.11 \
--bfile /dcs04/lieber/shared/statsgen/LDSC/base/referencefiles/1000G_EUR_Phase3_plink/1000G.EUR.QC.11 \
--thin-annot  \
--annot ./out_SON_sexDE/chr.11.annot.gz \
--l2  

Beginning analysis at Mon Oct 27 23:38:29 2025
Read list of 493922 SNPs from /dcs04/lieber/shared/statsgen/LDSC/base/referencefiles/1000G_EUR_Phase3_plink/1000G.EUR.QC.11.bim
Read 1 annotations for 493922 SNPs from ./out_SON_sexDE/chr.11.annot.gz
Read list of 489 individuals from /dcs04/lieber/shared/statsgen/LDSC/base/referencefiles/1000G_EUR_Phase3_plink/1000G.EUR.QC.11.fam
Reading genotypes from /dcs04/lieber/shared/statsgen/LDSC/base/referencefiles/1000G_EUR_Phase3_plink/1000G.EUR.QC.11.bed
After filtering, 493922 SNPs remain
Estimating LD Score.
Reading list of 71092 SNPs for which to print LD Scores from /dcs04/lieber/shared/statsgen/LDSC/base/referencefiles/hapmap3_snps/hm.11.snp
After merging with --print-snps, LD Scores for 61027 SNPs will be printed.
Writing LD Scores for 61027 SNPs to ./out_SON_sexDE/chr.11.l2.ldscore.gz

Summary of LD Scores in ./out_SON_sexDE/chr.11.l2.ldscore.gz
         MAF        L2
mean  0.2389    5.0608
std   0.1430   19.3175
min   0.0051   -1.6334
25%   0.1145    0.0000
50%   0.2301    0.0000
75%   0.3609    0.1786
max   0.5000  297.3206

MAF/LD Score Correlation Matrix
        MAF      L2
MAF  1.0000  0.0608
L2   0.0608  1.0000

Annotation Correlation Matrix
       ANNOT
ANNOT    1.0

Annotation Matrix Column Sums
ANNOT    23953

Summary of Annotation Matrix Row Sums
count    493922.0000
mean          0.0485
std           0.2148
min           0.0000
25%           0.0000
50%           0.0000
75%           0.0000
max           1.0000
Analysis finished at Mon Oct 27 23:41:37 2025
Total time elapsed: 3.0m:7.36s
*********************************************************************
* LD Score Regression (LDSC)
* Version 1.0.1
* (C) 2014-2019 Brendan Bulik-Sullivan and Hilary Finucane
* Broad Institute of MIT and Harvard / MIT Department of Mathematics
* GNU General Public License v3
*********************************************************************
Call: 
./ldsc.py \
--print-snps /dcs04/lieber/shared/statsgen/LDSC/base/referencefiles/hapmap3_snps/hm.12.snp \
--ld-wind-cm 1.0 \
--out ./out_SON_sexDE/chr.12 \
--bfile /dcs04/lieber/shared/statsgen/LDSC/base/referencefiles/1000G_EUR_Phase3_plink/1000G.EUR.QC.12 \
--thin-annot  \
--annot ./out_SON_sexDE/chr.12.annot.gz \
--l2  

Beginning analysis at Mon Oct 27 23:41:37 2025
Read list of 480110 SNPs from /dcs04/lieber/shared/statsgen/LDSC/base/referencefiles/1000G_EUR_Phase3_plink/1000G.EUR.QC.12.bim
Read 1 annotations for 480110 SNPs from ./out_SON_sexDE/chr.12.annot.gz
Read list of 489 individuals from /dcs04/lieber/shared/statsgen/LDSC/base/referencefiles/1000G_EUR_Phase3_plink/1000G.EUR.QC.12.fam
Reading genotypes from /dcs04/lieber/shared/statsgen/LDSC/base/referencefiles/1000G_EUR_Phase3_plink/1000G.EUR.QC.12.bed
After filtering, 480110 SNPs remain
Estimating LD Score.
Reading list of 68635 SNPs for which to print LD Scores from /dcs04/lieber/shared/statsgen/LDSC/base/referencefiles/hapmap3_snps/hm.12.snp
After merging with --print-snps, LD Scores for 58127 SNPs will be printed.
Writing LD Scores for 58127 SNPs to ./out_SON_sexDE/chr.12.l2.ldscore.gz

Summary of LD Scores in ./out_SON_sexDE/chr.12.l2.ldscore.gz
         MAF        L2
mean  0.2320    2.1845
std   0.1438   12.1580
min   0.0051   -1.3155
25%   0.1063    0.0000
50%   0.2198    0.0000
75%   0.3548    0.0000
max   0.5000  156.8595

MAF/LD Score Correlation Matrix
        MAF      L2
MAF  1.0000  0.0048
L2   0.0048  1.0000

Annotation Correlation Matrix
       ANNOT
ANNOT    1.0

Annotation Matrix Column Sums
ANNOT    9870

Summary of Annotation Matrix Row Sums
count    480110.0000
mean          0.0206
std           0.1419
min           0.0000
25%           0.0000
50%           0.0000
75%           0.0000
max           1.0000
Analysis finished at Mon Oct 27 23:43:34 2025
Total time elapsed: 1.0m:56.72s
*********************************************************************
* LD Score Regression (LDSC)
* Version 1.0.1
* (C) 2014-2019 Brendan Bulik-Sullivan and Hilary Finucane
* Broad Institute of MIT and Harvard / MIT Department of Mathematics
* GNU General Public License v3
*********************************************************************
Call: 
./ldsc.py \
--print-snps /dcs04/lieber/shared/statsgen/LDSC/base/referencefiles/hapmap3_snps/hm.13.snp \
--ld-wind-cm 1.0 \
--out ./out_SON_sexDE/chr.13 \
--bfile /dcs04/lieber/shared/statsgen/LDSC/base/referencefiles/1000G_EUR_Phase3_plink/1000G.EUR.QC.13 \
--thin-annot  \
--annot ./out_SON_sexDE/chr.13.annot.gz \
--l2  

Beginning analysis at Mon Oct 27 23:43:35 2025
Read list of 366200 SNPs from /dcs04/lieber/shared/statsgen/LDSC/base/referencefiles/1000G_EUR_Phase3_plink/1000G.EUR.QC.13.bim
Read 1 annotations for 366200 SNPs from ./out_SON_sexDE/chr.13.annot.gz
Read list of 489 individuals from /dcs04/lieber/shared/statsgen/LDSC/base/referencefiles/1000G_EUR_Phase3_plink/1000G.EUR.QC.13.fam
Reading genotypes from /dcs04/lieber/shared/statsgen/LDSC/base/referencefiles/1000G_EUR_Phase3_plink/1000G.EUR.QC.13.bed
After filtering, 366200 SNPs remain
Estimating LD Score.
Reading list of 52010 SNPs for which to print LD Scores from /dcs04/lieber/shared/statsgen/LDSC/base/referencefiles/hapmap3_snps/hm.13.snp
After merging with --print-snps, LD Scores for 45136 SNPs will be printed.
Writing LD Scores for 45136 SNPs to ./out_SON_sexDE/chr.13.l2.ldscore.gz

Summary of LD Scores in ./out_SON_sexDE/chr.13.l2.ldscore.gz
         MAF        L2
mean  0.2329    2.8260
std   0.1436   17.6784
min   0.0051   -1.7081
25%   0.1063    0.0000
50%   0.2198    0.0000
75%   0.3548    0.0000
max   0.5000  349.6410

MAF/LD Score Correlation Matrix
       MAF     L2
MAF  1.000 -0.002
L2  -0.002  1.000

Annotation Correlation Matrix
       ANNOT
ANNOT    1.0

Annotation Matrix Column Sums
ANNOT    8680

Summary of Annotation Matrix Row Sums
count    366200.0000
mean          0.0237
std           0.1521
min           0.0000
25%           0.0000
50%           0.0000
75%           0.0000
max           1.0000
Analysis finished at Mon Oct 27 23:45:03 2025
Total time elapsed: 1.0m:28.37s
*********************************************************************
* LD Score Regression (LDSC)
* Version 1.0.1
* (C) 2014-2019 Brendan Bulik-Sullivan and Hilary Finucane
* Broad Institute of MIT and Harvard / MIT Department of Mathematics
* GNU General Public License v3
*********************************************************************
Call: 
./ldsc.py \
--print-snps /dcs04/lieber/shared/statsgen/LDSC/base/referencefiles/hapmap3_snps/hm.14.snp \
--ld-wind-cm 1.0 \
--out ./out_SON_sexDE/chr.14 \
--bfile /dcs04/lieber/shared/statsgen/LDSC/base/referencefiles/1000G_EUR_Phase3_plink/1000G.EUR.QC.14 \
--thin-annot  \
--annot ./out_SON_sexDE/chr.14.annot.gz \
--l2  

Beginning analysis at Mon Oct 27 23:45:04 2025
Read list of 324698 SNPs from /dcs04/lieber/shared/statsgen/LDSC/base/referencefiles/1000G_EUR_Phase3_plink/1000G.EUR.QC.14.bim
Read 1 annotations for 324698 SNPs from ./out_SON_sexDE/chr.14.annot.gz
Read list of 489 individuals from /dcs04/lieber/shared/statsgen/LDSC/base/referencefiles/1000G_EUR_Phase3_plink/1000G.EUR.QC.14.fam
Reading genotypes from /dcs04/lieber/shared/statsgen/LDSC/base/referencefiles/1000G_EUR_Phase3_plink/1000G.EUR.QC.14.bed
After filtering, 324698 SNPs remain
Estimating LD Score.
Reading list of 45556 SNPs for which to print LD Scores from /dcs04/lieber/shared/statsgen/LDSC/base/referencefiles/hapmap3_snps/hm.14.snp
After merging with --print-snps, LD Scores for 39504 SNPs will be printed.
Writing LD Scores for 39504 SNPs to ./out_SON_sexDE/chr.14.l2.ldscore.gz

Summary of LD Scores in ./out_SON_sexDE/chr.14.l2.ldscore.gz
         MAF        L2
mean  0.2308    2.3657
std   0.1432   15.0084
min   0.0051   -1.1974
25%   0.1053    0.0000
50%   0.2188    0.0000
75%   0.3497    0.0000
max   0.5000  199.1651

MAF/LD Score Correlation Matrix
        MAF      L2
MAF  1.0000  0.0086
L2   0.0086  1.0000

Annotation Correlation Matrix
       ANNOT
ANNOT    1.0

Annotation Matrix Column Sums
ANNOT    5707

Summary of Annotation Matrix Row Sums
count    324698.0000
mean          0.0176
std           0.1314
min           0.0000
25%           0.0000
50%           0.0000
75%           0.0000
max           1.0000
Analysis finished at Mon Oct 27 23:46:20 2025
Total time elapsed: 1.0m:16.03s
*********************************************************************
* LD Score Regression (LDSC)
* Version 1.0.1
* (C) 2014-2019 Brendan Bulik-Sullivan and Hilary Finucane
* Broad Institute of MIT and Harvard / MIT Department of Mathematics
* GNU General Public License v3
*********************************************************************
Call: 
./ldsc.py \
--print-snps /dcs04/lieber/shared/statsgen/LDSC/base/referencefiles/hapmap3_snps/hm.15.snp \
--ld-wind-cm 1.0 \
--out ./out_SON_sexDE/chr.15 \
--bfile /dcs04/lieber/shared/statsgen/LDSC/base/referencefiles/1000G_EUR_Phase3_plink/1000G.EUR.QC.15 \
--thin-annot  \
--annot ./out_SON_sexDE/chr.15.annot.gz \
--l2  

Beginning analysis at Mon Oct 27 23:46:20 2025
Read list of 287001 SNPs from /dcs04/lieber/shared/statsgen/LDSC/base/referencefiles/1000G_EUR_Phase3_plink/1000G.EUR.QC.15.bim
Read 1 annotations for 287001 SNPs from ./out_SON_sexDE/chr.15.annot.gz
Read list of 489 individuals from /dcs04/lieber/shared/statsgen/LDSC/base/referencefiles/1000G_EUR_Phase3_plink/1000G.EUR.QC.15.fam
Reading genotypes from /dcs04/lieber/shared/statsgen/LDSC/base/referencefiles/1000G_EUR_Phase3_plink/1000G.EUR.QC.15.bed
After filtering, 287001 SNPs remain
Estimating LD Score.
Reading list of 42410 SNPs for which to print LD Scores from /dcs04/lieber/shared/statsgen/LDSC/base/referencefiles/hapmap3_snps/hm.15.snp
After merging with --print-snps, LD Scores for 36291 SNPs will be printed.
Writing LD Scores for 36291 SNPs to ./out_SON_sexDE/chr.15.l2.ldscore.gz

Summary of LD Scores in ./out_SON_sexDE/chr.15.l2.ldscore.gz
         MAF        L2
mean  0.2363    4.1463
std   0.1452   17.0975
min   0.0051   -1.0666
25%   0.1084    0.0000
50%   0.2260    0.0000
75%   0.3630    0.0000
max   0.5000  165.2631

MAF/LD Score Correlation Matrix
        MAF      L2
MAF  1.0000 -0.0482
L2  -0.0482  1.0000

Annotation Correlation Matrix
       ANNOT
ANNOT    1.0

Annotation Matrix Column Sums
ANNOT    11104

Summary of Annotation Matrix Row Sums
count    287001.0000
mean          0.0387
std           0.1929
min           0.0000
25%           0.0000
50%           0.0000
75%           0.0000
max           1.0000
Analysis finished at Mon Oct 27 23:47:31 2025
Total time elapsed: 1.0m:10.58s
*********************************************************************
* LD Score Regression (LDSC)
* Version 1.0.1
* (C) 2014-2019 Brendan Bulik-Sullivan and Hilary Finucane
* Broad Institute of MIT and Harvard / MIT Department of Mathematics
* GNU General Public License v3
*********************************************************************
Call: 
./ldsc.py \
--print-snps /dcs04/lieber/shared/statsgen/LDSC/base/referencefiles/hapmap3_snps/hm.16.snp \
--ld-wind-cm 1.0 \
--out ./out_SON_sexDE/chr.16 \
--bfile /dcs04/lieber/shared/statsgen/LDSC/base/referencefiles/1000G_EUR_Phase3_plink/1000G.EUR.QC.16 \
--thin-annot  \
--annot ./out_SON_sexDE/chr.16.annot.gz \
--l2  

Beginning analysis at Mon Oct 27 23:47:31 2025
Read list of 316981 SNPs from /dcs04/lieber/shared/statsgen/LDSC/base/referencefiles/1000G_EUR_Phase3_plink/1000G.EUR.QC.16.bim
Read 1 annotations for 316981 SNPs from ./out_SON_sexDE/chr.16.annot.gz
Read list of 489 individuals from /dcs04/lieber/shared/statsgen/LDSC/base/referencefiles/1000G_EUR_Phase3_plink/1000G.EUR.QC.16.fam
Reading genotypes from /dcs04/lieber/shared/statsgen/LDSC/base/referencefiles/1000G_EUR_Phase3_plink/1000G.EUR.QC.16.bed
After filtering, 316981 SNPs remain
Estimating LD Score.
Reading list of 44710 SNPs for which to print LD Scores from /dcs04/lieber/shared/statsgen/LDSC/base/referencefiles/hapmap3_snps/hm.16.snp
After merging with --print-snps, LD Scores for 37656 SNPs will be printed.
Writing LD Scores for 37656 SNPs to ./out_SON_sexDE/chr.16.l2.ldscore.gz

Summary of LD Scores in ./out_SON_sexDE/chr.16.l2.ldscore.gz
         MAF        L2
mean  0.2370    4.1788
std   0.1437   19.8967
min   0.0051   -1.2128
25%   0.1115    0.0000
50%   0.2290    0.0000
75%   0.3589    0.0000
max   0.5000  218.4445

MAF/LD Score Correlation Matrix
       MAF     L2
MAF  1.000  0.032
L2   0.032  1.000

Annotation Correlation Matrix
       ANNOT
ANNOT    1.0

Annotation Matrix Column Sums
ANNOT    12216

Summary of Annotation Matrix Row Sums
count    316981.0000
mean          0.0385
std           0.1925
min           0.0000
25%           0.0000
50%           0.0000
75%           0.0000
max           1.0000
Analysis finished at Mon Oct 27 23:48:52 2025
Total time elapsed: 1.0m:20.43s
*********************************************************************
* LD Score Regression (LDSC)
* Version 1.0.1
* (C) 2014-2019 Brendan Bulik-Sullivan and Hilary Finucane
* Broad Institute of MIT and Harvard / MIT Department of Mathematics
* GNU General Public License v3
*********************************************************************
Call: 
./ldsc.py \
--print-snps /dcs04/lieber/shared/statsgen/LDSC/base/referencefiles/hapmap3_snps/hm.17.snp \
--ld-wind-cm 1.0 \
--out ./out_SON_sexDE/chr.17 \
--bfile /dcs04/lieber/shared/statsgen/LDSC/base/referencefiles/1000G_EUR_Phase3_plink/1000G.EUR.QC.17 \
--thin-annot  \
--annot ./out_SON_sexDE/chr.17.annot.gz \
--l2  

Beginning analysis at Mon Oct 27 23:48:53 2025
Read list of 269222 SNPs from /dcs04/lieber/shared/statsgen/LDSC/base/referencefiles/1000G_EUR_Phase3_plink/1000G.EUR.QC.17.bim
Read 1 annotations for 269222 SNPs from ./out_SON_sexDE/chr.17.annot.gz
Read list of 489 individuals from /dcs04/lieber/shared/statsgen/LDSC/base/referencefiles/1000G_EUR_Phase3_plink/1000G.EUR.QC.17.fam
Reading genotypes from /dcs04/lieber/shared/statsgen/LDSC/base/referencefiles/1000G_EUR_Phase3_plink/1000G.EUR.QC.17.bed
After filtering, 269222 SNPs remain
Estimating LD Score.
Reading list of 38396 SNPs for which to print LD Scores from /dcs04/lieber/shared/statsgen/LDSC/base/referencefiles/hapmap3_snps/hm.17.snp
After merging with --print-snps, LD Scores for 32315 SNPs will be printed.
Writing LD Scores for 32315 SNPs to ./out_SON_sexDE/chr.17.l2.ldscore.gz

Summary of LD Scores in ./out_SON_sexDE/chr.17.l2.ldscore.gz
         MAF        L2
mean  0.2414    3.5925
std   0.1449   19.6038
min   0.0051   -1.0862
25%   0.1135    0.0000
50%   0.2352    0.0000
75%   0.3671    0.0000
max   0.5000  359.2238

MAF/LD Score Correlation Matrix
        MAF      L2
MAF  1.0000  0.0802
L2   0.0802  1.0000

Annotation Correlation Matrix
       ANNOT
ANNOT    1.0

Annotation Matrix Column Sums
ANNOT    9128

Summary of Annotation Matrix Row Sums
count    269222.0000
mean          0.0339
std           0.1810
min           0.0000
25%           0.0000
50%           0.0000
75%           0.0000
max           1.0000
Analysis finished at Mon Oct 27 23:49:56 2025
Total time elapsed: 1.0m:3.27s
*********************************************************************
* LD Score Regression (LDSC)
* Version 1.0.1
* (C) 2014-2019 Brendan Bulik-Sullivan and Hilary Finucane
* Broad Institute of MIT and Harvard / MIT Department of Mathematics
* GNU General Public License v3
*********************************************************************
Call: 
./ldsc.py \
--print-snps /dcs04/lieber/shared/statsgen/LDSC/base/referencefiles/hapmap3_snps/hm.18.snp \
--ld-wind-cm 1.0 \
--out ./out_SON_sexDE/chr.18 \
--bfile /dcs04/lieber/shared/statsgen/LDSC/base/referencefiles/1000G_EUR_Phase3_plink/1000G.EUR.QC.18 \
--thin-annot  \
--annot ./out_SON_sexDE/chr.18.annot.gz \
--l2  

Beginning analysis at Mon Oct 27 23:49:56 2025
Read list of 285156 SNPs from /dcs04/lieber/shared/statsgen/LDSC/base/referencefiles/1000G_EUR_Phase3_plink/1000G.EUR.QC.18.bim
Read 1 annotations for 285156 SNPs from ./out_SON_sexDE/chr.18.annot.gz
Read list of 489 individuals from /dcs04/lieber/shared/statsgen/LDSC/base/referencefiles/1000G_EUR_Phase3_plink/1000G.EUR.QC.18.fam
Reading genotypes from /dcs04/lieber/shared/statsgen/LDSC/base/referencefiles/1000G_EUR_Phase3_plink/1000G.EUR.QC.18.bed
After filtering, 285156 SNPs remain
Estimating LD Score.
Reading list of 40891 SNPs for which to print LD Scores from /dcs04/lieber/shared/statsgen/LDSC/base/referencefiles/hapmap3_snps/hm.18.snp
After merging with --print-snps, LD Scores for 35326 SNPs will be printed.
Writing LD Scores for 35326 SNPs to ./out_SON_sexDE/chr.18.l2.ldscore.gz

Summary of LD Scores in ./out_SON_sexDE/chr.18.l2.ldscore.gz
         MAF        L2
mean  0.2356    2.7495
std   0.1434   16.4599
min   0.0051   -1.4793
25%   0.1094    0.0000
50%   0.2249    0.0000
75%   0.3569    0.0000
max   0.5000  234.2493

MAF/LD Score Correlation Matrix
       MAF     L2
MAF  1.000 -0.031
L2  -0.031  1.000

Annotation Correlation Matrix
       ANNOT
ANNOT    1.0

Annotation Matrix Column Sums
ANNOT    6704

Summary of Annotation Matrix Row Sums
count    285156.0000
mean          0.0235
std           0.1515
min           0.0000
25%           0.0000
50%           0.0000
75%           0.0000
max           1.0000
Analysis finished at Mon Oct 27 23:50:59 2025
Total time elapsed: 1.0m:2.37s
*********************************************************************
* LD Score Regression (LDSC)
* Version 1.0.1
* (C) 2014-2019 Brendan Bulik-Sullivan and Hilary Finucane
* Broad Institute of MIT and Harvard / MIT Department of Mathematics
* GNU General Public License v3
*********************************************************************
Call: 
./ldsc.py \
--print-snps /dcs04/lieber/shared/statsgen/LDSC/base/referencefiles/hapmap3_snps/hm.19.snp \
--ld-wind-cm 1.0 \
--out ./out_SON_sexDE/chr.19 \
--bfile /dcs04/lieber/shared/statsgen/LDSC/base/referencefiles/1000G_EUR_Phase3_plink/1000G.EUR.QC.19 \
--thin-annot  \
--annot ./out_SON_sexDE/chr.19.annot.gz \
--l2  

Beginning analysis at Mon Oct 27 23:50:59 2025
Read list of 232363 SNPs from /dcs04/lieber/shared/statsgen/LDSC/base/referencefiles/1000G_EUR_Phase3_plink/1000G.EUR.QC.19.bim
Read 1 annotations for 232363 SNPs from ./out_SON_sexDE/chr.19.annot.gz
Read list of 489 individuals from /dcs04/lieber/shared/statsgen/LDSC/base/referencefiles/1000G_EUR_Phase3_plink/1000G.EUR.QC.19.fam
Reading genotypes from /dcs04/lieber/shared/statsgen/LDSC/base/referencefiles/1000G_EUR_Phase3_plink/1000G.EUR.QC.19.bed
After filtering, 232363 SNPs remain
Estimating LD Score.
Reading list of 26259 SNPs for which to print LD Scores from /dcs04/lieber/shared/statsgen/LDSC/base/referencefiles/hapmap3_snps/hm.19.snp
After merging with --print-snps, LD Scores for 21991 SNPs will be printed.
Writing LD Scores for 21991 SNPs to ./out_SON_sexDE/chr.19.l2.ldscore.gz

Summary of LD Scores in ./out_SON_sexDE/chr.19.l2.ldscore.gz
         MAF        L2
mean  0.2369    5.6973
std   0.1428   16.9676
min   0.0051   -1.2684
25%   0.1125    0.0000
50%   0.2331    0.0000
75%   0.3569    0.9196
max   0.5000  157.0071

MAF/LD Score Correlation Matrix
        MAF      L2
MAF  1.0000  0.0444
L2   0.0444  1.0000

Annotation Correlation Matrix
       ANNOT
ANNOT    1.0

Annotation Matrix Column Sums
ANNOT    21191

Summary of Annotation Matrix Row Sums
count    232363.0000
mean          0.0912
std           0.2879
min           0.0000
25%           0.0000
50%           0.0000
75%           0.0000
max           1.0000
Analysis finished at Mon Oct 27 23:52:00 2025
Total time elapsed: 1.0m:0.52s
*********************************************************************
* LD Score Regression (LDSC)
* Version 1.0.1
* (C) 2014-2019 Brendan Bulik-Sullivan and Hilary Finucane
* Broad Institute of MIT and Harvard / MIT Department of Mathematics
* GNU General Public License v3
*********************************************************************
Call: 
./ldsc.py \
--print-snps /dcs04/lieber/shared/statsgen/LDSC/base/referencefiles/hapmap3_snps/hm.20.snp \
--ld-wind-cm 1.0 \
--out ./out_SON_sexDE/chr.20 \
--bfile /dcs04/lieber/shared/statsgen/LDSC/base/referencefiles/1000G_EUR_Phase3_plink/1000G.EUR.QC.20 \
--thin-annot  \
--annot ./out_SON_sexDE/chr.20.annot.gz \
--l2  

Beginning analysis at Mon Oct 27 23:52:00 2025
Read list of 221626 SNPs from /dcs04/lieber/shared/statsgen/LDSC/base/referencefiles/1000G_EUR_Phase3_plink/1000G.EUR.QC.20.bim
Read 1 annotations for 221626 SNPs from ./out_SON_sexDE/chr.20.annot.gz
Read list of 489 individuals from /dcs04/lieber/shared/statsgen/LDSC/base/referencefiles/1000G_EUR_Phase3_plink/1000G.EUR.QC.20.fam
Reading genotypes from /dcs04/lieber/shared/statsgen/LDSC/base/referencefiles/1000G_EUR_Phase3_plink/1000G.EUR.QC.20.bed
After filtering, 221626 SNPs remain
Estimating LD Score.
Reading list of 36301 SNPs for which to print LD Scores from /dcs04/lieber/shared/statsgen/LDSC/base/referencefiles/hapmap3_snps/hm.20.snp
After merging with --print-snps, LD Scores for 31359 SNPs will be printed.
Writing LD Scores for 31359 SNPs to ./out_SON_sexDE/chr.20.l2.ldscore.gz

Summary of LD Scores in ./out_SON_sexDE/chr.20.l2.ldscore.gz
         MAF        L2
mean  0.2336    3.5288
std   0.1437   16.0542
min   0.0051   -1.1090
25%   0.1063    0.0000
50%   0.2219    0.0000
75%   0.3569    0.0000
max   0.5000  227.5960

MAF/LD Score Correlation Matrix
        MAF      L2
MAF  1.0000  0.0525
L2   0.0525  1.0000

Annotation Correlation Matrix
       ANNOT
ANNOT    1.0

Annotation Matrix Column Sums
ANNOT    8019

Summary of Annotation Matrix Row Sums
count    221626.0000
mean          0.0362
std           0.1867
min           0.0000
25%           0.0000
50%           0.0000
75%           0.0000
max           1.0000
Analysis finished at Mon Oct 27 23:52:52 2025
Total time elapsed: 51.38s
*********************************************************************
* LD Score Regression (LDSC)
* Version 1.0.1
* (C) 2014-2019 Brendan Bulik-Sullivan and Hilary Finucane
* Broad Institute of MIT and Harvard / MIT Department of Mathematics
* GNU General Public License v3
*********************************************************************
Call: 
./ldsc.py \
--print-snps /dcs04/lieber/shared/statsgen/LDSC/base/referencefiles/hapmap3_snps/hm.21.snp \
--ld-wind-cm 1.0 \
--out ./out_SON_sexDE/chr.21 \
--bfile /dcs04/lieber/shared/statsgen/LDSC/base/referencefiles/1000G_EUR_Phase3_plink/1000G.EUR.QC.21 \
--thin-annot  \
--annot ./out_SON_sexDE/chr.21.annot.gz \
--l2  

Beginning analysis at Mon Oct 27 23:52:52 2025
Read list of 138712 SNPs from /dcs04/lieber/shared/statsgen/LDSC/base/referencefiles/1000G_EUR_Phase3_plink/1000G.EUR.QC.21.bim
Read 1 annotations for 138712 SNPs from ./out_SON_sexDE/chr.21.annot.gz
Read list of 489 individuals from /dcs04/lieber/shared/statsgen/LDSC/base/referencefiles/1000G_EUR_Phase3_plink/1000G.EUR.QC.21.fam
Reading genotypes from /dcs04/lieber/shared/statsgen/LDSC/base/referencefiles/1000G_EUR_Phase3_plink/1000G.EUR.QC.21.bed
After filtering, 138712 SNPs remain
Estimating LD Score.
Reading list of 19331 SNPs for which to print LD Scores from /dcs04/lieber/shared/statsgen/LDSC/base/referencefiles/hapmap3_snps/hm.21.snp
After merging with --print-snps, LD Scores for 16993 SNPs will be printed.
Writing LD Scores for 16993 SNPs to ./out_SON_sexDE/chr.21.l2.ldscore.gz

Summary of LD Scores in ./out_SON_sexDE/chr.21.l2.ldscore.gz
         MAF        L2
mean  0.2398    2.5948
std   0.1429   14.6162
min   0.0051   -1.2302
25%   0.1155    0.0000
50%   0.2290    0.0000
75%   0.3640    0.0000
max   0.5000  181.9411

MAF/LD Score Correlation Matrix
        MAF      L2
MAF  1.0000  0.0268
L2   0.0268  1.0000

Annotation Correlation Matrix
       ANNOT
ANNOT    1.0

Annotation Matrix Column Sums
ANNOT    2918

Summary of Annotation Matrix Row Sums
count    138712.0000
mean          0.0210
std           0.1435
min           0.0000
25%           0.0000
50%           0.0000
75%           0.0000
max           1.0000
Analysis finished at Mon Oct 27 23:53:20 2025
Total time elapsed: 27.33s
*********************************************************************
* LD Score Regression (LDSC)
* Version 1.0.1
* (C) 2014-2019 Brendan Bulik-Sullivan and Hilary Finucane
* Broad Institute of MIT and Harvard / MIT Department of Mathematics
* GNU General Public License v3
*********************************************************************
Call: 
./ldsc.py \
--print-snps /dcs04/lieber/shared/statsgen/LDSC/base/referencefiles/hapmap3_snps/hm.22.snp \
--ld-wind-cm 1.0 \
--out ./out_SON_sexDE/chr.22 \
--bfile /dcs04/lieber/shared/statsgen/LDSC/base/referencefiles/1000G_EUR_Phase3_plink/1000G.EUR.QC.22 \
--thin-annot  \
--annot ./out_SON_sexDE/chr.22.annot.gz \
--l2  

Beginning analysis at Mon Oct 27 23:53:20 2025
Read list of 141123 SNPs from /dcs04/lieber/shared/statsgen/LDSC/base/referencefiles/1000G_EUR_Phase3_plink/1000G.EUR.QC.22.bim
Read 1 annotations for 141123 SNPs from ./out_SON_sexDE/chr.22.annot.gz
Read list of 489 individuals from /dcs04/lieber/shared/statsgen/LDSC/base/referencefiles/1000G_EUR_Phase3_plink/1000G.EUR.QC.22.fam
Reading genotypes from /dcs04/lieber/shared/statsgen/LDSC/base/referencefiles/1000G_EUR_Phase3_plink/1000G.EUR.QC.22.bed
After filtering, 141123 SNPs remain
Estimating LD Score.
Reading list of 20106 SNPs for which to print LD Scores from /dcs04/lieber/shared/statsgen/LDSC/base/referencefiles/hapmap3_snps/hm.22.snp
After merging with --print-snps, LD Scores for 17261 SNPs will be printed.
Writing LD Scores for 17261 SNPs to ./out_SON_sexDE/chr.22.l2.ldscore.gz

Summary of LD Scores in ./out_SON_sexDE/chr.22.l2.ldscore.gz
         MAF        L2
mean  0.2359    4.2298
std   0.1442   18.6867
min   0.0051   -1.0761
25%   0.1084    0.0000
50%   0.2280    0.0000
75%   0.3579    0.0000
max   0.5000  236.0447

MAF/LD Score Correlation Matrix
        MAF      L2
MAF  1.0000  0.0247
L2   0.0247  1.0000

Annotation Correlation Matrix
       ANNOT
ANNOT    1.0

Annotation Matrix Column Sums
ANNOT    5245

Summary of Annotation Matrix Row Sums
count    141123.0000
mean          0.0372
std           0.1892
min           0.0000
25%           0.0000
50%           0.0000
75%           0.0000
max           1.0000
Analysis finished at Mon Oct 27 23:53:53 2025
Total time elapsed: 32.45s
*********************************************************************
* LD Score Regression (LDSC)
* Version 1.0.1
* (C) 2014-2019 Brendan Bulik-Sullivan and Hilary Finucane
* Broad Institute of MIT and Harvard / MIT Department of Mathematics
* GNU General Public License v3
*********************************************************************
Call: 
./ldsc.py \
--print-snps /dcs04/lieber/shared/statsgen/LDSC/base/referencefiles/hapmap3_snps/hm.1.snp \
--ld-wind-cm 1.0 \
--out ./out_vARC_mk/chr.1 \
--bfile /dcs04/lieber/shared/statsgen/LDSC/base/referencefiles/1000G_EUR_Phase3_plink/1000G.EUR.QC.1 \
--thin-annot  \
--annot ./out_vARC_mk/chr.1.annot.gz \
--l2  

Beginning analysis at Mon Oct 27 23:53:53 2025
Read list of 779354 SNPs from /dcs04/lieber/shared/statsgen/LDSC/base/referencefiles/1000G_EUR_Phase3_plink/1000G.EUR.QC.1.bim
Read 1 annotations for 779354 SNPs from ./out_vARC_mk/chr.1.annot.gz
Read list of 489 individuals from /dcs04/lieber/shared/statsgen/LDSC/base/referencefiles/1000G_EUR_Phase3_plink/1000G.EUR.QC.1.fam
Reading genotypes from /dcs04/lieber/shared/statsgen/LDSC/base/referencefiles/1000G_EUR_Phase3_plink/1000G.EUR.QC.1.bed
After filtering, 779354 SNPs remain
Estimating LD Score.
Reading list of 116564 SNPs for which to print LD Scores from /dcs04/lieber/shared/statsgen/LDSC/base/referencefiles/hapmap3_snps/hm.1.snp
After merging with --print-snps, LD Scores for 98690 SNPs will be printed.
Writing LD Scores for 98690 SNPs to ./out_vARC_mk/chr.1.l2.ldscore.gz

Summary of LD Scores in ./out_vARC_mk/chr.1.l2.ldscore.gz
         MAF        L2
mean  0.2329    6.3054
std   0.1442   21.9098
min   0.0051   -1.5464
25%   0.1056    0.0000
50%   0.2219    0.0000
75%   0.3548    0.7215
max   0.5000  291.1070

MAF/LD Score Correlation Matrix
        MAF      L2
MAF  1.0000  0.0131
L2   0.0131  1.0000

Annotation Correlation Matrix
       ANNOT
ANNOT    1.0

Annotation Matrix Column Sums
ANNOT    44726

Summary of Annotation Matrix Row Sums
count    779354.0000
mean          0.0574
std           0.2326
min           0.0000
25%           0.0000
50%           0.0000
75%           0.0000
max           1.0000
Analysis finished at Mon Oct 27 23:57:26 2025
Total time elapsed: 3.0m:32.79s
*********************************************************************
* LD Score Regression (LDSC)
* Version 1.0.1
* (C) 2014-2019 Brendan Bulik-Sullivan and Hilary Finucane
* Broad Institute of MIT and Harvard / MIT Department of Mathematics
* GNU General Public License v3
*********************************************************************
Call: 
./ldsc.py \
--print-snps /dcs04/lieber/shared/statsgen/LDSC/base/referencefiles/hapmap3_snps/hm.2.snp \
--ld-wind-cm 1.0 \
--out ./out_vARC_mk/chr.2 \
--bfile /dcs04/lieber/shared/statsgen/LDSC/base/referencefiles/1000G_EUR_Phase3_plink/1000G.EUR.QC.2 \
--thin-annot  \
--annot ./out_vARC_mk/chr.2.annot.gz \
--l2  

Beginning analysis at Mon Oct 27 23:57:27 2025
Read list of 839590 SNPs from /dcs04/lieber/shared/statsgen/LDSC/base/referencefiles/1000G_EUR_Phase3_plink/1000G.EUR.QC.2.bim
Read 1 annotations for 839590 SNPs from ./out_vARC_mk/chr.2.annot.gz
Read list of 489 individuals from /dcs04/lieber/shared/statsgen/LDSC/base/referencefiles/1000G_EUR_Phase3_plink/1000G.EUR.QC.2.fam
Reading genotypes from /dcs04/lieber/shared/statsgen/LDSC/base/referencefiles/1000G_EUR_Phase3_plink/1000G.EUR.QC.2.bed
After filtering, 839590 SNPs remain
Estimating LD Score.
Reading list of 116575 SNPs for which to print LD Scores from /dcs04/lieber/shared/statsgen/LDSC/base/referencefiles/hapmap3_snps/hm.2.snp
After merging with --print-snps, LD Scores for 100038 SNPs will be printed.
Writing LD Scores for 100038 SNPs to ./out_vARC_mk/chr.2.l2.ldscore.gz

Summary of LD Scores in ./out_vARC_mk/chr.2.l2.ldscore.gz
         MAF        L2
mean  0.2371    6.9181
std   0.1439   24.7325
min   0.0051   -1.5852
25%   0.1115    0.0000
50%   0.2280    0.0000
75%   0.3609    0.5908
max   0.5000  293.1519

MAF/LD Score Correlation Matrix
        MAF      L2
MAF  1.0000  0.0143
L2   0.0143  1.0000

Annotation Correlation Matrix
       ANNOT
ANNOT    1.0

Annotation Matrix Column Sums
ANNOT    43704

Summary of Annotation Matrix Row Sums
count    839590.0000
mean          0.0521
std           0.2221
min           0.0000
25%           0.0000
50%           0.0000
75%           0.0000
max           1.0000
Analysis finished at Tue Oct 28 00:01:27 2025
Total time elapsed: 4.0m:0.5s
*********************************************************************
* LD Score Regression (LDSC)
* Version 1.0.1
* (C) 2014-2019 Brendan Bulik-Sullivan and Hilary Finucane
* Broad Institute of MIT and Harvard / MIT Department of Mathematics
* GNU General Public License v3
*********************************************************************
Call: 
./ldsc.py \
--print-snps /dcs04/lieber/shared/statsgen/LDSC/base/referencefiles/hapmap3_snps/hm.3.snp \
--ld-wind-cm 1.0 \
--out ./out_vARC_mk/chr.3 \
--bfile /dcs04/lieber/shared/statsgen/LDSC/base/referencefiles/1000G_EUR_Phase3_plink/1000G.EUR.QC.3 \
--thin-annot  \
--annot ./out_vARC_mk/chr.3.annot.gz \
--l2  

Beginning analysis at Tue Oct 28 00:01:28 2025
Read list of 706350 SNPs from /dcs04/lieber/shared/statsgen/LDSC/base/referencefiles/1000G_EUR_Phase3_plink/1000G.EUR.QC.3.bim
Read 1 annotations for 706350 SNPs from ./out_vARC_mk/chr.3.annot.gz
Read list of 489 individuals from /dcs04/lieber/shared/statsgen/LDSC/base/referencefiles/1000G_EUR_Phase3_plink/1000G.EUR.QC.3.fam
Reading genotypes from /dcs04/lieber/shared/statsgen/LDSC/base/referencefiles/1000G_EUR_Phase3_plink/1000G.EUR.QC.3.bed
After filtering, 706350 SNPs remain
Estimating LD Score.
Reading list of 96664 SNPs for which to print LD Scores from /dcs04/lieber/shared/statsgen/LDSC/base/referencefiles/hapmap3_snps/hm.3.snp
After merging with --print-snps, LD Scores for 83286 SNPs will be printed.
Writing LD Scores for 83286 SNPs to ./out_vARC_mk/chr.3.l2.ldscore.gz

Summary of LD Scores in ./out_vARC_mk/chr.3.l2.ldscore.gz
         MAF        L2
mean  0.2395    8.7881
std   0.1436   31.7986
min   0.0051   -2.3939
25%   0.1145    0.0000
50%   0.2311    0.0000
75%   0.3630    0.7080
max   0.5000  504.0127

MAF/LD Score Correlation Matrix
        MAF      L2
MAF  1.0000  0.0461
L2   0.0461  1.0000

Annotation Correlation Matrix
       ANNOT
ANNOT    1.0

Annotation Matrix Column Sums
ANNOT    38252

Summary of Annotation Matrix Row Sums
count    706350.0000
mean          0.0542
std           0.2263
min           0.0000
25%           0.0000
50%           0.0000
75%           0.0000
max           1.0000
Analysis finished at Tue Oct 28 00:05:16 2025
Total time elapsed: 3.0m:48.79s
*********************************************************************
* LD Score Regression (LDSC)
* Version 1.0.1
* (C) 2014-2019 Brendan Bulik-Sullivan and Hilary Finucane
* Broad Institute of MIT and Harvard / MIT Department of Mathematics
* GNU General Public License v3
*********************************************************************
Call: 
./ldsc.py \
--print-snps /dcs04/lieber/shared/statsgen/LDSC/base/referencefiles/hapmap3_snps/hm.4.snp \
--ld-wind-cm 1.0 \
--out ./out_vARC_mk/chr.4 \
--bfile /dcs04/lieber/shared/statsgen/LDSC/base/referencefiles/1000G_EUR_Phase3_plink/1000G.EUR.QC.4 \
--thin-annot  \
--annot ./out_vARC_mk/chr.4.annot.gz \
--l2  

Beginning analysis at Tue Oct 28 00:05:17 2025
Read list of 729645 SNPs from /dcs04/lieber/shared/statsgen/LDSC/base/referencefiles/1000G_EUR_Phase3_plink/1000G.EUR.QC.4.bim
Read 1 annotations for 729645 SNPs from ./out_vARC_mk/chr.4.annot.gz
Read list of 489 individuals from /dcs04/lieber/shared/statsgen/LDSC/base/referencefiles/1000G_EUR_Phase3_plink/1000G.EUR.QC.4.fam
Reading genotypes from /dcs04/lieber/shared/statsgen/LDSC/base/referencefiles/1000G_EUR_Phase3_plink/1000G.EUR.QC.4.bed
After filtering, 729645 SNPs remain
Estimating LD Score.
Reading list of 85881 SNPs for which to print LD Scores from /dcs04/lieber/shared/statsgen/LDSC/base/referencefiles/hapmap3_snps/hm.4.snp
After merging with --print-snps, LD Scores for 74259 SNPs will be printed.
Writing LD Scores for 74259 SNPs to ./out_vARC_mk/chr.4.l2.ldscore.gz

Summary of LD Scores in ./out_vARC_mk/chr.4.l2.ldscore.gz
         MAF        L2
mean  0.2367    5.3122
std   0.1431   26.5119
min   0.0051   -1.6551
25%   0.1115    0.0000
50%   0.2301    0.0000
75%   0.3579    0.0000
max   0.5000  466.8867

MAF/LD Score Correlation Matrix
        MAF      L2
MAF  1.0000  0.0365
L2   0.0365  1.0000

Annotation Correlation Matrix
       ANNOT
ANNOT    1.0

Annotation Matrix Column Sums
ANNOT    24794

Summary of Annotation Matrix Row Sums
count    729645.0000
mean          0.0340
std           0.1812
min           0.0000
25%           0.0000
50%           0.0000
75%           0.0000
max           1.0000
Analysis finished at Tue Oct 28 00:08:37 2025
Total time elapsed: 3.0m:19.97s
**** Job ends ****
Tue Oct 28 12:08:37 AM EDT 2025
